[2025-03-19T16:23:01.170+0000] {local_task_job_runner.py:123} INFO - ::group::Pre task execution logs
[2025-03-19T16:23:01.236+0000] {taskinstance.py:2614} INFO - Dependencies all met for dep_context=non-requeueable deps ti=<TaskInstance: pyspark_etl_pipeline.gold_ingestion manual__2025-03-19T05:14:09.222928+00:00 [queued]>
[2025-03-19T16:23:01.259+0000] {taskinstance.py:2614} INFO - Dependencies all met for dep_context=requeueable deps ti=<TaskInstance: pyspark_etl_pipeline.gold_ingestion manual__2025-03-19T05:14:09.222928+00:00 [queued]>
[2025-03-19T16:23:01.260+0000] {taskinstance.py:2867} INFO - Starting attempt 5 of 6
[2025-03-19T16:23:01.303+0000] {taskinstance.py:2890} INFO - Executing <Task(BashOperator): gold_ingestion> on 2025-03-19 05:14:09.222928+00:00
[2025-03-19T16:23:01.324+0000] {standard_task_runner.py:104} INFO - Running: ['***', 'tasks', 'run', 'pyspark_etl_pipeline', 'gold_ingestion', 'manual__2025-03-19T05:14:09.222928+00:00', '--job-id', '156', '--raw', '--subdir', 'DAGS_FOLDER/dag_pipeline.py', '--cfg-path', '/tmp/tmpgez739r3']
[2025-03-19T16:23:01.329+0000] {standard_task_runner.py:105} INFO - Job 156: Subtask gold_ingestion
[2025-03-19T16:23:01.333+0000] {logging_mixin.py:190} WARNING - /home/***/.local/lib/python3.12/site-packages/***/task/task_runner/standard_task_runner.py:70 DeprecationWarning: This process (pid=2497) is multi-threaded, use of fork() may lead to deadlocks in the child.
[2025-03-19T16:23:01.335+0000] {standard_task_runner.py:72} INFO - Started process 2501 to run task
[2025-03-19T16:23:01.488+0000] {task_command.py:467} INFO - Running <TaskInstance: pyspark_etl_pipeline.gold_ingestion manual__2025-03-19T05:14:09.222928+00:00 [running]> on host e20319ba40e1
[2025-03-19T16:23:01.700+0000] {taskinstance.py:3134} INFO - Exporting env vars: AIRFLOW_CTX_DAG_EMAIL='caiovos@hotmail.com' AIRFLOW_CTX_DAG_OWNER='***' AIRFLOW_CTX_DAG_ID='pyspark_etl_pipeline' AIRFLOW_CTX_TASK_ID='gold_ingestion' AIRFLOW_CTX_EXECUTION_DATE='2025-03-19T05:14:09.222928+00:00' AIRFLOW_CTX_TRY_NUMBER='5' AIRFLOW_CTX_DAG_RUN_ID='manual__2025-03-19T05:14:09.222928+00:00'
[2025-03-19T16:23:01.701+0000] {taskinstance.py:732} INFO - ::endgroup::
[2025-03-19T16:23:01.733+0000] {subprocess.py:78} INFO - Tmp dir root location: /tmp
[2025-03-19T16:23:01.735+0000] {subprocess.py:88} INFO - Running command: ['/usr/bin/bash', '-c', 'spark-submit --master local /opt/***/dags/gold_ingestion.py']
[2025-03-19T16:23:01.756+0000] {subprocess.py:99} INFO - Output:
[2025-03-19T16:23:10.224+0000] {subprocess.py:106} INFO - 25/03/19 16:23:10 INFO SparkContext: Running Spark version 3.5.5
[2025-03-19T16:23:10.227+0000] {subprocess.py:106} INFO - 25/03/19 16:23:10 INFO SparkContext: OS info Linux, 6.12.5-linuxkit, amd64
[2025-03-19T16:23:10.228+0000] {subprocess.py:106} INFO - 25/03/19 16:23:10 INFO SparkContext: Java version 17.0.14
[2025-03-19T16:23:10.314+0000] {subprocess.py:106} INFO - 25/03/19 16:23:10 WARN NativeCodeLoader: Unable to load native-hadoop library for your platform... using builtin-java classes where applicable
[2025-03-19T16:23:10.487+0000] {subprocess.py:106} INFO - 25/03/19 16:23:10 INFO ResourceUtils: ==============================================================
[2025-03-19T16:23:10.491+0000] {subprocess.py:106} INFO - 25/03/19 16:23:10 INFO ResourceUtils: No custom resources configured for spark.driver.
[2025-03-19T16:23:10.494+0000] {subprocess.py:106} INFO - 25/03/19 16:23:10 INFO ResourceUtils: ==============================================================
[2025-03-19T16:23:10.495+0000] {subprocess.py:106} INFO - 25/03/19 16:23:10 INFO SparkContext: Submitted application: GoldLayer
[2025-03-19T16:23:10.559+0000] {subprocess.py:106} INFO - 25/03/19 16:23:10 INFO ResourceProfile: Default ResourceProfile created, executor resources: Map(cores -> name: cores, amount: 1, script: , vendor: , memory -> name: memory, amount: 1024, script: , vendor: , offHeap -> name: offHeap, amount: 0, script: , vendor: ), task resources: Map(cpus -> name: cpus, amount: 1.0)
[2025-03-19T16:23:10.582+0000] {subprocess.py:106} INFO - 25/03/19 16:23:10 INFO ResourceProfile: Limiting resource is cpu
[2025-03-19T16:23:10.586+0000] {subprocess.py:106} INFO - 25/03/19 16:23:10 INFO ResourceProfileManager: Added ResourceProfile id: 0
[2025-03-19T16:23:10.729+0000] {subprocess.py:106} INFO - 25/03/19 16:23:10 INFO SecurityManager: Changing view acls to: default
[2025-03-19T16:23:10.732+0000] {subprocess.py:106} INFO - 25/03/19 16:23:10 INFO SecurityManager: Changing modify acls to: default
[2025-03-19T16:23:10.733+0000] {subprocess.py:106} INFO - 25/03/19 16:23:10 INFO SecurityManager: Changing view acls groups to:
[2025-03-19T16:23:10.735+0000] {subprocess.py:106} INFO - 25/03/19 16:23:10 INFO SecurityManager: Changing modify acls groups to:
[2025-03-19T16:23:10.736+0000] {subprocess.py:106} INFO - 25/03/19 16:23:10 INFO SecurityManager: SecurityManager: authentication disabled; ui acls disabled; users with view permissions: default; groups with view permissions: EMPTY; users with modify permissions: default; groups with modify permissions: EMPTY
[2025-03-19T16:23:11.254+0000] {subprocess.py:106} INFO - 25/03/19 16:23:11 INFO Utils: Successfully started service 'sparkDriver' on port 43299.
[2025-03-19T16:23:11.318+0000] {subprocess.py:106} INFO - 25/03/19 16:23:11 INFO SparkEnv: Registering MapOutputTracker
[2025-03-19T16:23:11.398+0000] {subprocess.py:106} INFO - 25/03/19 16:23:11 INFO SparkEnv: Registering BlockManagerMaster
[2025-03-19T16:23:11.436+0000] {subprocess.py:106} INFO - 25/03/19 16:23:11 INFO BlockManagerMasterEndpoint: Using org.apache.spark.storage.DefaultTopologyMapper for getting topology information
[2025-03-19T16:23:11.438+0000] {subprocess.py:106} INFO - 25/03/19 16:23:11 INFO BlockManagerMasterEndpoint: BlockManagerMasterEndpoint up
[2025-03-19T16:23:11.446+0000] {subprocess.py:106} INFO - 25/03/19 16:23:11 INFO SparkEnv: Registering BlockManagerMasterHeartbeat
[2025-03-19T16:23:11.492+0000] {subprocess.py:106} INFO - 25/03/19 16:23:11 INFO DiskBlockManager: Created local directory at /tmp/blockmgr-86381590-69da-4d22-9c5c-780e591bbacb
[2025-03-19T16:23:11.523+0000] {subprocess.py:106} INFO - 25/03/19 16:23:11 INFO MemoryStore: MemoryStore started with capacity 434.4 MiB
[2025-03-19T16:23:11.551+0000] {subprocess.py:106} INFO - 25/03/19 16:23:11 INFO SparkEnv: Registering OutputCommitCoordinator
[2025-03-19T16:23:11.769+0000] {subprocess.py:106} INFO - 25/03/19 16:23:11 INFO JettyUtils: Start Jetty 0.0.0.0:4040 for SparkUI
[2025-03-19T16:23:11.866+0000] {subprocess.py:106} INFO - 25/03/19 16:23:11 INFO Utils: Successfully started service 'SparkUI' on port 4040.
[2025-03-19T16:23:12.063+0000] {subprocess.py:106} INFO - 25/03/19 16:23:12 INFO Executor: Starting executor ID driver on host e20319ba40e1
[2025-03-19T16:23:12.064+0000] {subprocess.py:106} INFO - 25/03/19 16:23:12 INFO Executor: OS info Linux, 6.12.5-linuxkit, amd64
[2025-03-19T16:23:12.065+0000] {subprocess.py:106} INFO - 25/03/19 16:23:12 INFO Executor: Java version 17.0.14
[2025-03-19T16:23:12.080+0000] {subprocess.py:106} INFO - 25/03/19 16:23:12 INFO Executor: Starting executor with user classpath (userClassPathFirst = false): ''
[2025-03-19T16:23:12.083+0000] {subprocess.py:106} INFO - 25/03/19 16:23:12 INFO Executor: Created or updated repl class loader org.apache.spark.util.MutableURLClassLoader@61f102b2 for default.
[2025-03-19T16:23:12.120+0000] {subprocess.py:106} INFO - 25/03/19 16:23:12 INFO Utils: Successfully started service 'org.apache.spark.network.netty.NettyBlockTransferService' on port 44343.
[2025-03-19T16:23:12.121+0000] {subprocess.py:106} INFO - 25/03/19 16:23:12 INFO NettyBlockTransferService: Server created on e20319ba40e1:44343
[2025-03-19T16:23:12.124+0000] {subprocess.py:106} INFO - 25/03/19 16:23:12 INFO BlockManager: Using org.apache.spark.storage.RandomBlockReplicationPolicy for block replication policy
[2025-03-19T16:23:12.133+0000] {subprocess.py:106} INFO - 25/03/19 16:23:12 INFO BlockManagerMaster: Registering BlockManager BlockManagerId(driver, e20319ba40e1, 44343, None)
[2025-03-19T16:23:12.137+0000] {subprocess.py:106} INFO - 25/03/19 16:23:12 INFO BlockManagerMasterEndpoint: Registering block manager e20319ba40e1:44343 with 434.4 MiB RAM, BlockManagerId(driver, e20319ba40e1, 44343, None)
[2025-03-19T16:23:12.140+0000] {subprocess.py:106} INFO - 25/03/19 16:23:12 INFO BlockManagerMaster: Registered BlockManager BlockManagerId(driver, e20319ba40e1, 44343, None)
[2025-03-19T16:23:12.145+0000] {subprocess.py:106} INFO - 25/03/19 16:23:12 INFO BlockManager: Initialized BlockManager: BlockManagerId(driver, e20319ba40e1, 44343, None)
[2025-03-19T16:23:13.044+0000] {subprocess.py:106} INFO - 25/03/19 16:23:13 INFO SharedState: Setting hive.metastore.warehouse.dir ('null') to the value of spark.sql.warehouse.dir.
[2025-03-19T16:23:13.058+0000] {subprocess.py:106} INFO - 25/03/19 16:23:13 INFO SharedState: Warehouse path is 'file:/tmp/***tmpd263h0k0/spark-warehouse'.
[2025-03-19T16:23:14.554+0000] {subprocess.py:106} INFO - 25/03/19 16:23:14 INFO HadoopFSUtils: Listing leaf files and directories in parallel under 46 paths. The first several paths are: file:/opt/***/dags/medallion_data/silver_layer/city=Raleigh, file:/opt/***/dags/medallion_data/silver_layer/city=Louisville, file:/opt/***/dags/medallion_data/silver_layer/city=Petaluma, file:/opt/***/dags/medallion_data/silver_layer/city=Cincinnati, file:/opt/***/dags/medallion_data/silver_layer/city=Knox, file:/opt/***/dags/medallion_data/silver_layer/city=San Diego, file:/opt/***/dags/medallion_data/silver_layer/city=Mount Pleasant, file:/opt/***/dags/medallion_data/silver_layer/city=John Day, file:/opt/***/dags/medallion_data/silver_layer/city=Houston, file:/opt/***/dags/medallion_data/silver_layer/city=Denver.
[2025-03-19T16:23:15.273+0000] {subprocess.py:106} INFO - 25/03/19 16:23:15 INFO SparkContext: Starting job: parquet at NativeMethodAccessorImpl.java:0
[2025-03-19T16:23:15.303+0000] {subprocess.py:106} INFO - 25/03/19 16:23:15 INFO DAGScheduler: Got job 0 (parquet at NativeMethodAccessorImpl.java:0) with 46 output partitions
[2025-03-19T16:23:15.304+0000] {subprocess.py:106} INFO - 25/03/19 16:23:15 INFO DAGScheduler: Final stage: ResultStage 0 (parquet at NativeMethodAccessorImpl.java:0)
[2025-03-19T16:23:15.306+0000] {subprocess.py:106} INFO - 25/03/19 16:23:15 INFO DAGScheduler: Parents of final stage: List()
[2025-03-19T16:23:15.310+0000] {subprocess.py:106} INFO - 25/03/19 16:23:15 INFO DAGScheduler: Missing parents: List()
[2025-03-19T16:23:15.320+0000] {subprocess.py:106} INFO - 25/03/19 16:23:15 INFO DAGScheduler: Submitting ResultStage 0 (MapPartitionsRDD[1] at parquet at NativeMethodAccessorImpl.java:0), which has no missing parents
[2025-03-19T16:23:15.449+0000] {subprocess.py:106} INFO - 25/03/19 16:23:15 INFO MemoryStore: Block broadcast_0 stored as values in memory (estimated size 102.6 KiB, free 434.3 MiB)
[2025-03-19T16:23:15.542+0000] {subprocess.py:106} INFO - 25/03/19 16:23:15 INFO MemoryStore: Block broadcast_0_piece0 stored as bytes in memory (estimated size 36.8 KiB, free 434.3 MiB)
[2025-03-19T16:23:15.549+0000] {subprocess.py:106} INFO - 25/03/19 16:23:15 INFO BlockManagerInfo: Added broadcast_0_piece0 in memory on e20319ba40e1:44343 (size: 36.8 KiB, free: 434.4 MiB)
[2025-03-19T16:23:15.558+0000] {subprocess.py:106} INFO - 25/03/19 16:23:15 INFO SparkContext: Created broadcast 0 from broadcast at DAGScheduler.scala:1585
[2025-03-19T16:23:15.608+0000] {subprocess.py:106} INFO - 25/03/19 16:23:15 INFO DAGScheduler: Submitting 46 missing tasks from ResultStage 0 (MapPartitionsRDD[1] at parquet at NativeMethodAccessorImpl.java:0) (first 15 tasks are for partitions Vector(0, 1, 2, 3, 4, 5, 6, 7, 8, 9, 10, 11, 12, 13, 14))
[2025-03-19T16:23:15.611+0000] {subprocess.py:106} INFO - 25/03/19 16:23:15 INFO TaskSchedulerImpl: Adding task set 0.0 with 46 tasks resource profile 0
[2025-03-19T16:23:15.720+0000] {subprocess.py:106} INFO - 25/03/19 16:23:15 INFO TaskSetManager: Starting task 0.0 in stage 0.0 (TID 0) (e20319ba40e1, executor driver, partition 0, PROCESS_LOCAL, 9181 bytes)
[2025-03-19T16:23:15.759+0000] {subprocess.py:106} INFO - 25/03/19 16:23:15 INFO Executor: Running task 0.0 in stage 0.0 (TID 0)
[2025-03-19T16:23:15.994+0000] {subprocess.py:106} INFO - 25/03/19 16:23:15 INFO Executor: Finished task 0.0 in stage 0.0 (TID 0). 2755 bytes result sent to driver
[2025-03-19T16:23:16.002+0000] {subprocess.py:106} INFO - 25/03/19 16:23:16 INFO TaskSetManager: Starting task 1.0 in stage 0.0 (TID 1) (e20319ba40e1, executor driver, partition 1, PROCESS_LOCAL, 9184 bytes)
[2025-03-19T16:23:16.005+0000] {subprocess.py:106} INFO - 25/03/19 16:23:16 INFO Executor: Running task 1.0 in stage 0.0 (TID 1)
[2025-03-19T16:23:16.023+0000] {subprocess.py:106} INFO - 25/03/19 16:23:16 INFO TaskSetManager: Finished task 0.0 in stage 0.0 (TID 0) in 338 ms on e20319ba40e1 (executor driver) (1/46)
[2025-03-19T16:23:16.044+0000] {subprocess.py:106} INFO - 25/03/19 16:23:16 INFO Executor: Finished task 1.0 in stage 0.0 (TID 1). 2761 bytes result sent to driver
[2025-03-19T16:23:16.048+0000] {subprocess.py:106} INFO - 25/03/19 16:23:16 INFO TaskSetManager: Starting task 2.0 in stage 0.0 (TID 2) (e20319ba40e1, executor driver, partition 2, PROCESS_LOCAL, 9182 bytes)
[2025-03-19T16:23:16.049+0000] {subprocess.py:106} INFO - 25/03/19 16:23:16 INFO Executor: Running task 2.0 in stage 0.0 (TID 2)
[2025-03-19T16:23:16.053+0000] {subprocess.py:106} INFO - 25/03/19 16:23:16 INFO TaskSetManager: Finished task 1.0 in stage 0.0 (TID 1) in 50 ms on e20319ba40e1 (executor driver) (2/46)
[2025-03-19T16:23:16.088+0000] {subprocess.py:106} INFO - 25/03/19 16:23:16 INFO Executor: Finished task 2.0 in stage 0.0 (TID 2). 2714 bytes result sent to driver
[2025-03-19T16:23:16.091+0000] {subprocess.py:106} INFO - 25/03/19 16:23:16 INFO TaskSetManager: Starting task 3.0 in stage 0.0 (TID 3) (e20319ba40e1, executor driver, partition 3, PROCESS_LOCAL, 9184 bytes)
[2025-03-19T16:23:16.093+0000] {subprocess.py:106} INFO - 25/03/19 16:23:16 INFO Executor: Running task 3.0 in stage 0.0 (TID 3)
[2025-03-19T16:23:16.095+0000] {subprocess.py:106} INFO - 25/03/19 16:23:16 INFO TaskSetManager: Finished task 2.0 in stage 0.0 (TID 2) in 47 ms on e20319ba40e1 (executor driver) (3/46)
[2025-03-19T16:23:16.126+0000] {subprocess.py:106} INFO - 25/03/19 16:23:16 INFO Executor: Finished task 3.0 in stage 0.0 (TID 3). 2804 bytes result sent to driver
[2025-03-19T16:23:16.130+0000] {subprocess.py:106} INFO - 25/03/19 16:23:16 INFO TaskSetManager: Starting task 4.0 in stage 0.0 (TID 4) (e20319ba40e1, executor driver, partition 4, PROCESS_LOCAL, 9178 bytes)
[2025-03-19T16:23:16.132+0000] {subprocess.py:106} INFO - 25/03/19 16:23:16 INFO Executor: Running task 4.0 in stage 0.0 (TID 4)
[2025-03-19T16:23:16.133+0000] {subprocess.py:106} INFO - 25/03/19 16:23:16 INFO TaskSetManager: Finished task 3.0 in stage 0.0 (TID 3) in 43 ms on e20319ba40e1 (executor driver) (4/46)
[2025-03-19T16:23:16.151+0000] {subprocess.py:106} INFO - 25/03/19 16:23:16 INFO Executor: Finished task 4.0 in stage 0.0 (TID 4). 2706 bytes result sent to driver
[2025-03-19T16:23:16.154+0000] {subprocess.py:106} INFO - 25/03/19 16:23:16 INFO TaskSetManager: Starting task 5.0 in stage 0.0 (TID 5) (e20319ba40e1, executor driver, partition 5, PROCESS_LOCAL, 9185 bytes)
[2025-03-19T16:23:16.155+0000] {subprocess.py:106} INFO - 25/03/19 16:23:16 INFO Executor: Running task 5.0 in stage 0.0 (TID 5)
[2025-03-19T16:23:16.156+0000] {subprocess.py:106} INFO - 25/03/19 16:23:16 INFO TaskSetManager: Finished task 4.0 in stage 0.0 (TID 4) in 26 ms on e20319ba40e1 (executor driver) (5/46)
[2025-03-19T16:23:16.178+0000] {subprocess.py:106} INFO - 25/03/19 16:23:16 INFO Executor: Finished task 5.0 in stage 0.0 (TID 5). 2720 bytes result sent to driver
[2025-03-19T16:23:16.182+0000] {subprocess.py:106} INFO - 25/03/19 16:23:16 INFO TaskSetManager: Starting task 6.0 in stage 0.0 (TID 6) (e20319ba40e1, executor driver, partition 6, PROCESS_LOCAL, 9190 bytes)
[2025-03-19T16:23:16.183+0000] {subprocess.py:106} INFO - 25/03/19 16:23:16 INFO Executor: Running task 6.0 in stage 0.0 (TID 6)
[2025-03-19T16:23:16.185+0000] {subprocess.py:106} INFO - 25/03/19 16:23:16 INFO TaskSetManager: Finished task 5.0 in stage 0.0 (TID 5) in 32 ms on e20319ba40e1 (executor driver) (6/46)
[2025-03-19T16:23:16.213+0000] {subprocess.py:106} INFO - 25/03/19 16:23:16 INFO Executor: Finished task 6.0 in stage 0.0 (TID 6). 2816 bytes result sent to driver
[2025-03-19T16:23:16.216+0000] {subprocess.py:106} INFO - 25/03/19 16:23:16 INFO TaskSetManager: Starting task 7.0 in stage 0.0 (TID 7) (e20319ba40e1, executor driver, partition 7, PROCESS_LOCAL, 9184 bytes)
[2025-03-19T16:23:16.218+0000] {subprocess.py:106} INFO - 25/03/19 16:23:16 INFO Executor: Running task 7.0 in stage 0.0 (TID 7)
[2025-03-19T16:23:16.219+0000] {subprocess.py:106} INFO - 25/03/19 16:23:16 INFO TaskSetManager: Finished task 6.0 in stage 0.0 (TID 6) in 38 ms on e20319ba40e1 (executor driver) (7/46)
[2025-03-19T16:23:16.243+0000] {subprocess.py:106} INFO - 25/03/19 16:23:16 INFO Executor: Finished task 7.0 in stage 0.0 (TID 7). 2718 bytes result sent to driver
[2025-03-19T16:23:16.245+0000] {subprocess.py:106} INFO - 25/03/19 16:23:16 INFO TaskSetManager: Starting task 8.0 in stage 0.0 (TID 8) (e20319ba40e1, executor driver, partition 8, PROCESS_LOCAL, 9181 bytes)
[2025-03-19T16:23:16.246+0000] {subprocess.py:106} INFO - 25/03/19 16:23:16 INFO Executor: Running task 8.0 in stage 0.0 (TID 8)
[2025-03-19T16:23:16.249+0000] {subprocess.py:106} INFO - 25/03/19 16:23:16 INFO TaskSetManager: Finished task 7.0 in stage 0.0 (TID 7) in 31 ms on e20319ba40e1 (executor driver) (8/46)
[2025-03-19T16:23:16.264+0000] {subprocess.py:106} INFO - 25/03/19 16:23:16 INFO Executor: Finished task 8.0 in stage 0.0 (TID 8). 2712 bytes result sent to driver
[2025-03-19T16:23:16.267+0000] {subprocess.py:106} INFO - 25/03/19 16:23:16 INFO TaskSetManager: Starting task 9.0 in stage 0.0 (TID 9) (e20319ba40e1, executor driver, partition 9, PROCESS_LOCAL, 9180 bytes)
[2025-03-19T16:23:16.268+0000] {subprocess.py:106} INFO - 25/03/19 16:23:16 INFO Executor: Running task 9.0 in stage 0.0 (TID 9)
[2025-03-19T16:23:16.269+0000] {subprocess.py:106} INFO - 25/03/19 16:23:16 INFO TaskSetManager: Finished task 8.0 in stage 0.0 (TID 8) in 24 ms on e20319ba40e1 (executor driver) (9/46)
[2025-03-19T16:23:16.284+0000] {subprocess.py:106} INFO - 25/03/19 16:23:16 INFO Executor: Finished task 9.0 in stage 0.0 (TID 9). 2710 bytes result sent to driver
[2025-03-19T16:23:16.286+0000] {subprocess.py:106} INFO - 25/03/19 16:23:16 INFO TaskSetManager: Starting task 10.0 in stage 0.0 (TID 10) (e20319ba40e1, executor driver, partition 10, PROCESS_LOCAL, 9181 bytes)
[2025-03-19T16:23:16.287+0000] {subprocess.py:106} INFO - 25/03/19 16:23:16 INFO Executor: Running task 10.0 in stage 0.0 (TID 10)
[2025-03-19T16:23:16.288+0000] {subprocess.py:106} INFO - 25/03/19 16:23:16 INFO TaskSetManager: Finished task 9.0 in stage 0.0 (TID 9) in 21 ms on e20319ba40e1 (executor driver) (10/46)
[2025-03-19T16:23:16.304+0000] {subprocess.py:106} INFO - 25/03/19 16:23:16 INFO Executor: Finished task 10.0 in stage 0.0 (TID 10). 2712 bytes result sent to driver
[2025-03-19T16:23:16.308+0000] {subprocess.py:106} INFO - 25/03/19 16:23:16 INFO TaskSetManager: Starting task 11.0 in stage 0.0 (TID 11) (e20319ba40e1, executor driver, partition 11, PROCESS_LOCAL, 9184 bytes)
[2025-03-19T16:23:16.310+0000] {subprocess.py:106} INFO - 25/03/19 16:23:16 INFO Executor: Running task 11.0 in stage 0.0 (TID 11)
[2025-03-19T16:23:16.311+0000] {subprocess.py:106} INFO - 25/03/19 16:23:16 INFO TaskSetManager: Finished task 10.0 in stage 0.0 (TID 10) in 24 ms on e20319ba40e1 (executor driver) (11/46)
[2025-03-19T16:23:16.329+0000] {subprocess.py:106} INFO - 25/03/19 16:23:16 INFO Executor: Finished task 11.0 in stage 0.0 (TID 11). 2718 bytes result sent to driver
[2025-03-19T16:23:16.331+0000] {subprocess.py:106} INFO - 25/03/19 16:23:16 INFO TaskSetManager: Starting task 12.0 in stage 0.0 (TID 12) (e20319ba40e1, executor driver, partition 12, PROCESS_LOCAL, 9181 bytes)
[2025-03-19T16:23:16.333+0000] {subprocess.py:106} INFO - 25/03/19 16:23:16 INFO Executor: Running task 12.0 in stage 0.0 (TID 12)
[2025-03-19T16:23:16.334+0000] {subprocess.py:106} INFO - 25/03/19 16:23:16 INFO TaskSetManager: Finished task 11.0 in stage 0.0 (TID 11) in 28 ms on e20319ba40e1 (executor driver) (12/46)
[2025-03-19T16:23:16.352+0000] {subprocess.py:106} INFO - 25/03/19 16:23:16 INFO Executor: Finished task 12.0 in stage 0.0 (TID 12). 2712 bytes result sent to driver
[2025-03-19T16:23:16.354+0000] {subprocess.py:106} INFO - 25/03/19 16:23:16 INFO TaskSetManager: Starting task 13.0 in stage 0.0 (TID 13) (e20319ba40e1, executor driver, partition 13, PROCESS_LOCAL, 9187 bytes)
[2025-03-19T16:23:16.356+0000] {subprocess.py:106} INFO - 25/03/19 16:23:16 INFO Executor: Running task 13.0 in stage 0.0 (TID 13)
[2025-03-19T16:23:16.357+0000] {subprocess.py:106} INFO - 25/03/19 16:23:16 INFO TaskSetManager: Finished task 12.0 in stage 0.0 (TID 12) in 26 ms on e20319ba40e1 (executor driver) (13/46)
[2025-03-19T16:23:16.376+0000] {subprocess.py:106} INFO - 25/03/19 16:23:16 INFO Executor: Finished task 13.0 in stage 0.0 (TID 13). 2724 bytes result sent to driver
[2025-03-19T16:23:16.378+0000] {subprocess.py:106} INFO - 25/03/19 16:23:16 INFO TaskSetManager: Starting task 14.0 in stage 0.0 (TID 14) (e20319ba40e1, executor driver, partition 14, PROCESS_LOCAL, 9181 bytes)
[2025-03-19T16:23:16.379+0000] {subprocess.py:106} INFO - 25/03/19 16:23:16 INFO Executor: Running task 14.0 in stage 0.0 (TID 14)
[2025-03-19T16:23:16.380+0000] {subprocess.py:106} INFO - 25/03/19 16:23:16 INFO TaskSetManager: Finished task 13.0 in stage 0.0 (TID 13) in 26 ms on e20319ba40e1 (executor driver) (14/46)
[2025-03-19T16:23:16.395+0000] {subprocess.py:106} INFO - 25/03/19 16:23:16 INFO Executor: Finished task 14.0 in stage 0.0 (TID 14). 2712 bytes result sent to driver
[2025-03-19T16:23:16.399+0000] {subprocess.py:106} INFO - 25/03/19 16:23:16 INFO TaskSetManager: Starting task 15.0 in stage 0.0 (TID 15) (e20319ba40e1, executor driver, partition 15, PROCESS_LOCAL, 9182 bytes)
[2025-03-19T16:23:16.400+0000] {subprocess.py:106} INFO - 25/03/19 16:23:16 INFO Executor: Running task 15.0 in stage 0.0 (TID 15)
[2025-03-19T16:23:16.401+0000] {subprocess.py:106} INFO - 25/03/19 16:23:16 INFO TaskSetManager: Finished task 14.0 in stage 0.0 (TID 14) in 23 ms on e20319ba40e1 (executor driver) (15/46)
[2025-03-19T16:23:16.419+0000] {subprocess.py:106} INFO - 25/03/19 16:23:16 INFO Executor: Finished task 15.0 in stage 0.0 (TID 15). 2714 bytes result sent to driver
[2025-03-19T16:23:16.421+0000] {subprocess.py:106} INFO - 25/03/19 16:23:16 INFO TaskSetManager: Starting task 16.0 in stage 0.0 (TID 16) (e20319ba40e1, executor driver, partition 16, PROCESS_LOCAL, 9181 bytes)
[2025-03-19T16:23:16.422+0000] {subprocess.py:106} INFO - 25/03/19 16:23:16 INFO Executor: Running task 16.0 in stage 0.0 (TID 16)
[2025-03-19T16:23:16.423+0000] {subprocess.py:106} INFO - 25/03/19 16:23:16 INFO TaskSetManager: Finished task 15.0 in stage 0.0 (TID 15) in 27 ms on e20319ba40e1 (executor driver) (16/46)
[2025-03-19T16:23:16.443+0000] {subprocess.py:106} INFO - 25/03/19 16:23:16 INFO Executor: Finished task 16.0 in stage 0.0 (TID 16). 2798 bytes result sent to driver
[2025-03-19T16:23:16.445+0000] {subprocess.py:106} INFO - 25/03/19 16:23:16 INFO TaskSetManager: Starting task 17.0 in stage 0.0 (TID 17) (e20319ba40e1, executor driver, partition 17, PROCESS_LOCAL, 9190 bytes)
[2025-03-19T16:23:16.446+0000] {subprocess.py:106} INFO - 25/03/19 16:23:16 INFO Executor: Running task 17.0 in stage 0.0 (TID 17)
[2025-03-19T16:23:16.447+0000] {subprocess.py:106} INFO - 25/03/19 16:23:16 INFO TaskSetManager: Finished task 16.0 in stage 0.0 (TID 16) in 27 ms on e20319ba40e1 (executor driver) (17/46)
[2025-03-19T16:23:16.462+0000] {subprocess.py:106} INFO - 25/03/19 16:23:16 INFO Executor: Finished task 17.0 in stage 0.0 (TID 17). 2730 bytes result sent to driver
[2025-03-19T16:23:16.465+0000] {subprocess.py:106} INFO - 25/03/19 16:23:16 INFO TaskSetManager: Starting task 18.0 in stage 0.0 (TID 18) (e20319ba40e1, executor driver, partition 18, PROCESS_LOCAL, 9179 bytes)
[2025-03-19T16:23:16.468+0000] {subprocess.py:106} INFO - 25/03/19 16:23:16 INFO Executor: Running task 18.0 in stage 0.0 (TID 18)
[2025-03-19T16:23:16.468+0000] {subprocess.py:106} INFO - 25/03/19 16:23:16 INFO TaskSetManager: Finished task 17.0 in stage 0.0 (TID 17) in 23 ms on e20319ba40e1 (executor driver) (18/46)
[2025-03-19T16:23:16.484+0000] {subprocess.py:106} INFO - 25/03/19 16:23:16 INFO Executor: Finished task 18.0 in stage 0.0 (TID 18). 2708 bytes result sent to driver
[2025-03-19T16:23:16.486+0000] {subprocess.py:106} INFO - 25/03/19 16:23:16 INFO TaskSetManager: Starting task 19.0 in stage 0.0 (TID 19) (e20319ba40e1, executor driver, partition 19, PROCESS_LOCAL, 9188 bytes)
[2025-03-19T16:23:16.488+0000] {subprocess.py:106} INFO - 25/03/19 16:23:16 INFO TaskSetManager: Finished task 18.0 in stage 0.0 (TID 18) in 23 ms on e20319ba40e1 (executor driver) (19/46)
[2025-03-19T16:23:16.489+0000] {subprocess.py:106} INFO - 25/03/19 16:23:16 INFO Executor: Running task 19.0 in stage 0.0 (TID 19)
[2025-03-19T16:23:16.508+0000] {subprocess.py:106} INFO - 25/03/19 16:23:16 INFO Executor: Finished task 19.0 in stage 0.0 (TID 19). 2726 bytes result sent to driver
[2025-03-19T16:23:16.512+0000] {subprocess.py:106} INFO - 25/03/19 16:23:16 INFO TaskSetManager: Starting task 20.0 in stage 0.0 (TID 20) (e20319ba40e1, executor driver, partition 20, PROCESS_LOCAL, 9186 bytes)
[2025-03-19T16:23:16.513+0000] {subprocess.py:106} INFO - 25/03/19 16:23:16 INFO Executor: Running task 20.0 in stage 0.0 (TID 20)
[2025-03-19T16:23:16.514+0000] {subprocess.py:106} INFO - 25/03/19 16:23:16 INFO TaskSetManager: Finished task 19.0 in stage 0.0 (TID 19) in 27 ms on e20319ba40e1 (executor driver) (20/46)
[2025-03-19T16:23:16.526+0000] {subprocess.py:106} INFO - 25/03/19 16:23:16 INFO Executor: Finished task 20.0 in stage 0.0 (TID 20). 2722 bytes result sent to driver
[2025-03-19T16:23:16.528+0000] {subprocess.py:106} INFO - 25/03/19 16:23:16 INFO TaskSetManager: Starting task 21.0 in stage 0.0 (TID 21) (e20319ba40e1, executor driver, partition 21, PROCESS_LOCAL, 9184 bytes)
[2025-03-19T16:23:16.529+0000] {subprocess.py:106} INFO - 25/03/19 16:23:16 INFO Executor: Running task 21.0 in stage 0.0 (TID 21)
[2025-03-19T16:23:16.530+0000] {subprocess.py:106} INFO - 25/03/19 16:23:16 INFO TaskSetManager: Finished task 20.0 in stage 0.0 (TID 20) in 19 ms on e20319ba40e1 (executor driver) (21/46)
[2025-03-19T16:23:16.543+0000] {subprocess.py:106} INFO - 25/03/19 16:23:16 INFO Executor: Finished task 21.0 in stage 0.0 (TID 21). 2718 bytes result sent to driver
[2025-03-19T16:23:16.545+0000] {subprocess.py:106} INFO - 25/03/19 16:23:16 INFO TaskSetManager: Starting task 22.0 in stage 0.0 (TID 22) (e20319ba40e1, executor driver, partition 22, PROCESS_LOCAL, 9182 bytes)
[2025-03-19T16:23:16.546+0000] {subprocess.py:106} INFO - 25/03/19 16:23:16 INFO Executor: Running task 22.0 in stage 0.0 (TID 22)
[2025-03-19T16:23:16.547+0000] {subprocess.py:106} INFO - 25/03/19 16:23:16 INFO TaskSetManager: Finished task 21.0 in stage 0.0 (TID 21) in 19 ms on e20319ba40e1 (executor driver) (22/46)
[2025-03-19T16:23:16.558+0000] {subprocess.py:106} INFO - 25/03/19 16:23:16 INFO Executor: Finished task 22.0 in stage 0.0 (TID 22). 2714 bytes result sent to driver
[2025-03-19T16:23:16.559+0000] {subprocess.py:106} INFO - 25/03/19 16:23:16 INFO TaskSetManager: Starting task 23.0 in stage 0.0 (TID 23) (e20319ba40e1, executor driver, partition 23, PROCESS_LOCAL, 9186 bytes)
[2025-03-19T16:23:16.561+0000] {subprocess.py:106} INFO - 25/03/19 16:23:16 INFO Executor: Running task 23.0 in stage 0.0 (TID 23)
[2025-03-19T16:23:16.561+0000] {subprocess.py:106} INFO - 25/03/19 16:23:16 INFO TaskSetManager: Finished task 22.0 in stage 0.0 (TID 22) in 16 ms on e20319ba40e1 (executor driver) (23/46)
[2025-03-19T16:23:16.575+0000] {subprocess.py:106} INFO - 25/03/19 16:23:16 INFO Executor: Finished task 23.0 in stage 0.0 (TID 23). 2722 bytes result sent to driver
[2025-03-19T16:23:16.577+0000] {subprocess.py:106} INFO - 25/03/19 16:23:16 INFO TaskSetManager: Starting task 24.0 in stage 0.0 (TID 24) (e20319ba40e1, executor driver, partition 24, PROCESS_LOCAL, 9183 bytes)
[2025-03-19T16:23:16.580+0000] {subprocess.py:106} INFO - 25/03/19 16:23:16 INFO Executor: Running task 24.0 in stage 0.0 (TID 24)
[2025-03-19T16:23:16.582+0000] {subprocess.py:106} INFO - 25/03/19 16:23:16 INFO TaskSetManager: Finished task 23.0 in stage 0.0 (TID 23) in 20 ms on e20319ba40e1 (executor driver) (24/46)
[2025-03-19T16:23:16.594+0000] {subprocess.py:106} INFO - 25/03/19 16:23:16 INFO Executor: Finished task 24.0 in stage 0.0 (TID 24). 2716 bytes result sent to driver
[2025-03-19T16:23:16.596+0000] {subprocess.py:106} INFO - 25/03/19 16:23:16 INFO TaskSetManager: Starting task 25.0 in stage 0.0 (TID 25) (e20319ba40e1, executor driver, partition 25, PROCESS_LOCAL, 9180 bytes)
[2025-03-19T16:23:16.598+0000] {subprocess.py:106} INFO - 25/03/19 16:23:16 INFO Executor: Running task 25.0 in stage 0.0 (TID 25)
[2025-03-19T16:23:16.601+0000] {subprocess.py:106} INFO - 25/03/19 16:23:16 INFO TaskSetManager: Finished task 24.0 in stage 0.0 (TID 24) in 22 ms on e20319ba40e1 (executor driver) (25/46)
[2025-03-19T16:23:16.616+0000] {subprocess.py:106} INFO - 25/03/19 16:23:16 INFO Executor: Finished task 25.0 in stage 0.0 (TID 25). 2710 bytes result sent to driver
[2025-03-19T16:23:16.618+0000] {subprocess.py:106} INFO - 25/03/19 16:23:16 INFO TaskSetManager: Starting task 26.0 in stage 0.0 (TID 26) (e20319ba40e1, executor driver, partition 26, PROCESS_LOCAL, 9187 bytes)
[2025-03-19T16:23:16.620+0000] {subprocess.py:106} INFO - 25/03/19 16:23:16 INFO Executor: Running task 26.0 in stage 0.0 (TID 26)
[2025-03-19T16:23:16.620+0000] {subprocess.py:106} INFO - 25/03/19 16:23:16 INFO TaskSetManager: Finished task 25.0 in stage 0.0 (TID 25) in 24 ms on e20319ba40e1 (executor driver) (26/46)
[2025-03-19T16:23:16.688+0000] {subprocess.py:106} INFO - 25/03/19 16:23:16 INFO Executor: Finished task 26.0 in stage 0.0 (TID 26). 2810 bytes result sent to driver
[2025-03-19T16:23:16.690+0000] {subprocess.py:106} INFO - 25/03/19 16:23:16 INFO TaskSetManager: Starting task 27.0 in stage 0.0 (TID 27) (e20319ba40e1, executor driver, partition 27, PROCESS_LOCAL, 9184 bytes)
[2025-03-19T16:23:16.693+0000] {subprocess.py:106} INFO - 25/03/19 16:23:16 INFO TaskSetManager: Finished task 26.0 in stage 0.0 (TID 26) in 75 ms on e20319ba40e1 (executor driver) (27/46)
[2025-03-19T16:23:16.695+0000] {subprocess.py:106} INFO - 25/03/19 16:23:16 INFO Executor: Running task 27.0 in stage 0.0 (TID 27)
[2025-03-19T16:23:16.716+0000] {subprocess.py:106} INFO - 25/03/19 16:23:16 INFO Executor: Finished task 27.0 in stage 0.0 (TID 27). 2718 bytes result sent to driver
[2025-03-19T16:23:16.725+0000] {subprocess.py:106} INFO - 25/03/19 16:23:16 INFO TaskSetManager: Starting task 28.0 in stage 0.0 (TID 28) (e20319ba40e1, executor driver, partition 28, PROCESS_LOCAL, 9186 bytes)
[2025-03-19T16:23:16.728+0000] {subprocess.py:106} INFO - 25/03/19 16:23:16 INFO Executor: Running task 28.0 in stage 0.0 (TID 28)
[2025-03-19T16:23:16.733+0000] {subprocess.py:106} INFO - 25/03/19 16:23:16 INFO TaskSetManager: Finished task 27.0 in stage 0.0 (TID 27) in 39 ms on e20319ba40e1 (executor driver) (28/46)
[2025-03-19T16:23:16.758+0000] {subprocess.py:106} INFO - 25/03/19 16:23:16 INFO Executor: Finished task 28.0 in stage 0.0 (TID 28). 2722 bytes result sent to driver
[2025-03-19T16:23:16.761+0000] {subprocess.py:106} INFO - 25/03/19 16:23:16 INFO TaskSetManager: Starting task 29.0 in stage 0.0 (TID 29) (e20319ba40e1, executor driver, partition 29, PROCESS_LOCAL, 9179 bytes)
[2025-03-19T16:23:16.763+0000] {subprocess.py:106} INFO - 25/03/19 16:23:16 INFO TaskSetManager: Finished task 28.0 in stage 0.0 (TID 28) in 43 ms on e20319ba40e1 (executor driver) (29/46)
[2025-03-19T16:23:16.764+0000] {subprocess.py:106} INFO - 25/03/19 16:23:16 INFO Executor: Running task 29.0 in stage 0.0 (TID 29)
[2025-03-19T16:23:16.782+0000] {subprocess.py:106} INFO - 25/03/19 16:23:16 INFO Executor: Finished task 29.0 in stage 0.0 (TID 29). 2751 bytes result sent to driver
[2025-03-19T16:23:16.784+0000] {subprocess.py:106} INFO - 25/03/19 16:23:16 INFO TaskSetManager: Starting task 30.0 in stage 0.0 (TID 30) (e20319ba40e1, executor driver, partition 30, PROCESS_LOCAL, 9179 bytes)
[2025-03-19T16:23:16.786+0000] {subprocess.py:106} INFO - 25/03/19 16:23:16 INFO Executor: Running task 30.0 in stage 0.0 (TID 30)
[2025-03-19T16:23:16.787+0000] {subprocess.py:106} INFO - 25/03/19 16:23:16 INFO TaskSetManager: Finished task 29.0 in stage 0.0 (TID 29) in 26 ms on e20319ba40e1 (executor driver) (30/46)
[2025-03-19T16:23:16.803+0000] {subprocess.py:106} INFO - 25/03/19 16:23:16 INFO Executor: Finished task 30.0 in stage 0.0 (TID 30). 2708 bytes result sent to driver
[2025-03-19T16:23:16.806+0000] {subprocess.py:106} INFO - 25/03/19 16:23:16 INFO TaskSetManager: Starting task 31.0 in stage 0.0 (TID 31) (e20319ba40e1, executor driver, partition 31, PROCESS_LOCAL, 9181 bytes)
[2025-03-19T16:23:16.808+0000] {subprocess.py:106} INFO - 25/03/19 16:23:16 INFO Executor: Running task 31.0 in stage 0.0 (TID 31)
[2025-03-19T16:23:16.810+0000] {subprocess.py:106} INFO - 25/03/19 16:23:16 INFO TaskSetManager: Finished task 30.0 in stage 0.0 (TID 30) in 24 ms on e20319ba40e1 (executor driver) (31/46)
[2025-03-19T16:23:16.826+0000] {subprocess.py:106} INFO - 25/03/19 16:23:16 INFO Executor: Finished task 31.0 in stage 0.0 (TID 31). 2712 bytes result sent to driver
[2025-03-19T16:23:16.828+0000] {subprocess.py:106} INFO - 25/03/19 16:23:16 INFO TaskSetManager: Starting task 32.0 in stage 0.0 (TID 32) (e20319ba40e1, executor driver, partition 32, PROCESS_LOCAL, 9180 bytes)
[2025-03-19T16:23:16.830+0000] {subprocess.py:106} INFO - 25/03/19 16:23:16 INFO Executor: Running task 32.0 in stage 0.0 (TID 32)
[2025-03-19T16:23:16.830+0000] {subprocess.py:106} INFO - 25/03/19 16:23:16 INFO TaskSetManager: Finished task 31.0 in stage 0.0 (TID 31) in 25 ms on e20319ba40e1 (executor driver) (32/46)
[2025-03-19T16:23:16.845+0000] {subprocess.py:106} INFO - 25/03/19 16:23:16 INFO Executor: Finished task 32.0 in stage 0.0 (TID 32). 2710 bytes result sent to driver
[2025-03-19T16:23:16.848+0000] {subprocess.py:106} INFO - 25/03/19 16:23:16 INFO TaskSetManager: Starting task 33.0 in stage 0.0 (TID 33) (e20319ba40e1, executor driver, partition 33, PROCESS_LOCAL, 9183 bytes)
[2025-03-19T16:23:16.872+0000] {subprocess.py:106} INFO - 25/03/19 16:23:16 INFO Executor: Running task 33.0 in stage 0.0 (TID 33)
[2025-03-19T16:23:16.879+0000] {subprocess.py:106} INFO - 25/03/19 16:23:16 INFO TaskSetManager: Finished task 32.0 in stage 0.0 (TID 32) in 23 ms on e20319ba40e1 (executor driver) (33/46)
[2025-03-19T16:23:16.908+0000] {subprocess.py:106} INFO - 25/03/19 16:23:16 INFO Executor: Finished task 33.0 in stage 0.0 (TID 33). 2716 bytes result sent to driver
[2025-03-19T16:23:16.912+0000] {subprocess.py:106} INFO - 25/03/19 16:23:16 INFO TaskSetManager: Starting task 34.0 in stage 0.0 (TID 34) (e20319ba40e1, executor driver, partition 34, PROCESS_LOCAL, 9178 bytes)
[2025-03-19T16:23:16.917+0000] {subprocess.py:106} INFO - 25/03/19 16:23:16 INFO Executor: Running task 34.0 in stage 0.0 (TID 34)
[2025-03-19T16:23:16.918+0000] {subprocess.py:106} INFO - 25/03/19 16:23:16 INFO TaskSetManager: Finished task 33.0 in stage 0.0 (TID 33) in 69 ms on e20319ba40e1 (executor driver) (34/46)
[2025-03-19T16:23:16.929+0000] {subprocess.py:106} INFO - 25/03/19 16:23:16 INFO Executor: Finished task 34.0 in stage 0.0 (TID 34). 2706 bytes result sent to driver
[2025-03-19T16:23:16.932+0000] {subprocess.py:106} INFO - 25/03/19 16:23:16 INFO TaskSetManager: Starting task 35.0 in stage 0.0 (TID 35) (e20319ba40e1, executor driver, partition 35, PROCESS_LOCAL, 9182 bytes)
[2025-03-19T16:23:16.933+0000] {subprocess.py:106} INFO - 25/03/19 16:23:16 INFO Executor: Running task 35.0 in stage 0.0 (TID 35)
[2025-03-19T16:23:16.934+0000] {subprocess.py:106} INFO - 25/03/19 16:23:16 INFO TaskSetManager: Finished task 34.0 in stage 0.0 (TID 34) in 22 ms on e20319ba40e1 (executor driver) (35/46)
[2025-03-19T16:23:16.950+0000] {subprocess.py:106} INFO - 25/03/19 16:23:16 INFO Executor: Finished task 35.0 in stage 0.0 (TID 35). 2714 bytes result sent to driver
[2025-03-19T16:23:16.953+0000] {subprocess.py:106} INFO - 25/03/19 16:23:16 INFO TaskSetManager: Starting task 36.0 in stage 0.0 (TID 36) (e20319ba40e1, executor driver, partition 36, PROCESS_LOCAL, 9178 bytes)
[2025-03-19T16:23:16.955+0000] {subprocess.py:106} INFO - 25/03/19 16:23:16 INFO Executor: Running task 36.0 in stage 0.0 (TID 36)
[2025-03-19T16:23:16.955+0000] {subprocess.py:106} INFO - 25/03/19 16:23:16 INFO TaskSetManager: Finished task 35.0 in stage 0.0 (TID 35) in 23 ms on e20319ba40e1 (executor driver) (36/46)
[2025-03-19T16:23:16.975+0000] {subprocess.py:106} INFO - 25/03/19 16:23:16 INFO Executor: Finished task 36.0 in stage 0.0 (TID 36). 2792 bytes result sent to driver
[2025-03-19T16:23:16.977+0000] {subprocess.py:106} INFO - 25/03/19 16:23:16 INFO TaskSetManager: Starting task 37.0 in stage 0.0 (TID 37) (e20319ba40e1, executor driver, partition 37, PROCESS_LOCAL, 9184 bytes)
[2025-03-19T16:23:16.978+0000] {subprocess.py:106} INFO - 25/03/19 16:23:16 INFO Executor: Running task 37.0 in stage 0.0 (TID 37)
[2025-03-19T16:23:16.980+0000] {subprocess.py:106} INFO - 25/03/19 16:23:16 INFO TaskSetManager: Finished task 36.0 in stage 0.0 (TID 36) in 27 ms on e20319ba40e1 (executor driver) (37/46)
[2025-03-19T16:23:16.993+0000] {subprocess.py:106} INFO - 25/03/19 16:23:16 INFO Executor: Finished task 37.0 in stage 0.0 (TID 37). 2718 bytes result sent to driver
[2025-03-19T16:23:16.994+0000] {subprocess.py:106} INFO - 25/03/19 16:23:16 INFO TaskSetManager: Starting task 38.0 in stage 0.0 (TID 38) (e20319ba40e1, executor driver, partition 38, PROCESS_LOCAL, 9182 bytes)
[2025-03-19T16:23:16.995+0000] {subprocess.py:106} INFO - 25/03/19 16:23:16 INFO Executor: Running task 38.0 in stage 0.0 (TID 38)
[2025-03-19T16:23:16.996+0000] {subprocess.py:106} INFO - 25/03/19 16:23:16 INFO TaskSetManager: Finished task 37.0 in stage 0.0 (TID 37) in 19 ms on e20319ba40e1 (executor driver) (38/46)
[2025-03-19T16:23:17.011+0000] {subprocess.py:106} INFO - 25/03/19 16:23:17 INFO Executor: Finished task 38.0 in stage 0.0 (TID 38). 2714 bytes result sent to driver
[2025-03-19T16:23:17.013+0000] {subprocess.py:106} INFO - 25/03/19 16:23:17 INFO TaskSetManager: Starting task 39.0 in stage 0.0 (TID 39) (e20319ba40e1, executor driver, partition 39, PROCESS_LOCAL, 9180 bytes)
[2025-03-19T16:23:17.015+0000] {subprocess.py:106} INFO - 25/03/19 16:23:17 INFO Executor: Running task 39.0 in stage 0.0 (TID 39)
[2025-03-19T16:23:17.016+0000] {subprocess.py:106} INFO - 25/03/19 16:23:17 INFO TaskSetManager: Finished task 38.0 in stage 0.0 (TID 38) in 21 ms on e20319ba40e1 (executor driver) (39/46)
[2025-03-19T16:23:17.035+0000] {subprocess.py:106} INFO - 25/03/19 16:23:17 INFO Executor: Finished task 39.0 in stage 0.0 (TID 39). 2753 bytes result sent to driver
[2025-03-19T16:23:17.040+0000] {subprocess.py:106} INFO - 25/03/19 16:23:17 INFO TaskSetManager: Starting task 40.0 in stage 0.0 (TID 40) (e20319ba40e1, executor driver, partition 40, PROCESS_LOCAL, 9181 bytes)
[2025-03-19T16:23:17.043+0000] {subprocess.py:106} INFO - 25/03/19 16:23:17 INFO Executor: Running task 40.0 in stage 0.0 (TID 40)
[2025-03-19T16:23:17.045+0000] {subprocess.py:106} INFO - 25/03/19 16:23:17 INFO TaskSetManager: Finished task 39.0 in stage 0.0 (TID 39) in 30 ms on e20319ba40e1 (executor driver) (40/46)
[2025-03-19T16:23:17.060+0000] {subprocess.py:106} INFO - 25/03/19 16:23:17 INFO Executor: Finished task 40.0 in stage 0.0 (TID 40). 2712 bytes result sent to driver
[2025-03-19T16:23:17.062+0000] {subprocess.py:106} INFO - 25/03/19 16:23:17 INFO TaskSetManager: Starting task 41.0 in stage 0.0 (TID 41) (e20319ba40e1, executor driver, partition 41, PROCESS_LOCAL, 9178 bytes)
[2025-03-19T16:23:17.064+0000] {subprocess.py:106} INFO - 25/03/19 16:23:17 INFO Executor: Running task 41.0 in stage 0.0 (TID 41)
[2025-03-19T16:23:17.065+0000] {subprocess.py:106} INFO - 25/03/19 16:23:17 INFO TaskSetManager: Finished task 40.0 in stage 0.0 (TID 40) in 25 ms on e20319ba40e1 (executor driver) (41/46)
[2025-03-19T16:23:17.078+0000] {subprocess.py:106} INFO - 25/03/19 16:23:17 INFO Executor: Finished task 41.0 in stage 0.0 (TID 41). 2706 bytes result sent to driver
[2025-03-19T16:23:17.080+0000] {subprocess.py:106} INFO - 25/03/19 16:23:17 INFO TaskSetManager: Starting task 42.0 in stage 0.0 (TID 42) (e20319ba40e1, executor driver, partition 42, PROCESS_LOCAL, 9186 bytes)
[2025-03-19T16:23:17.082+0000] {subprocess.py:106} INFO - 25/03/19 16:23:17 INFO Executor: Running task 42.0 in stage 0.0 (TID 42)
[2025-03-19T16:23:17.083+0000] {subprocess.py:106} INFO - 25/03/19 16:23:17 INFO TaskSetManager: Finished task 41.0 in stage 0.0 (TID 41) in 21 ms on e20319ba40e1 (executor driver) (42/46)
[2025-03-19T16:23:17.097+0000] {subprocess.py:106} INFO - 25/03/19 16:23:17 INFO Executor: Finished task 42.0 in stage 0.0 (TID 42). 2722 bytes result sent to driver
[2025-03-19T16:23:17.099+0000] {subprocess.py:106} INFO - 25/03/19 16:23:17 INFO TaskSetManager: Starting task 43.0 in stage 0.0 (TID 43) (e20319ba40e1, executor driver, partition 43, PROCESS_LOCAL, 9192 bytes)
[2025-03-19T16:23:17.100+0000] {subprocess.py:106} INFO - 25/03/19 16:23:17 INFO Executor: Running task 43.0 in stage 0.0 (TID 43)
[2025-03-19T16:23:17.101+0000] {subprocess.py:106} INFO - 25/03/19 16:23:17 INFO TaskSetManager: Finished task 42.0 in stage 0.0 (TID 42) in 20 ms on e20319ba40e1 (executor driver) (43/46)
[2025-03-19T16:23:17.116+0000] {subprocess.py:106} INFO - 25/03/19 16:23:17 INFO Executor: Finished task 43.0 in stage 0.0 (TID 43). 2734 bytes result sent to driver
[2025-03-19T16:23:17.118+0000] {subprocess.py:106} INFO - 25/03/19 16:23:17 INFO TaskSetManager: Starting task 44.0 in stage 0.0 (TID 44) (e20319ba40e1, executor driver, partition 44, PROCESS_LOCAL, 9183 bytes)
[2025-03-19T16:23:17.120+0000] {subprocess.py:106} INFO - 25/03/19 16:23:17 INFO Executor: Running task 44.0 in stage 0.0 (TID 44)
[2025-03-19T16:23:17.121+0000] {subprocess.py:106} INFO - 25/03/19 16:23:17 INFO TaskSetManager: Finished task 43.0 in stage 0.0 (TID 43) in 21 ms on e20319ba40e1 (executor driver) (44/46)
[2025-03-19T16:23:17.134+0000] {subprocess.py:106} INFO - 25/03/19 16:23:17 INFO Executor: Finished task 44.0 in stage 0.0 (TID 44). 2716 bytes result sent to driver
[2025-03-19T16:23:17.136+0000] {subprocess.py:106} INFO - 25/03/19 16:23:17 INFO TaskSetManager: Starting task 45.0 in stage 0.0 (TID 45) (e20319ba40e1, executor driver, partition 45, PROCESS_LOCAL, 9178 bytes)
[2025-03-19T16:23:17.137+0000] {subprocess.py:106} INFO - 25/03/19 16:23:17 INFO Executor: Running task 45.0 in stage 0.0 (TID 45)
[2025-03-19T16:23:17.138+0000] {subprocess.py:106} INFO - 25/03/19 16:23:17 INFO TaskSetManager: Finished task 44.0 in stage 0.0 (TID 44) in 20 ms on e20319ba40e1 (executor driver) (45/46)
[2025-03-19T16:23:17.152+0000] {subprocess.py:106} INFO - 25/03/19 16:23:17 INFO Executor: Finished task 45.0 in stage 0.0 (TID 45). 2706 bytes result sent to driver
[2025-03-19T16:23:17.159+0000] {subprocess.py:106} INFO - 25/03/19 16:23:17 INFO TaskSetManager: Finished task 45.0 in stage 0.0 (TID 45) in 24 ms on e20319ba40e1 (executor driver) (46/46)
[2025-03-19T16:23:17.160+0000] {subprocess.py:106} INFO - 25/03/19 16:23:17 INFO TaskSchedulerImpl: Removed TaskSet 0.0, whose tasks have all completed, from pool
[2025-03-19T16:23:17.162+0000] {subprocess.py:106} INFO - 25/03/19 16:23:17 INFO DAGScheduler: ResultStage 0 (parquet at NativeMethodAccessorImpl.java:0) finished in 1.813 s
[2025-03-19T16:23:17.167+0000] {subprocess.py:106} INFO - 25/03/19 16:23:17 INFO DAGScheduler: Job 0 is finished. Cancelling potential speculative or zombie tasks for this job
[2025-03-19T16:23:17.168+0000] {subprocess.py:106} INFO - 25/03/19 16:23:17 INFO TaskSchedulerImpl: Killing all running tasks in stage 0: Stage finished
[2025-03-19T16:23:17.171+0000] {subprocess.py:106} INFO - 25/03/19 16:23:17 INFO DAGScheduler: Job 0 finished: parquet at NativeMethodAccessorImpl.java:0, took 1.897528 s
[2025-03-19T16:23:17.197+0000] {subprocess.py:106} INFO - 25/03/19 16:23:17 INFO InMemoryFileIndex: It took 2714 ms to list leaf files for 1 paths.
[2025-03-19T16:23:17.492+0000] {subprocess.py:106} INFO - 25/03/19 16:23:17 INFO SparkContext: Starting job: parquet at NativeMethodAccessorImpl.java:0
[2025-03-19T16:23:17.494+0000] {subprocess.py:106} INFO - 25/03/19 16:23:17 INFO DAGScheduler: Got job 1 (parquet at NativeMethodAccessorImpl.java:0) with 1 output partitions
[2025-03-19T16:23:17.495+0000] {subprocess.py:106} INFO - 25/03/19 16:23:17 INFO DAGScheduler: Final stage: ResultStage 1 (parquet at NativeMethodAccessorImpl.java:0)
[2025-03-19T16:23:17.496+0000] {subprocess.py:106} INFO - 25/03/19 16:23:17 INFO DAGScheduler: Parents of final stage: List()
[2025-03-19T16:23:17.496+0000] {subprocess.py:106} INFO - 25/03/19 16:23:17 INFO DAGScheduler: Missing parents: List()
[2025-03-19T16:23:17.497+0000] {subprocess.py:106} INFO - 25/03/19 16:23:17 INFO DAGScheduler: Submitting ResultStage 1 (MapPartitionsRDD[3] at parquet at NativeMethodAccessorImpl.java:0), which has no missing parents
[2025-03-19T16:23:17.509+0000] {subprocess.py:106} INFO - 25/03/19 16:23:17 INFO MemoryStore: Block broadcast_1 stored as values in memory (estimated size 103.2 KiB, free 434.2 MiB)
[2025-03-19T16:23:17.519+0000] {subprocess.py:106} INFO - 25/03/19 16:23:17 INFO MemoryStore: Block broadcast_1_piece0 stored as bytes in memory (estimated size 37.1 KiB, free 434.1 MiB)
[2025-03-19T16:23:17.520+0000] {subprocess.py:106} INFO - 25/03/19 16:23:17 INFO BlockManagerInfo: Added broadcast_1_piece0 in memory on e20319ba40e1:44343 (size: 37.1 KiB, free: 434.3 MiB)
[2025-03-19T16:23:17.522+0000] {subprocess.py:106} INFO - 25/03/19 16:23:17 INFO SparkContext: Created broadcast 1 from broadcast at DAGScheduler.scala:1585
[2025-03-19T16:23:17.523+0000] {subprocess.py:106} INFO - 25/03/19 16:23:17 INFO DAGScheduler: Submitting 1 missing tasks from ResultStage 1 (MapPartitionsRDD[3] at parquet at NativeMethodAccessorImpl.java:0) (first 15 tasks are for partitions Vector(0))
[2025-03-19T16:23:17.524+0000] {subprocess.py:106} INFO - 25/03/19 16:23:17 INFO TaskSchedulerImpl: Adding task set 1.0 with 1 tasks resource profile 0
[2025-03-19T16:23:17.528+0000] {subprocess.py:106} INFO - 25/03/19 16:23:17 INFO TaskSetManager: Starting task 0.0 in stage 1.0 (TID 46) (e20319ba40e1, executor driver, partition 0, PROCESS_LOCAL, 9226 bytes)
[2025-03-19T16:23:17.530+0000] {subprocess.py:106} INFO - 25/03/19 16:23:17 INFO Executor: Running task 0.0 in stage 1.0 (TID 46)
[2025-03-19T16:23:17.926+0000] {subprocess.py:106} INFO - 25/03/19 16:23:17 INFO Executor: Finished task 0.0 in stage 1.0 (TID 46). 2218 bytes result sent to driver
[2025-03-19T16:23:17.929+0000] {subprocess.py:106} INFO - 25/03/19 16:23:17 INFO TaskSetManager: Finished task 0.0 in stage 1.0 (TID 46) in 402 ms on e20319ba40e1 (executor driver) (1/1)
[2025-03-19T16:23:17.930+0000] {subprocess.py:106} INFO - 25/03/19 16:23:17 INFO TaskSchedulerImpl: Removed TaskSet 1.0, whose tasks have all completed, from pool
[2025-03-19T16:23:17.931+0000] {subprocess.py:106} INFO - 25/03/19 16:23:17 INFO DAGScheduler: ResultStage 1 (parquet at NativeMethodAccessorImpl.java:0) finished in 0.432 s
[2025-03-19T16:23:17.933+0000] {subprocess.py:106} INFO - 25/03/19 16:23:17 INFO DAGScheduler: Job 1 is finished. Cancelling potential speculative or zombie tasks for this job
[2025-03-19T16:23:17.935+0000] {subprocess.py:106} INFO - 25/03/19 16:23:17 INFO TaskSchedulerImpl: Killing all running tasks in stage 1: Stage finished
[2025-03-19T16:23:17.935+0000] {subprocess.py:106} INFO - 25/03/19 16:23:17 INFO DAGScheduler: Job 1 finished: parquet at NativeMethodAccessorImpl.java:0, took 0.440733 s
[2025-03-19T16:23:19.176+0000] {subprocess.py:106} INFO - 25/03/19 16:23:19 INFO BlockManagerInfo: Removed broadcast_1_piece0 on e20319ba40e1:44343 in memory (size: 37.1 KiB, free: 434.4 MiB)
[2025-03-19T16:23:19.727+0000] {subprocess.py:106} INFO - 25/03/19 16:23:19 INFO DataSourceStrategy: Pruning directories with:
[2025-03-19T16:23:19.729+0000] {subprocess.py:106} INFO - 25/03/19 16:23:19 INFO FileSourceStrategy: Pushed Filters:
[2025-03-19T16:23:19.732+0000] {subprocess.py:106} INFO - 25/03/19 16:23:19 INFO FileSourceStrategy: Post-Scan Filters:
[2025-03-19T16:23:20.562+0000] {subprocess.py:106} INFO - 25/03/19 16:23:20 INFO CodeGenerator: Code generated in 435.281297 ms
[2025-03-19T16:23:20.604+0000] {subprocess.py:106} INFO - 25/03/19 16:23:20 INFO MemoryStore: Block broadcast_2 stored as values in memory (estimated size 201.0 KiB, free 434.1 MiB)
[2025-03-19T16:23:20.626+0000] {subprocess.py:106} INFO - 25/03/19 16:23:20 INFO MemoryStore: Block broadcast_2_piece0 stored as bytes in memory (estimated size 35.0 KiB, free 434.0 MiB)
[2025-03-19T16:23:20.627+0000] {subprocess.py:106} INFO - 25/03/19 16:23:20 INFO BlockManagerInfo: Added broadcast_2_piece0 in memory on e20319ba40e1:44343 (size: 35.0 KiB, free: 434.3 MiB)
[2025-03-19T16:23:20.629+0000] {subprocess.py:106} INFO - 25/03/19 16:23:20 INFO SparkContext: Created broadcast 2 from parquet at NativeMethodAccessorImpl.java:0
[2025-03-19T16:23:20.654+0000] {subprocess.py:106} INFO - 25/03/19 16:23:20 INFO FileSourceScanExec: Planning scan with bin packing, max size: 134217728 bytes, open cost is considered as scanning 4194304 bytes.
[2025-03-19T16:23:20.727+0000] {subprocess.py:106} INFO - 25/03/19 16:23:20 INFO BlockManagerInfo: Removed broadcast_0_piece0 on e20319ba40e1:44343 in memory (size: 36.8 KiB, free: 434.4 MiB)
[2025-03-19T16:23:20.838+0000] {subprocess.py:106} INFO - 25/03/19 16:23:20 INFO DAGScheduler: Registering RDD 7 (parquet at NativeMethodAccessorImpl.java:0) as input to shuffle 0
[2025-03-19T16:23:20.844+0000] {subprocess.py:106} INFO - 25/03/19 16:23:20 INFO DAGScheduler: Got map stage job 2 (parquet at NativeMethodAccessorImpl.java:0) with 2 output partitions
[2025-03-19T16:23:20.845+0000] {subprocess.py:106} INFO - 25/03/19 16:23:20 INFO DAGScheduler: Final stage: ShuffleMapStage 2 (parquet at NativeMethodAccessorImpl.java:0)
[2025-03-19T16:23:20.846+0000] {subprocess.py:106} INFO - 25/03/19 16:23:20 INFO DAGScheduler: Parents of final stage: List()
[2025-03-19T16:23:20.847+0000] {subprocess.py:106} INFO - 25/03/19 16:23:20 INFO DAGScheduler: Missing parents: List()
[2025-03-19T16:23:20.849+0000] {subprocess.py:106} INFO - 25/03/19 16:23:20 INFO DAGScheduler: Submitting ShuffleMapStage 2 (MapPartitionsRDD[7] at parquet at NativeMethodAccessorImpl.java:0), which has no missing parents
[2025-03-19T16:23:20.877+0000] {subprocess.py:106} INFO - 25/03/19 16:23:20 INFO MemoryStore: Block broadcast_3 stored as values in memory (estimated size 41.7 KiB, free 434.1 MiB)
[2025-03-19T16:23:20.880+0000] {subprocess.py:106} INFO - 25/03/19 16:23:20 INFO MemoryStore: Block broadcast_3_piece0 stored as bytes in memory (estimated size 18.4 KiB, free 434.1 MiB)
[2025-03-19T16:23:20.882+0000] {subprocess.py:106} INFO - 25/03/19 16:23:20 INFO BlockManagerInfo: Added broadcast_3_piece0 in memory on e20319ba40e1:44343 (size: 18.4 KiB, free: 434.3 MiB)
[2025-03-19T16:23:20.883+0000] {subprocess.py:106} INFO - 25/03/19 16:23:20 INFO SparkContext: Created broadcast 3 from broadcast at DAGScheduler.scala:1585
[2025-03-19T16:23:20.886+0000] {subprocess.py:106} INFO - 25/03/19 16:23:20 INFO DAGScheduler: Submitting 2 missing tasks from ShuffleMapStage 2 (MapPartitionsRDD[7] at parquet at NativeMethodAccessorImpl.java:0) (first 15 tasks are for partitions Vector(0, 1))
[2025-03-19T16:23:20.887+0000] {subprocess.py:106} INFO - 25/03/19 16:23:20 INFO TaskSchedulerImpl: Adding task set 2.0 with 2 tasks resource profile 0
[2025-03-19T16:23:20.897+0000] {subprocess.py:106} INFO - 25/03/19 16:23:20 INFO TaskSetManager: Starting task 0.0 in stage 2.0 (TID 47) (e20319ba40e1, executor driver, partition 0, PROCESS_LOCAL, 16722 bytes)
[2025-03-19T16:23:20.898+0000] {subprocess.py:106} INFO - 25/03/19 16:23:20 INFO Executor: Running task 0.0 in stage 2.0 (TID 47)
[2025-03-19T16:23:21.051+0000] {subprocess.py:106} INFO - 25/03/19 16:23:21 INFO CodeGenerator: Code generated in 85.297895 ms
[2025-03-19T16:23:21.095+0000] {subprocess.py:106} INFO - 25/03/19 16:23:21 INFO CodeGenerator: Code generated in 22.533157 ms
[2025-03-19T16:23:21.120+0000] {subprocess.py:106} INFO - 25/03/19 16:23:21 INFO CodeGenerator: Code generated in 10.407016 ms
[2025-03-19T16:23:21.152+0000] {subprocess.py:106} INFO - 25/03/19 16:23:21 INFO CodeGenerator: Code generated in 11.010054 ms
[2025-03-19T16:23:21.175+0000] {subprocess.py:106} INFO - 25/03/19 16:23:21 INFO CodeGenerator: Code generated in 11.724684 ms
[2025-03-19T16:23:21.199+0000] {subprocess.py:106} INFO - 25/03/19 16:23:21 INFO FileScanRDD: Reading File path: file:///opt/***/dags/medallion_data/silver_layer/city=Abington/part-00000-003719ea-6d49-472c-980a-51e4aef353a8.c000.snappy.parquet, range: 0-5020, partition values: [Abington]
[2025-03-19T16:23:21.376+0000] {subprocess.py:106} INFO - 25/03/19 16:23:21 INFO CodecPool: Got brand-new decompressor [.snappy]
[2025-03-19T16:23:21.604+0000] {subprocess.py:106} INFO - 25/03/19 16:23:21 INFO FileScanRDD: Reading File path: file:///opt/***/dags/medallion_data/silver_layer/city=Bend/part-00000-003719ea-6d49-472c-980a-51e4aef353a8.c000.snappy.parquet, range: 0-5002, partition values: [Bend]
[2025-03-19T16:23:21.627+0000] {subprocess.py:106} INFO - 25/03/19 16:23:21 INFO FileScanRDD: Reading File path: file:///opt/***/dags/medallion_data/silver_layer/city=Ocracoke/part-00000-003719ea-6d49-472c-980a-51e4aef353a8.c000.snappy.parquet, range: 0-4998, partition values: [Ocracoke]
[2025-03-19T16:23:21.647+0000] {subprocess.py:106} INFO - 25/03/19 16:23:21 INFO FileScanRDD: Reading File path: file:///opt/***/dags/medallion_data/silver_layer/city=Mount%20Pleasant/part-00000-003719ea-6d49-472c-980a-51e4aef353a8.c000.snappy.parquet, range: 0-4989, partition values: [Mount Pleasant]
[2025-03-19T16:23:21.669+0000] {subprocess.py:106} INFO - 25/03/19 16:23:21 INFO FileScanRDD: Reading File path: file:///opt/***/dags/medallion_data/silver_layer/city=Westlake%20Village/part-00000-003719ea-6d49-472c-980a-51e4aef353a8.c000.snappy.parquet, range: 0-4946, partition values: [Westlake Village]
[2025-03-19T16:23:21.693+0000] {subprocess.py:106} INFO - 25/03/19 16:23:21 INFO FileScanRDD: Reading File path: file:///opt/***/dags/medallion_data/silver_layer/city=Petaluma/part-00000-003719ea-6d49-472c-980a-51e4aef353a8.c000.snappy.parquet, range: 0-4928, partition values: [Petaluma]
[2025-03-19T16:23:21.718+0000] {subprocess.py:106} INFO - 25/03/19 16:23:21 INFO FileScanRDD: Reading File path: file:///opt/***/dags/medallion_data/silver_layer/city=Tucson/part-00000-003719ea-6d49-472c-980a-51e4aef353a8.c000.snappy.parquet, range: 0-4889, partition values: [Tucson]
[2025-03-19T16:23:21.745+0000] {subprocess.py:106} INFO - 25/03/19 16:23:21 INFO FileScanRDD: Reading File path: file:///opt/***/dags/medallion_data/silver_layer/city=Assumption/part-00000-003719ea-6d49-472c-980a-51e4aef353a8.c000.snappy.parquet, range: 0-4852, partition values: [Assumption]
[2025-03-19T16:23:21.765+0000] {subprocess.py:106} INFO - 25/03/19 16:23:21 INFO FileScanRDD: Reading File path: file:///opt/***/dags/medallion_data/silver_layer/city=Taylors/part-00000-003719ea-6d49-472c-980a-51e4aef353a8.c000.snappy.parquet, range: 0-4848, partition values: [Taylors]
[2025-03-19T16:23:21.784+0000] {subprocess.py:106} INFO - 25/03/19 16:23:21 INFO FileScanRDD: Reading File path: file:///opt/***/dags/medallion_data/silver_layer/city=Bellingham/part-00000-003719ea-6d49-472c-980a-51e4aef353a8.c000.snappy.parquet, range: 0-4841, partition values: [Bellingham]
[2025-03-19T16:23:21.802+0000] {subprocess.py:106} INFO - 25/03/19 16:23:21 INFO FileScanRDD: Reading File path: file:///opt/***/dags/medallion_data/silver_layer/city=Houston/part-00000-003719ea-6d49-472c-980a-51e4aef353a8.c000.snappy.parquet, range: 0-4823, partition values: [Houston]
[2025-03-19T16:23:21.819+0000] {subprocess.py:106} INFO - 25/03/19 16:23:21 INFO FileScanRDD: Reading File path: file:///opt/***/dags/medallion_data/silver_layer/city=Raleigh/part-00000-003719ea-6d49-472c-980a-51e4aef353a8.c000.snappy.parquet, range: 0-4819, partition values: [Raleigh]
[2025-03-19T16:23:21.832+0000] {subprocess.py:106} INFO - 25/03/19 16:23:21 INFO FileScanRDD: Reading File path: file:///opt/***/dags/medallion_data/silver_layer/city=Georgetown/part-00000-003719ea-6d49-472c-980a-51e4aef353a8.c000.snappy.parquet, range: 0-4808, partition values: [Georgetown]
[2025-03-19T16:23:21.845+0000] {subprocess.py:106} INFO - 25/03/19 16:23:21 INFO FileScanRDD: Reading File path: file:///opt/***/dags/medallion_data/silver_layer/city=Coraopolis/part-00000-003719ea-6d49-472c-980a-51e4aef353a8.c000.snappy.parquet, range: 0-4801, partition values: [Coraopolis]
[2025-03-19T16:23:21.856+0000] {subprocess.py:106} INFO - 25/03/19 16:23:21 INFO FileScanRDD: Reading File path: file:///opt/***/dags/medallion_data/silver_layer/city=Killeshin/part-00000-003719ea-6d49-472c-980a-51e4aef353a8.c000.snappy.parquet, range: 0-4798, partition values: [Killeshin]
[2025-03-19T16:23:21.873+0000] {subprocess.py:106} INFO - 25/03/19 16:23:21 INFO FileScanRDD: Reading File path: file:///opt/***/dags/medallion_data/silver_layer/city=Denver/part-00000-003719ea-6d49-472c-980a-51e4aef353a8.c000.snappy.parquet, range: 0-4789, partition values: [Denver]
[2025-03-19T16:23:21.888+0000] {subprocess.py:106} INFO - 25/03/19 16:23:21 INFO FileScanRDD: Reading File path: file:///opt/***/dags/medallion_data/silver_layer/city=Milwaukee/part-00000-003719ea-6d49-472c-980a-51e4aef353a8.c000.snappy.parquet, range: 0-4787, partition values: [Milwaukee]
[2025-03-19T16:23:21.903+0000] {subprocess.py:106} INFO - 25/03/19 16:23:21 INFO FileScanRDD: Reading File path: file:///opt/***/dags/medallion_data/silver_layer/city=Boise/part-00000-003719ea-6d49-472c-980a-51e4aef353a8.c000.snappy.parquet, range: 0-4786, partition values: [Boise]
[2025-03-19T16:23:21.920+0000] {subprocess.py:106} INFO - 25/03/19 16:23:21 INFO FileScanRDD: Reading File path: file:///opt/***/dags/medallion_data/silver_layer/city=Portland/part-00000-003719ea-6d49-472c-980a-51e4aef353a8.c000.snappy.parquet, range: 0-4786, partition values: [Portland]
[2025-03-19T16:23:21.936+0000] {subprocess.py:106} INFO - 25/03/19 16:23:21 INFO FileScanRDD: Reading File path: file:///opt/***/dags/medallion_data/silver_layer/city=Castle%20Rock/part-00000-003719ea-6d49-472c-980a-51e4aef353a8.c000.snappy.parquet, range: 0-4774, partition values: [Castle Rock]
[2025-03-19T16:23:21.952+0000] {subprocess.py:106} INFO - 25/03/19 16:23:21 INFO FileScanRDD: Reading File path: file:///opt/***/dags/medallion_data/silver_layer/city=Kenmore/part-00000-003719ea-6d49-472c-980a-51e4aef353a8.c000.snappy.parquet, range: 0-4770, partition values: [Kenmore]
[2025-03-19T16:23:21.965+0000] {subprocess.py:106} INFO - 25/03/19 16:23:21 INFO FileScanRDD: Reading File path: file:///opt/***/dags/medallion_data/silver_layer/city=Norman/part-00000-003719ea-6d49-472c-980a-51e4aef353a8.c000.snappy.parquet, range: 0-4751, partition values: [Norman]
[2025-03-19T16:23:21.978+0000] {subprocess.py:106} INFO - 25/03/19 16:23:21 INFO FileScanRDD: Reading File path: file:///opt/***/dags/medallion_data/silver_layer/city=Williamsville/part-00000-003719ea-6d49-472c-980a-51e4aef353a8.c000.snappy.parquet, range: 0-4750, partition values: [Williamsville]
[2025-03-19T16:23:21.991+0000] {subprocess.py:106} INFO - 25/03/19 16:23:21 INFO FileScanRDD: Reading File path: file:///opt/***/dags/medallion_data/silver_layer/city=Gary/part-00000-003719ea-6d49-472c-980a-51e4aef353a8.c000.snappy.parquet, range: 0-4741, partition values: [Gary]
[2025-03-19T16:23:22.005+0000] {subprocess.py:106} INFO - 25/03/19 16:23:22 INFO FileScanRDD: Reading File path: file:///opt/***/dags/medallion_data/silver_layer/city=Holland%20Patent/part-00000-003719ea-6d49-472c-980a-51e4aef353a8.c000.snappy.parquet, range: 0-4724, partition values: [Holland Patent]
[2025-03-19T16:23:22.019+0000] {subprocess.py:106} INFO - 25/03/19 16:23:22 INFO FileScanRDD: Reading File path: file:///opt/***/dags/medallion_data/silver_layer/city=Cincinnati/part-00000-003719ea-6d49-472c-980a-51e4aef353a8.c000.snappy.parquet, range: 0-4721, partition values: [Cincinnati]
[2025-03-19T16:23:22.034+0000] {subprocess.py:106} INFO - 25/03/19 16:23:22 INFO FileScanRDD: Reading File path: file:///opt/***/dags/medallion_data/silver_layer/city=John%20Day/part-00000-003719ea-6d49-472c-980a-51e4aef353a8.c000.snappy.parquet, range: 0-4717, partition values: [John Day]
[2025-03-19T16:23:22.049+0000] {subprocess.py:106} INFO - 25/03/19 16:23:22 INFO FileScanRDD: Reading File path: file:///opt/***/dags/medallion_data/silver_layer/city=Reno/part-00000-003719ea-6d49-472c-980a-51e4aef353a8.c000.snappy.parquet, range: 0-4712, partition values: [Reno]
[2025-03-19T16:23:22.062+0000] {subprocess.py:106} INFO - 25/03/19 16:23:22 INFO FileScanRDD: Reading File path: file:///opt/***/dags/medallion_data/silver_layer/city=Gilbert/part-00000-003719ea-6d49-472c-980a-51e4aef353a8.c000.snappy.parquet, range: 0-4707, partition values: [Gilbert]
[2025-03-19T16:23:22.076+0000] {subprocess.py:106} INFO - 25/03/19 16:23:22 INFO FileScanRDD: Reading File path: file:///opt/***/dags/medallion_data/silver_layer/city=Louisville/part-00000-003719ea-6d49-472c-980a-51e4aef353a8.c000.snappy.parquet, range: 0-4702, partition values: [Louisville]
[2025-03-19T16:23:22.088+0000] {subprocess.py:106} INFO - 25/03/19 16:23:22 INFO FileScanRDD: Reading File path: file:///opt/***/dags/medallion_data/silver_layer/city=Saint%20Paul/part-00000-003719ea-6d49-472c-980a-51e4aef353a8.c000.snappy.parquet, range: 0-4700, partition values: [Saint Paul]
[2025-03-19T16:23:22.100+0000] {subprocess.py:106} INFO - 25/03/19 16:23:22 INFO FileScanRDD: Reading File path: file:///opt/***/dags/medallion_data/silver_layer/city=San%20Diego/part-00000-003719ea-6d49-472c-980a-51e4aef353a8.c000.snappy.parquet, range: 0-4674, partition values: [San Diego]
[2025-03-19T16:23:22.204+0000] {subprocess.py:106} INFO - 25/03/19 16:23:22 INFO Executor: Finished task 0.0 in stage 2.0 (TID 47). 3191 bytes result sent to driver
[2025-03-19T16:23:22.206+0000] {subprocess.py:106} INFO - 25/03/19 16:23:22 INFO TaskSetManager: Starting task 1.0 in stage 2.0 (TID 48) (e20319ba40e1, executor driver, partition 1, PROCESS_LOCAL, 12652 bytes)
[2025-03-19T16:23:22.207+0000] {subprocess.py:106} INFO - 25/03/19 16:23:22 INFO Executor: Running task 1.0 in stage 2.0 (TID 48)
[2025-03-19T16:23:22.209+0000] {subprocess.py:106} INFO - 25/03/19 16:23:22 INFO TaskSetManager: Finished task 0.0 in stage 2.0 (TID 47) in 1320 ms on e20319ba40e1 (executor driver) (1/2)
[2025-03-19T16:23:22.242+0000] {subprocess.py:106} INFO - 25/03/19 16:23:22 INFO FileScanRDD: Reading File path: file:///opt/***/dags/medallion_data/silver_layer/city=Saint%20Albans/part-00000-003719ea-6d49-472c-980a-51e4aef353a8.c000.snappy.parquet, range: 0-4667, partition values: [Saint Albans]
[2025-03-19T16:23:22.254+0000] {subprocess.py:106} INFO - 25/03/19 16:23:22 INFO FileScanRDD: Reading File path: file:///opt/***/dags/medallion_data/silver_layer/city=Des%20Moines/part-00000-003719ea-6d49-472c-980a-51e4aef353a8.c000.snappy.parquet, range: 0-4667, partition values: [Des Moines]
[2025-03-19T16:23:22.265+0000] {subprocess.py:106} INFO - 25/03/19 16:23:22 INFO FileScanRDD: Reading File path: file:///opt/***/dags/medallion_data/silver_layer/city=Mason/part-00000-003719ea-6d49-472c-980a-51e4aef353a8.c000.snappy.parquet, range: 0-4657, partition values: [Mason]
[2025-03-19T16:23:22.278+0000] {subprocess.py:106} INFO - 25/03/19 16:23:22 INFO FileScanRDD: Reading File path: file:///opt/***/dags/medallion_data/silver_layer/city=Anoka/part-00000-003719ea-6d49-472c-980a-51e4aef353a8.c000.snappy.parquet, range: 0-4653, partition values: [Anoka]
[2025-03-19T16:23:22.291+0000] {subprocess.py:106} INFO - 25/03/19 16:23:22 INFO FileScanRDD: Reading File path: file:///opt/***/dags/medallion_data/silver_layer/city=Austin/part-00000-003719ea-6d49-472c-980a-51e4aef353a8.c000.snappy.parquet, range: 0-4623, partition values: [Austin]
[2025-03-19T16:23:22.305+0000] {subprocess.py:106} INFO - 25/03/19 16:23:22 INFO FileScanRDD: Reading File path: file:///opt/***/dags/medallion_data/silver_layer/city=okolona/part-00000-003719ea-6d49-472c-980a-51e4aef353a8.c000.snappy.parquet, range: 0-4598, partition values: [okolona]
[2025-03-19T16:23:22.319+0000] {subprocess.py:106} INFO - 25/03/19 16:23:22 INFO FileScanRDD: Reading File path: file:///opt/***/dags/medallion_data/silver_layer/city=Jackson/part-00000-003719ea-6d49-472c-980a-51e4aef353a8.c000.snappy.parquet, range: 0-4543, partition values: [Jackson]
[2025-03-19T16:23:22.331+0000] {subprocess.py:106} INFO - 25/03/19 16:23:22 INFO FileScanRDD: Reading File path: file:///opt/***/dags/medallion_data/silver_layer/city=Knox/part-00000-003719ea-6d49-472c-980a-51e4aef353a8.c000.snappy.parquet, range: 0-4508, partition values: [Knox]
[2025-03-19T16:23:22.343+0000] {subprocess.py:106} INFO - 25/03/19 16:23:22 INFO FileScanRDD: Reading File path: file:///opt/***/dags/medallion_data/silver_layer/city=Hammond/part-00000-003719ea-6d49-472c-980a-51e4aef353a8.c000.snappy.parquet, range: 0-4488, partition values: [Hammond]
[2025-03-19T16:23:22.355+0000] {subprocess.py:106} INFO - 25/03/19 16:23:22 INFO FileScanRDD: Reading File path: file:///opt/***/dags/medallion_data/silver_layer/city=Mariposa/part-00000-003719ea-6d49-472c-980a-51e4aef353a8.c000.snappy.parquet, range: 0-4487, partition values: [Mariposa]
[2025-03-19T16:23:22.366+0000] {subprocess.py:106} INFO - 25/03/19 16:23:22 INFO FileScanRDD: Reading File path: file:///opt/***/dags/medallion_data/silver_layer/city=Westminister/part-00000-003719ea-6d49-472c-980a-51e4aef353a8.c000.snappy.parquet, range: 0-4423, partition values: [Westminister]
[2025-03-19T16:23:22.378+0000] {subprocess.py:106} INFO - 25/03/19 16:23:22 INFO FileScanRDD: Reading File path: file:///opt/***/dags/medallion_data/silver_layer/city=Spotsylvania/part-00000-003719ea-6d49-472c-980a-51e4aef353a8.c000.snappy.parquet, range: 0-4407, partition values: [Spotsylvania]
[2025-03-19T16:23:22.389+0000] {subprocess.py:106} INFO - 25/03/19 16:23:22 INFO FileScanRDD: Reading File path: file:///opt/***/dags/medallion_data/silver_layer/city=Mesa/part-00000-003719ea-6d49-472c-980a-51e4aef353a8.c000.snappy.parquet, range: 0-4406, partition values: [Mesa]
[2025-03-19T16:23:22.399+0000] {subprocess.py:106} INFO - 25/03/19 16:23:22 INFO FileScanRDD: Reading File path: file:///opt/***/dags/medallion_data/silver_layer/city=Crosslake/part-00000-003719ea-6d49-472c-980a-51e4aef353a8.c000.snappy.parquet, range: 0-4138, partition values: [Crosslake]
[2025-03-19T16:23:22.431+0000] {subprocess.py:106} INFO - 25/03/19 16:23:22 INFO Executor: Finished task 1.0 in stage 2.0 (TID 48). 3105 bytes result sent to driver
[2025-03-19T16:23:22.432+0000] {subprocess.py:106} INFO - 25/03/19 16:23:22 INFO TaskSetManager: Finished task 1.0 in stage 2.0 (TID 48) in 227 ms on e20319ba40e1 (executor driver) (2/2)
[2025-03-19T16:23:22.433+0000] {subprocess.py:106} INFO - 25/03/19 16:23:22 INFO TaskSchedulerImpl: Removed TaskSet 2.0, whose tasks have all completed, from pool
[2025-03-19T16:23:22.434+0000] {subprocess.py:106} INFO - 25/03/19 16:23:22 INFO DAGScheduler: ShuffleMapStage 2 (parquet at NativeMethodAccessorImpl.java:0) finished in 1.577 s
[2025-03-19T16:23:22.435+0000] {subprocess.py:106} INFO - 25/03/19 16:23:22 INFO DAGScheduler: looking for newly runnable stages
[2025-03-19T16:23:22.435+0000] {subprocess.py:106} INFO - 25/03/19 16:23:22 INFO DAGScheduler: running: Set()
[2025-03-19T16:23:22.436+0000] {subprocess.py:106} INFO - 25/03/19 16:23:22 INFO DAGScheduler: waiting: Set()
[2025-03-19T16:23:22.437+0000] {subprocess.py:106} INFO - 25/03/19 16:23:22 INFO DAGScheduler: failed: Set()
[2025-03-19T16:23:22.469+0000] {subprocess.py:106} INFO - 25/03/19 16:23:22 INFO ShufflePartitionsUtil: For shuffle(0), advisory target size: 67108864, actual target size 1048576, minimum partition size: 1048576
[2025-03-19T16:23:22.540+0000] {subprocess.py:106} INFO - 25/03/19 16:23:22 INFO ParquetUtils: Using default output committer for Parquet: org.apache.parquet.hadoop.ParquetOutputCommitter
[2025-03-19T16:23:22.556+0000] {subprocess.py:106} INFO - 25/03/19 16:23:22 INFO FileOutputCommitter: File Output Committer Algorithm version is 1
[2025-03-19T16:23:22.557+0000] {subprocess.py:106} INFO - 25/03/19 16:23:22 INFO FileOutputCommitter: FileOutputCommitter skip cleanup _temporary folders under output directory:false, ignore cleanup failures: false
[2025-03-19T16:23:22.559+0000] {subprocess.py:106} INFO - 25/03/19 16:23:22 INFO SQLHadoopMapReduceCommitProtocol: Using user defined output committer class org.apache.parquet.hadoop.ParquetOutputCommitter
[2025-03-19T16:23:22.560+0000] {subprocess.py:106} INFO - 25/03/19 16:23:22 INFO FileOutputCommitter: File Output Committer Algorithm version is 1
[2025-03-19T16:23:22.560+0000] {subprocess.py:106} INFO - 25/03/19 16:23:22 INFO FileOutputCommitter: FileOutputCommitter skip cleanup _temporary folders under output directory:false, ignore cleanup failures: false
[2025-03-19T16:23:22.561+0000] {subprocess.py:106} INFO - 25/03/19 16:23:22 INFO SQLHadoopMapReduceCommitProtocol: Using output committer class org.apache.parquet.hadoop.ParquetOutputCommitter
[2025-03-19T16:23:22.590+0000] {subprocess.py:106} INFO - 25/03/19 16:23:22 INFO HashAggregateExec: spark.sql.codegen.aggregate.map.twolevel.enabled is set to true, but current version of codegened fast hashmap does not support this aggregate.
[2025-03-19T16:23:22.636+0000] {subprocess.py:106} INFO - 25/03/19 16:23:22 INFO CodeGenerator: Code generated in 31.041188 ms
[2025-03-19T16:23:22.680+0000] {subprocess.py:106} INFO - 25/03/19 16:23:22 INFO SparkContext: Starting job: parquet at NativeMethodAccessorImpl.java:0
[2025-03-19T16:23:22.683+0000] {subprocess.py:106} INFO - 25/03/19 16:23:22 INFO DAGScheduler: Got job 3 (parquet at NativeMethodAccessorImpl.java:0) with 1 output partitions
[2025-03-19T16:23:22.684+0000] {subprocess.py:106} INFO - 25/03/19 16:23:22 INFO DAGScheduler: Final stage: ResultStage 4 (parquet at NativeMethodAccessorImpl.java:0)
[2025-03-19T16:23:22.685+0000] {subprocess.py:106} INFO - 25/03/19 16:23:22 INFO DAGScheduler: Parents of final stage: List(ShuffleMapStage 3)
[2025-03-19T16:23:22.686+0000] {subprocess.py:106} INFO - 25/03/19 16:23:22 INFO DAGScheduler: Missing parents: List()
[2025-03-19T16:23:22.687+0000] {subprocess.py:106} INFO - 25/03/19 16:23:22 INFO DAGScheduler: Submitting ResultStage 4 (MapPartitionsRDD[10] at parquet at NativeMethodAccessorImpl.java:0), which has no missing parents
[2025-03-19T16:23:22.738+0000] {subprocess.py:106} INFO - 25/03/19 16:23:22 INFO MemoryStore: Block broadcast_4 stored as values in memory (estimated size 240.7 KiB, free 433.9 MiB)
[2025-03-19T16:23:22.752+0000] {subprocess.py:106} INFO - 25/03/19 16:23:22 INFO MemoryStore: Block broadcast_4_piece0 stored as bytes in memory (estimated size 89.2 KiB, free 433.8 MiB)
[2025-03-19T16:23:22.753+0000] {subprocess.py:106} INFO - 25/03/19 16:23:22 INFO BlockManagerInfo: Added broadcast_4_piece0 in memory on e20319ba40e1:44343 (size: 89.2 KiB, free: 434.3 MiB)
[2025-03-19T16:23:22.755+0000] {subprocess.py:106} INFO - 25/03/19 16:23:22 INFO BlockManagerInfo: Removed broadcast_3_piece0 on e20319ba40e1:44343 in memory (size: 18.4 KiB, free: 434.3 MiB)
[2025-03-19T16:23:22.758+0000] {subprocess.py:106} INFO - 25/03/19 16:23:22 INFO SparkContext: Created broadcast 4 from broadcast at DAGScheduler.scala:1585
[2025-03-19T16:23:22.761+0000] {subprocess.py:106} INFO - 25/03/19 16:23:22 INFO DAGScheduler: Submitting 1 missing tasks from ResultStage 4 (MapPartitionsRDD[10] at parquet at NativeMethodAccessorImpl.java:0) (first 15 tasks are for partitions Vector(0))
[2025-03-19T16:23:22.765+0000] {subprocess.py:106} INFO - 25/03/19 16:23:22 INFO TaskSchedulerImpl: Adding task set 4.0 with 1 tasks resource profile 0
[2025-03-19T16:23:22.772+0000] {subprocess.py:106} INFO - 25/03/19 16:23:22 INFO TaskSetManager: Starting task 0.0 in stage 4.0 (TID 49) (e20319ba40e1, executor driver, partition 0, NODE_LOCAL, 8999 bytes)
[2025-03-19T16:23:22.774+0000] {subprocess.py:106} INFO - 25/03/19 16:23:22 INFO Executor: Running task 0.0 in stage 4.0 (TID 49)
[2025-03-19T16:23:22.890+0000] {subprocess.py:106} INFO - 25/03/19 16:23:22 INFO ShuffleBlockFetcherIterator: Getting 2 (3.8 KiB) non-empty blocks including 2 (3.8 KiB) local and 0 (0.0 B) host-local and 0 (0.0 B) push-merged-local and 0 (0.0 B) remote blocks
[2025-03-19T16:23:22.896+0000] {subprocess.py:106} INFO - 25/03/19 16:23:22 INFO ShuffleBlockFetcherIterator: Started 0 remote fetches in 27 ms
[2025-03-19T16:23:22.937+0000] {subprocess.py:106} INFO - 25/03/19 16:23:22 INFO CodeGenerator: Code generated in 34.4043 ms
[2025-03-19T16:23:22.939+0000] {subprocess.py:106} INFO - 25/03/19 16:23:22 INFO FileOutputCommitter: File Output Committer Algorithm version is 1
[2025-03-19T16:23:22.940+0000] {subprocess.py:106} INFO - 25/03/19 16:23:22 INFO FileOutputCommitter: FileOutputCommitter skip cleanup _temporary folders under output directory:false, ignore cleanup failures: false
[2025-03-19T16:23:22.941+0000] {subprocess.py:106} INFO - 25/03/19 16:23:22 INFO SQLHadoopMapReduceCommitProtocol: Using user defined output committer class org.apache.parquet.hadoop.ParquetOutputCommitter
[2025-03-19T16:23:22.942+0000] {subprocess.py:106} INFO - 25/03/19 16:23:22 INFO FileOutputCommitter: File Output Committer Algorithm version is 1
[2025-03-19T16:23:22.943+0000] {subprocess.py:106} INFO - 25/03/19 16:23:22 INFO FileOutputCommitter: FileOutputCommitter skip cleanup _temporary folders under output directory:false, ignore cleanup failures: false
[2025-03-19T16:23:22.943+0000] {subprocess.py:106} INFO - 25/03/19 16:23:22 INFO SQLHadoopMapReduceCommitProtocol: Using output committer class org.apache.parquet.hadoop.ParquetOutputCommitter
[2025-03-19T16:23:22.950+0000] {subprocess.py:106} INFO - 25/03/19 16:23:22 INFO CodecConfig: Compression: SNAPPY
[2025-03-19T16:23:22.953+0000] {subprocess.py:106} INFO - 25/03/19 16:23:22 INFO CodecConfig: Compression: SNAPPY
[2025-03-19T16:23:22.975+0000] {subprocess.py:106} INFO - 25/03/19 16:23:22 INFO ParquetOutputFormat: ParquetRecordWriter [block size: 134217728b, row group padding size: 8388608b, validating: false]
[2025-03-19T16:23:22.985+0000] {subprocess.py:106} INFO - 25/03/19 16:23:22 INFO ParquetWriteSupport: Initialized Parquet WriteSupport with Catalyst schema:
[2025-03-19T16:23:22.986+0000] {subprocess.py:106} INFO - {
[2025-03-19T16:23:22.987+0000] {subprocess.py:106} INFO -   "type" : "struct",
[2025-03-19T16:23:22.987+0000] {subprocess.py:106} INFO -   "fields" : [ {
[2025-03-19T16:23:22.988+0000] {subprocess.py:106} INFO -     "name" : "brewery_type",
[2025-03-19T16:23:22.989+0000] {subprocess.py:106} INFO -     "type" : "string",
[2025-03-19T16:23:22.990+0000] {subprocess.py:106} INFO -     "nullable" : true,
[2025-03-19T16:23:22.991+0000] {subprocess.py:106} INFO -     "metadata" : { }
[2025-03-19T16:23:22.991+0000] {subprocess.py:106} INFO -   }, {
[2025-03-19T16:23:22.992+0000] {subprocess.py:106} INFO -     "name" : "state",
[2025-03-19T16:23:22.993+0000] {subprocess.py:106} INFO -     "type" : "string",
[2025-03-19T16:23:22.994+0000] {subprocess.py:106} INFO -     "nullable" : true,
[2025-03-19T16:23:22.995+0000] {subprocess.py:106} INFO -     "metadata" : { }
[2025-03-19T16:23:22.995+0000] {subprocess.py:106} INFO -   }, {
[2025-03-19T16:23:22.996+0000] {subprocess.py:106} INFO -     "name" : "count",
[2025-03-19T16:23:22.996+0000] {subprocess.py:106} INFO -     "type" : "long",
[2025-03-19T16:23:22.997+0000] {subprocess.py:106} INFO -     "nullable" : false,
[2025-03-19T16:23:22.998+0000] {subprocess.py:106} INFO -     "metadata" : { }
[2025-03-19T16:23:22.999+0000] {subprocess.py:106} INFO -   } ]
[2025-03-19T16:23:22.999+0000] {subprocess.py:106} INFO - }
[2025-03-19T16:23:23.000+0000] {subprocess.py:106} INFO - and corresponding Parquet message type:
[2025-03-19T16:23:23.001+0000] {subprocess.py:106} INFO - message spark_schema {
[2025-03-19T16:23:23.002+0000] {subprocess.py:106} INFO -   optional binary brewery_type (STRING);
[2025-03-19T16:23:23.003+0000] {subprocess.py:106} INFO -   optional binary state (STRING);
[2025-03-19T16:23:23.003+0000] {subprocess.py:106} INFO -   required int64 count;
[2025-03-19T16:23:23.004+0000] {subprocess.py:106} INFO - }
[2025-03-19T16:23:23.005+0000] {subprocess.py:106} INFO - 
[2025-03-19T16:23:23.006+0000] {subprocess.py:106} INFO - 
[2025-03-19T16:23:23.044+0000] {subprocess.py:106} INFO - 25/03/19 16:23:23 INFO CodecPool: Got brand-new compressor [.snappy]
[2025-03-19T16:23:23.212+0000] {subprocess.py:106} INFO - 25/03/19 16:23:23 INFO FileOutputCommitter: Saved output of task 'attempt_202503191623228025914458998551322_0004_m_000000_49' to file:/opt/***/dags/medallion_data/gold_layer/_temporary/0/task_202503191623228025914458998551322_0004_m_000000
[2025-03-19T16:23:23.215+0000] {subprocess.py:106} INFO - 25/03/19 16:23:23 INFO SparkHadoopMapRedUtil: attempt_202503191623228025914458998551322_0004_m_000000_49: Committed. Elapsed time: 3 ms.
[2025-03-19T16:23:23.228+0000] {subprocess.py:106} INFO - 25/03/19 16:23:23 INFO Executor: Finished task 0.0 in stage 4.0 (TID 49). 6520 bytes result sent to driver
[2025-03-19T16:23:23.232+0000] {subprocess.py:106} INFO - 25/03/19 16:23:23 INFO TaskSetManager: Finished task 0.0 in stage 4.0 (TID 49) in 463 ms on e20319ba40e1 (executor driver) (1/1)
[2025-03-19T16:23:23.233+0000] {subprocess.py:106} INFO - 25/03/19 16:23:23 INFO TaskSchedulerImpl: Removed TaskSet 4.0, whose tasks have all completed, from pool
[2025-03-19T16:23:23.234+0000] {subprocess.py:106} INFO - 25/03/19 16:23:23 INFO DAGScheduler: ResultStage 4 (parquet at NativeMethodAccessorImpl.java:0) finished in 0.532 s
[2025-03-19T16:23:23.235+0000] {subprocess.py:106} INFO - 25/03/19 16:23:23 INFO DAGScheduler: Job 3 is finished. Cancelling potential speculative or zombie tasks for this job
[2025-03-19T16:23:23.236+0000] {subprocess.py:106} INFO - 25/03/19 16:23:23 INFO TaskSchedulerImpl: Killing all running tasks in stage 4: Stage finished
[2025-03-19T16:23:23.237+0000] {subprocess.py:106} INFO - 25/03/19 16:23:23 INFO DAGScheduler: Job 3 finished: parquet at NativeMethodAccessorImpl.java:0, took 0.555686 s
[2025-03-19T16:23:23.239+0000] {subprocess.py:106} INFO - 25/03/19 16:23:23 INFO FileFormatWriter: Start to commit write Job eb98fb9e-bae8-49c1-9cf9-79ad407ee707.
[2025-03-19T16:23:23.281+0000] {subprocess.py:106} INFO - 25/03/19 16:23:23 INFO FileFormatWriter: Write Job eb98fb9e-bae8-49c1-9cf9-79ad407ee707 committed. Elapsed time: 41 ms.
[2025-03-19T16:23:23.286+0000] {subprocess.py:106} INFO - 25/03/19 16:23:23 INFO FileFormatWriter: Finished processing stats for write job eb98fb9e-bae8-49c1-9cf9-79ad407ee707.
[2025-03-19T16:23:23.292+0000] {subprocess.py:106} INFO - Gold data has been stored
[2025-03-19T16:23:23.386+0000] {subprocess.py:106} INFO - 25/03/19 16:23:23 INFO SparkContext: Invoking stop() from shutdown hook
[2025-03-19T16:23:23.388+0000] {subprocess.py:106} INFO - 25/03/19 16:23:23 INFO SparkContext: SparkContext is stopping with exitCode 0.
[2025-03-19T16:23:23.406+0000] {subprocess.py:106} INFO - 25/03/19 16:23:23 INFO SparkUI: Stopped Spark web UI at http://e20319ba40e1:4040
[2025-03-19T16:23:23.425+0000] {subprocess.py:106} INFO - 25/03/19 16:23:23 INFO MapOutputTrackerMasterEndpoint: MapOutputTrackerMasterEndpoint stopped!
[2025-03-19T16:23:23.449+0000] {subprocess.py:106} INFO - 25/03/19 16:23:23 INFO MemoryStore: MemoryStore cleared
[2025-03-19T16:23:23.450+0000] {subprocess.py:106} INFO - 25/03/19 16:23:23 INFO BlockManager: BlockManager stopped
[2025-03-19T16:23:23.457+0000] {subprocess.py:106} INFO - 25/03/19 16:23:23 INFO BlockManagerMaster: BlockManagerMaster stopped
[2025-03-19T16:23:23.464+0000] {subprocess.py:106} INFO - 25/03/19 16:23:23 INFO OutputCommitCoordinator$OutputCommitCoordinatorEndpoint: OutputCommitCoordinator stopped!
[2025-03-19T16:23:23.477+0000] {subprocess.py:106} INFO - 25/03/19 16:23:23 INFO SparkContext: Successfully stopped SparkContext
[2025-03-19T16:23:23.478+0000] {subprocess.py:106} INFO - 25/03/19 16:23:23 INFO ShutdownHookManager: Shutdown hook called
[2025-03-19T16:23:23.479+0000] {subprocess.py:106} INFO - 25/03/19 16:23:23 INFO ShutdownHookManager: Deleting directory /tmp/spark-07c8afda-a23d-4aa4-a5d4-3485240834b2
[2025-03-19T16:23:23.486+0000] {subprocess.py:106} INFO - 25/03/19 16:23:23 INFO ShutdownHookManager: Deleting directory /tmp/spark-a302be83-d56c-4917-9690-66bb61a0929c
[2025-03-19T16:23:23.494+0000] {subprocess.py:106} INFO - 25/03/19 16:23:23 INFO ShutdownHookManager: Deleting directory /tmp/spark-07c8afda-a23d-4aa4-a5d4-3485240834b2/pyspark-5a888a0d-d6c7-466b-9038-9893212299a8
[2025-03-19T16:23:23.576+0000] {subprocess.py:110} INFO - Command exited with return code 0
[2025-03-19T16:23:23.618+0000] {taskinstance.py:341} INFO - ::group::Post task execution logs
[2025-03-19T16:23:23.619+0000] {taskinstance.py:353} INFO - Marking task as SUCCESS. dag_id=pyspark_etl_pipeline, task_id=gold_ingestion, run_id=manual__2025-03-19T05:14:09.222928+00:00, execution_date=20250319T051409, start_date=20250319T162301, end_date=20250319T162323
[2025-03-19T16:23:23.674+0000] {local_task_job_runner.py:266} INFO - Task exited with return code 0
[2025-03-19T16:23:23.702+0000] {taskinstance.py:3901} INFO - 1 downstream tasks scheduled from follow-on schedule check
[2025-03-19T16:23:23.704+0000] {local_task_job_runner.py:245} INFO - ::endgroup::
