[2025-03-18T20:56:11.548+0000] {local_task_job_runner.py:123} INFO - ::group::Pre task execution logs
[2025-03-18T20:56:11.571+0000] {taskinstance.py:2614} INFO - Dependencies all met for dep_context=non-requeueable deps ti=<TaskInstance: pyspark_etl_pipeline.bronze_ingestion manual__2025-03-18T19:18:51.027148+00:00 [queued]>
[2025-03-18T20:56:11.583+0000] {taskinstance.py:2614} INFO - Dependencies all met for dep_context=requeueable deps ti=<TaskInstance: pyspark_etl_pipeline.bronze_ingestion manual__2025-03-18T19:18:51.027148+00:00 [queued]>
[2025-03-18T20:56:11.583+0000] {taskinstance.py:2867} INFO - Starting attempt 5 of 6
[2025-03-18T20:56:11.601+0000] {taskinstance.py:2890} INFO - Executing <Task(BashOperator): bronze_ingestion> on 2025-03-18 19:18:51.027148+00:00
[2025-03-18T20:56:11.608+0000] {standard_task_runner.py:104} INFO - Running: ['***', 'tasks', 'run', 'pyspark_etl_pipeline', 'bronze_ingestion', 'manual__2025-03-18T19:18:51.027148+00:00', '--job-id', '64', '--raw', '--subdir', 'DAGS_FOLDER/dag_pipeline.py', '--cfg-path', '/tmp/tmpofyt6b1n']
[2025-03-18T20:56:11.611+0000] {standard_task_runner.py:105} INFO - Job 64: Subtask bronze_ingestion
[2025-03-18T20:56:11.613+0000] {logging_mixin.py:190} WARNING - /home/***/.local/lib/python3.12/site-packages/***/task/task_runner/standard_task_runner.py:70 DeprecationWarning: This process (pid=5888) is multi-threaded, use of fork() may lead to deadlocks in the child.
[2025-03-18T20:56:11.615+0000] {standard_task_runner.py:72} INFO - Started process 5889 to run task
[2025-03-18T20:56:11.674+0000] {task_command.py:467} INFO - Running <TaskInstance: pyspark_etl_pipeline.bronze_ingestion manual__2025-03-18T19:18:51.027148+00:00 [running]> on host f51d6b911be2
[2025-03-18T20:56:11.791+0000] {taskinstance.py:3134} INFO - Exporting env vars: AIRFLOW_CTX_DAG_OWNER='***' AIRFLOW_CTX_DAG_ID='pyspark_etl_pipeline' AIRFLOW_CTX_TASK_ID='bronze_ingestion' AIRFLOW_CTX_EXECUTION_DATE='2025-03-18T19:18:51.027148+00:00' AIRFLOW_CTX_TRY_NUMBER='5' AIRFLOW_CTX_DAG_RUN_ID='manual__2025-03-18T19:18:51.027148+00:00'
[2025-03-18T20:56:11.793+0000] {taskinstance.py:732} INFO - ::endgroup::
[2025-03-18T20:56:11.812+0000] {subprocess.py:78} INFO - Tmp dir root location: /tmp
[2025-03-18T20:56:11.814+0000] {subprocess.py:88} INFO - Running command: ['/usr/bin/bash', '-c', 'spark-submit --master local /opt/***/dags/bronze_ingestion.py']
[2025-03-18T20:56:11.823+0000] {subprocess.py:99} INFO - Output:
[2025-03-18T20:56:14.815+0000] {subprocess.py:106} INFO - 25/03/18 20:56:14 INFO SparkContext: Running Spark version 3.5.5
[2025-03-18T20:56:14.817+0000] {subprocess.py:106} INFO - 25/03/18 20:56:14 INFO SparkContext: OS info Linux, 6.12.5-linuxkit, amd64
[2025-03-18T20:56:14.818+0000] {subprocess.py:106} INFO - 25/03/18 20:56:14 INFO SparkContext: Java version 17.0.14
[2025-03-18T20:56:14.870+0000] {subprocess.py:106} INFO - 25/03/18 20:56:14 WARN NativeCodeLoader: Unable to load native-hadoop library for your platform... using builtin-java classes where applicable
[2025-03-18T20:56:14.968+0000] {subprocess.py:106} INFO - 25/03/18 20:56:14 INFO ResourceUtils: ==============================================================
[2025-03-18T20:56:14.969+0000] {subprocess.py:106} INFO - 25/03/18 20:56:14 INFO ResourceUtils: No custom resources configured for spark.driver.
[2025-03-18T20:56:14.970+0000] {subprocess.py:106} INFO - 25/03/18 20:56:14 INFO ResourceUtils: ==============================================================
[2025-03-18T20:56:14.970+0000] {subprocess.py:106} INFO - 25/03/18 20:56:14 INFO SparkContext: Submitted application: BronzeLayer
[2025-03-18T20:56:14.992+0000] {subprocess.py:106} INFO - 25/03/18 20:56:14 INFO ResourceProfile: Default ResourceProfile created, executor resources: Map(cores -> name: cores, amount: 1, script: , vendor: , memory -> name: memory, amount: 1024, script: , vendor: , offHeap -> name: offHeap, amount: 0, script: , vendor: ), task resources: Map(cpus -> name: cpus, amount: 1.0)
[2025-03-18T20:56:15.001+0000] {subprocess.py:106} INFO - 25/03/18 20:56:15 INFO ResourceProfile: Limiting resource is cpu
[2025-03-18T20:56:15.003+0000] {subprocess.py:106} INFO - 25/03/18 20:56:15 INFO ResourceProfileManager: Added ResourceProfile id: 0
[2025-03-18T20:56:15.057+0000] {subprocess.py:106} INFO - 25/03/18 20:56:15 INFO SecurityManager: Changing view acls to: default
[2025-03-18T20:56:15.059+0000] {subprocess.py:106} INFO - 25/03/18 20:56:15 INFO SecurityManager: Changing modify acls to: default
[2025-03-18T20:56:15.060+0000] {subprocess.py:106} INFO - 25/03/18 20:56:15 INFO SecurityManager: Changing view acls groups to:
[2025-03-18T20:56:15.061+0000] {subprocess.py:106} INFO - 25/03/18 20:56:15 INFO SecurityManager: Changing modify acls groups to:
[2025-03-18T20:56:15.062+0000] {subprocess.py:106} INFO - 25/03/18 20:56:15 INFO SecurityManager: SecurityManager: authentication disabled; ui acls disabled; users with view permissions: default; groups with view permissions: EMPTY; users with modify permissions: default; groups with modify permissions: EMPTY
[2025-03-18T20:56:15.352+0000] {subprocess.py:106} INFO - 25/03/18 20:56:15 INFO Utils: Successfully started service 'sparkDriver' on port 37511.
[2025-03-18T20:56:15.389+0000] {subprocess.py:106} INFO - 25/03/18 20:56:15 INFO SparkEnv: Registering MapOutputTracker
[2025-03-18T20:56:15.428+0000] {subprocess.py:106} INFO - 25/03/18 20:56:15 INFO SparkEnv: Registering BlockManagerMaster
[2025-03-18T20:56:15.452+0000] {subprocess.py:106} INFO - 25/03/18 20:56:15 INFO BlockManagerMasterEndpoint: Using org.apache.spark.storage.DefaultTopologyMapper for getting topology information
[2025-03-18T20:56:15.452+0000] {subprocess.py:106} INFO - 25/03/18 20:56:15 INFO BlockManagerMasterEndpoint: BlockManagerMasterEndpoint up
[2025-03-18T20:56:15.458+0000] {subprocess.py:106} INFO - 25/03/18 20:56:15 INFO SparkEnv: Registering BlockManagerMasterHeartbeat
[2025-03-18T20:56:15.484+0000] {subprocess.py:106} INFO - 25/03/18 20:56:15 INFO DiskBlockManager: Created local directory at /tmp/blockmgr-5479e856-80ec-4580-9529-48ae85c71c14
[2025-03-18T20:56:15.502+0000] {subprocess.py:106} INFO - 25/03/18 20:56:15 INFO MemoryStore: MemoryStore started with capacity 434.4 MiB
[2025-03-18T20:56:15.520+0000] {subprocess.py:106} INFO - 25/03/18 20:56:15 INFO SparkEnv: Registering OutputCommitCoordinator
[2025-03-18T20:56:15.673+0000] {subprocess.py:106} INFO - 25/03/18 20:56:15 INFO JettyUtils: Start Jetty 0.0.0.0:4040 for SparkUI
[2025-03-18T20:56:15.737+0000] {subprocess.py:106} INFO - 25/03/18 20:56:15 INFO Utils: Successfully started service 'SparkUI' on port 4040.
[2025-03-18T20:56:15.872+0000] {subprocess.py:106} INFO - 25/03/18 20:56:15 INFO Executor: Starting executor ID driver on host f51d6b911be2
[2025-03-18T20:56:15.873+0000] {subprocess.py:106} INFO - 25/03/18 20:56:15 INFO Executor: OS info Linux, 6.12.5-linuxkit, amd64
[2025-03-18T20:56:15.873+0000] {subprocess.py:106} INFO - 25/03/18 20:56:15 INFO Executor: Java version 17.0.14
[2025-03-18T20:56:15.881+0000] {subprocess.py:106} INFO - 25/03/18 20:56:15 INFO Executor: Starting executor with user classpath (userClassPathFirst = false): ''
[2025-03-18T20:56:15.882+0000] {subprocess.py:106} INFO - 25/03/18 20:56:15 INFO Executor: Created or updated repl class loader org.apache.spark.util.MutableURLClassLoader@750fe89c for default.
[2025-03-18T20:56:15.904+0000] {subprocess.py:106} INFO - 25/03/18 20:56:15 INFO Utils: Successfully started service 'org.apache.spark.network.netty.NettyBlockTransferService' on port 45113.
[2025-03-18T20:56:15.904+0000] {subprocess.py:106} INFO - 25/03/18 20:56:15 INFO NettyBlockTransferService: Server created on f51d6b911be2:45113
[2025-03-18T20:56:15.906+0000] {subprocess.py:106} INFO - 25/03/18 20:56:15 INFO BlockManager: Using org.apache.spark.storage.RandomBlockReplicationPolicy for block replication policy
[2025-03-18T20:56:15.912+0000] {subprocess.py:106} INFO - 25/03/18 20:56:15 INFO BlockManagerMaster: Registering BlockManager BlockManagerId(driver, f51d6b911be2, 45113, None)
[2025-03-18T20:56:15.917+0000] {subprocess.py:106} INFO - 25/03/18 20:56:15 INFO BlockManagerMasterEndpoint: Registering block manager f51d6b911be2:45113 with 434.4 MiB RAM, BlockManagerId(driver, f51d6b911be2, 45113, None)
[2025-03-18T20:56:15.919+0000] {subprocess.py:106} INFO - 25/03/18 20:56:15 INFO BlockManagerMaster: Registered BlockManager BlockManagerId(driver, f51d6b911be2, 45113, None)
[2025-03-18T20:56:15.921+0000] {subprocess.py:106} INFO - 25/03/18 20:56:15 INFO BlockManager: Initialized BlockManager: BlockManagerId(driver, f51d6b911be2, 45113, None)
[2025-03-18T20:56:17.518+0000] {subprocess.py:106} INFO - Bronze data has been storage
[2025-03-18T20:56:17.588+0000] {subprocess.py:106} INFO - 25/03/18 20:56:17 INFO SparkContext: Invoking stop() from shutdown hook
[2025-03-18T20:56:17.589+0000] {subprocess.py:106} INFO - 25/03/18 20:56:17 INFO SparkContext: SparkContext is stopping with exitCode 0.
[2025-03-18T20:56:17.603+0000] {subprocess.py:106} INFO - 25/03/18 20:56:17 INFO SparkUI: Stopped Spark web UI at http://f51d6b911be2:4040
[2025-03-18T20:56:17.616+0000] {subprocess.py:106} INFO - 25/03/18 20:56:17 INFO MapOutputTrackerMasterEndpoint: MapOutputTrackerMasterEndpoint stopped!
[2025-03-18T20:56:17.627+0000] {subprocess.py:106} INFO - 25/03/18 20:56:17 INFO MemoryStore: MemoryStore cleared
[2025-03-18T20:56:17.628+0000] {subprocess.py:106} INFO - 25/03/18 20:56:17 INFO BlockManager: BlockManager stopped
[2025-03-18T20:56:17.633+0000] {subprocess.py:106} INFO - 25/03/18 20:56:17 INFO BlockManagerMaster: BlockManagerMaster stopped
[2025-03-18T20:56:17.636+0000] {subprocess.py:106} INFO - 25/03/18 20:56:17 INFO OutputCommitCoordinator$OutputCommitCoordinatorEndpoint: OutputCommitCoordinator stopped!
[2025-03-18T20:56:17.644+0000] {subprocess.py:106} INFO - 25/03/18 20:56:17 INFO SparkContext: Successfully stopped SparkContext
[2025-03-18T20:56:17.644+0000] {subprocess.py:106} INFO - 25/03/18 20:56:17 INFO ShutdownHookManager: Shutdown hook called
[2025-03-18T20:56:17.645+0000] {subprocess.py:106} INFO - 25/03/18 20:56:17 INFO ShutdownHookManager: Deleting directory /tmp/spark-29ccf014-6cdc-45fd-8212-8812d9f2a2c5
[2025-03-18T20:56:17.651+0000] {subprocess.py:106} INFO - 25/03/18 20:56:17 INFO ShutdownHookManager: Deleting directory /tmp/spark-29ccf014-6cdc-45fd-8212-8812d9f2a2c5/pyspark-5afbd2bd-740d-4ac7-800d-2abd4739ab62
[2025-03-18T20:56:17.656+0000] {subprocess.py:106} INFO - 25/03/18 20:56:17 INFO ShutdownHookManager: Deleting directory /tmp/spark-d62ca60a-d2e0-4c82-80c5-53b187b748ca
[2025-03-18T20:56:17.685+0000] {subprocess.py:110} INFO - Command exited with return code 0
[2025-03-18T20:56:17.715+0000] {taskinstance.py:341} INFO - ::group::Post task execution logs
[2025-03-18T20:56:17.715+0000] {taskinstance.py:353} INFO - Marking task as SUCCESS. dag_id=pyspark_etl_pipeline, task_id=bronze_ingestion, run_id=manual__2025-03-18T19:18:51.027148+00:00, execution_date=20250318T191851, start_date=20250318T205611, end_date=20250318T205617
[2025-03-18T20:56:17.758+0000] {local_task_job_runner.py:266} INFO - Task exited with return code 0
[2025-03-18T20:56:17.792+0000] {taskinstance.py:3901} INFO - 1 downstream tasks scheduled from follow-on schedule check
[2025-03-18T20:56:17.794+0000] {local_task_job_runner.py:245} INFO - ::endgroup::
