[2025-03-19T16:23:24.216+0000] {local_task_job_runner.py:123} INFO - ::group::Pre task execution logs
[2025-03-19T16:23:24.245+0000] {taskinstance.py:2614} INFO - Dependencies all met for dep_context=non-requeueable deps ti=<TaskInstance: pyspark_etl_pipeline.notify_success manual__2025-03-19T05:14:09.222928+00:00 [queued]>
[2025-03-19T16:23:24.261+0000] {taskinstance.py:2614} INFO - Dependencies all met for dep_context=requeueable deps ti=<TaskInstance: pyspark_etl_pipeline.notify_success manual__2025-03-19T05:14:09.222928+00:00 [queued]>
[2025-03-19T16:23:24.261+0000] {taskinstance.py:2867} INFO - Starting attempt 1 of 2
[2025-03-19T16:23:24.279+0000] {taskinstance.py:2890} INFO - Executing <Task(PythonOperator): notify_success> on 2025-03-19 05:14:09.222928+00:00
[2025-03-19T16:23:24.289+0000] {standard_task_runner.py:104} INFO - Running: ['***', 'tasks', 'run', 'pyspark_etl_pipeline', 'notify_success', 'manual__2025-03-19T05:14:09.222928+00:00', '--job-id', '157', '--raw', '--subdir', 'DAGS_FOLDER/dag_pipeline.py', '--cfg-path', '/tmp/tmp0ogg4907']
[2025-03-19T16:23:24.294+0000] {standard_task_runner.py:105} INFO - Job 157: Subtask notify_success
[2025-03-19T16:23:24.295+0000] {logging_mixin.py:190} WARNING - /home/***/.local/lib/python3.12/site-packages/***/task/task_runner/standard_task_runner.py:70 DeprecationWarning: This process (pid=3169) is multi-threaded, use of fork() may lead to deadlocks in the child.
[2025-03-19T16:23:24.296+0000] {standard_task_runner.py:72} INFO - Started process 3170 to run task
[2025-03-19T16:23:24.362+0000] {task_command.py:467} INFO - Running <TaskInstance: pyspark_etl_pipeline.notify_success manual__2025-03-19T05:14:09.222928+00:00 [running]> on host e20319ba40e1
[2025-03-19T16:23:24.484+0000] {taskinstance.py:3134} INFO - Exporting env vars: AIRFLOW_CTX_DAG_EMAIL='caiovos@hotmail.com' AIRFLOW_CTX_DAG_OWNER='***' AIRFLOW_CTX_DAG_ID='pyspark_etl_pipeline' AIRFLOW_CTX_TASK_ID='notify_success' AIRFLOW_CTX_EXECUTION_DATE='2025-03-19T05:14:09.222928+00:00' AIRFLOW_CTX_TRY_NUMBER='1' AIRFLOW_CTX_DAG_RUN_ID='manual__2025-03-19T05:14:09.222928+00:00'
[2025-03-19T16:23:24.485+0000] {taskinstance.py:732} INFO - ::endgroup::
[2025-03-19T16:23:24.518+0000] {base.py:84} INFO - Retrieving connection 'smtp_default'
[2025-03-19T16:23:24.519+0000] {email.py:272} INFO - Email alerting: attempt 1
[2025-03-19T16:23:25.658+0000] {email.py:283} INFO - Sent an alert email to ['email@email.com']
[2025-03-19T16:23:26.378+0000] {python.py:240} INFO - Done. Returned value was: None
[2025-03-19T16:23:26.390+0000] {taskinstance.py:341} INFO - ::group::Post task execution logs
[2025-03-19T16:23:26.391+0000] {taskinstance.py:353} INFO - Marking task as SUCCESS. dag_id=pyspark_etl_pipeline, task_id=notify_success, run_id=manual__2025-03-19T05:14:09.222928+00:00, execution_date=20250319T051409, start_date=20250319T162324, end_date=20250319T162326
[2025-03-19T16:23:26.450+0000] {local_task_job_runner.py:266} INFO - Task exited with return code 0
[2025-03-19T16:23:26.474+0000] {taskinstance.py:3901} INFO - 0 downstream tasks scheduled from follow-on schedule check
[2025-03-19T16:23:26.477+0000] {local_task_job_runner.py:245} INFO - ::endgroup::
