[2025-03-19T16:22:08.401+0000] {local_task_job_runner.py:123} INFO - ::group::Pre task execution logs
[2025-03-19T16:22:08.645+0000] {taskinstance.py:2614} INFO - Dependencies all met for dep_context=non-requeueable deps ti=<TaskInstance: pyspark_etl_pipeline.bronze_ingestion manual__2025-03-19T05:14:09.222928+00:00 [queued]>
[2025-03-19T16:22:08.738+0000] {taskinstance.py:2614} INFO - Dependencies all met for dep_context=requeueable deps ti=<TaskInstance: pyspark_etl_pipeline.bronze_ingestion manual__2025-03-19T05:14:09.222928+00:00 [queued]>
[2025-03-19T16:22:08.745+0000] {taskinstance.py:2867} INFO - Starting attempt 16 of 17
[2025-03-19T16:22:08.838+0000] {taskinstance.py:2890} INFO - Executing <Task(BashOperator): bronze_ingestion> on 2025-03-19 05:14:09.222928+00:00
[2025-03-19T16:22:08.888+0000] {standard_task_runner.py:104} INFO - Running: ['***', 'tasks', 'run', 'pyspark_etl_pipeline', 'bronze_ingestion', 'manual__2025-03-19T05:14:09.222928+00:00', '--job-id', '154', '--raw', '--subdir', 'DAGS_FOLDER/dag_pipeline.py', '--cfg-path', '/tmp/tmpkdacir5l']
[2025-03-19T16:22:08.946+0000] {standard_task_runner.py:105} INFO - Job 154: Subtask bronze_ingestion
[2025-03-19T16:22:09.052+0000] {logging_mixin.py:190} WARNING - /home/***/.local/lib/python3.12/site-packages/***/task/task_runner/standard_task_runner.py:70 DeprecationWarning: This process (pid=1385) is multi-threaded, use of fork() may lead to deadlocks in the child.
[2025-03-19T16:22:09.061+0000] {standard_task_runner.py:72} INFO - Started process 1400 to run task
[2025-03-19T16:22:09.597+0000] {task_command.py:467} INFO - Running <TaskInstance: pyspark_etl_pipeline.bronze_ingestion manual__2025-03-19T05:14:09.222928+00:00 [running]> on host e20319ba40e1
[2025-03-19T16:22:10.296+0000] {taskinstance.py:3134} INFO - Exporting env vars: AIRFLOW_CTX_DAG_EMAIL='caiovos@hotmail.com' AIRFLOW_CTX_DAG_OWNER='***' AIRFLOW_CTX_DAG_ID='pyspark_etl_pipeline' AIRFLOW_CTX_TASK_ID='bronze_ingestion' AIRFLOW_CTX_EXECUTION_DATE='2025-03-19T05:14:09.222928+00:00' AIRFLOW_CTX_TRY_NUMBER='16' AIRFLOW_CTX_DAG_RUN_ID='manual__2025-03-19T05:14:09.222928+00:00'
[2025-03-19T16:22:10.304+0000] {taskinstance.py:732} INFO - ::endgroup::
[2025-03-19T16:22:10.543+0000] {subprocess.py:78} INFO - Tmp dir root location: /tmp
[2025-03-19T16:22:10.584+0000] {subprocess.py:88} INFO - Running command: ['/usr/bin/bash', '-c', 'spark-submit --master local /opt/***/dags/bronze_ingestion.py']
[2025-03-19T16:22:10.686+0000] {subprocess.py:99} INFO - Output:
[2025-03-19T16:22:20.355+0000] {subprocess.py:106} INFO - 25/03/19 16:22:20 INFO SparkContext: Running Spark version 3.5.5
[2025-03-19T16:22:20.358+0000] {subprocess.py:106} INFO - 25/03/19 16:22:20 INFO SparkContext: OS info Linux, 6.12.5-linuxkit, amd64
[2025-03-19T16:22:20.359+0000] {subprocess.py:106} INFO - 25/03/19 16:22:20 INFO SparkContext: Java version 17.0.14
[2025-03-19T16:22:20.434+0000] {subprocess.py:106} INFO - 25/03/19 16:22:20 WARN NativeCodeLoader: Unable to load native-hadoop library for your platform... using builtin-java classes where applicable
[2025-03-19T16:22:20.566+0000] {subprocess.py:106} INFO - 25/03/19 16:22:20 INFO ResourceUtils: ==============================================================
[2025-03-19T16:22:20.567+0000] {subprocess.py:106} INFO - 25/03/19 16:22:20 INFO ResourceUtils: No custom resources configured for spark.driver.
[2025-03-19T16:22:20.568+0000] {subprocess.py:106} INFO - 25/03/19 16:22:20 INFO ResourceUtils: ==============================================================
[2025-03-19T16:22:20.569+0000] {subprocess.py:106} INFO - 25/03/19 16:22:20 INFO SparkContext: Submitted application: BronzeLayer
[2025-03-19T16:22:20.602+0000] {subprocess.py:106} INFO - 25/03/19 16:22:20 INFO ResourceProfile: Default ResourceProfile created, executor resources: Map(cores -> name: cores, amount: 1, script: , vendor: , memory -> name: memory, amount: 1024, script: , vendor: , offHeap -> name: offHeap, amount: 0, script: , vendor: ), task resources: Map(cpus -> name: cpus, amount: 1.0)
[2025-03-19T16:22:20.613+0000] {subprocess.py:106} INFO - 25/03/19 16:22:20 INFO ResourceProfile: Limiting resource is cpu
[2025-03-19T16:22:20.614+0000] {subprocess.py:106} INFO - 25/03/19 16:22:20 INFO ResourceProfileManager: Added ResourceProfile id: 0
[2025-03-19T16:22:20.684+0000] {subprocess.py:106} INFO - 25/03/19 16:22:20 INFO SecurityManager: Changing view acls to: default
[2025-03-19T16:22:20.685+0000] {subprocess.py:106} INFO - 25/03/19 16:22:20 INFO SecurityManager: Changing modify acls to: default
[2025-03-19T16:22:20.686+0000] {subprocess.py:106} INFO - 25/03/19 16:22:20 INFO SecurityManager: Changing view acls groups to:
[2025-03-19T16:22:20.688+0000] {subprocess.py:106} INFO - 25/03/19 16:22:20 INFO SecurityManager: Changing modify acls groups to:
[2025-03-19T16:22:20.688+0000] {subprocess.py:106} INFO - 25/03/19 16:22:20 INFO SecurityManager: SecurityManager: authentication disabled; ui acls disabled; users with view permissions: default; groups with view permissions: EMPTY; users with modify permissions: default; groups with modify permissions: EMPTY
[2025-03-19T16:22:21.103+0000] {subprocess.py:106} INFO - 25/03/19 16:22:21 INFO Utils: Successfully started service 'sparkDriver' on port 39561.
[2025-03-19T16:22:21.146+0000] {subprocess.py:106} INFO - 25/03/19 16:22:21 INFO SparkEnv: Registering MapOutputTracker
[2025-03-19T16:22:21.197+0000] {subprocess.py:106} INFO - 25/03/19 16:22:21 INFO SparkEnv: Registering BlockManagerMaster
[2025-03-19T16:22:21.225+0000] {subprocess.py:106} INFO - 25/03/19 16:22:21 INFO BlockManagerMasterEndpoint: Using org.apache.spark.storage.DefaultTopologyMapper for getting topology information
[2025-03-19T16:22:21.227+0000] {subprocess.py:106} INFO - 25/03/19 16:22:21 INFO BlockManagerMasterEndpoint: BlockManagerMasterEndpoint up
[2025-03-19T16:22:21.234+0000] {subprocess.py:106} INFO - 25/03/19 16:22:21 INFO SparkEnv: Registering BlockManagerMasterHeartbeat
[2025-03-19T16:22:21.268+0000] {subprocess.py:106} INFO - 25/03/19 16:22:21 INFO DiskBlockManager: Created local directory at /tmp/blockmgr-4fa0f568-54e6-4c37-ae6a-1eed651104fd
[2025-03-19T16:22:21.292+0000] {subprocess.py:106} INFO - 25/03/19 16:22:21 INFO MemoryStore: MemoryStore started with capacity 434.4 MiB
[2025-03-19T16:22:21.316+0000] {subprocess.py:106} INFO - 25/03/19 16:22:21 INFO SparkEnv: Registering OutputCommitCoordinator
[2025-03-19T16:22:21.479+0000] {subprocess.py:106} INFO - 25/03/19 16:22:21 INFO JettyUtils: Start Jetty 0.0.0.0:4040 for SparkUI
[2025-03-19T16:22:21.586+0000] {subprocess.py:106} INFO - 25/03/19 16:22:21 INFO Utils: Successfully started service 'SparkUI' on port 4040.
[2025-03-19T16:22:21.748+0000] {subprocess.py:106} INFO - 25/03/19 16:22:21 INFO Executor: Starting executor ID driver on host e20319ba40e1
[2025-03-19T16:22:21.749+0000] {subprocess.py:106} INFO - 25/03/19 16:22:21 INFO Executor: OS info Linux, 6.12.5-linuxkit, amd64
[2025-03-19T16:22:21.750+0000] {subprocess.py:106} INFO - 25/03/19 16:22:21 INFO Executor: Java version 17.0.14
[2025-03-19T16:22:21.760+0000] {subprocess.py:106} INFO - 25/03/19 16:22:21 INFO Executor: Starting executor with user classpath (userClassPathFirst = false): ''
[2025-03-19T16:22:21.761+0000] {subprocess.py:106} INFO - 25/03/19 16:22:21 INFO Executor: Created or updated repl class loader org.apache.spark.util.MutableURLClassLoader@750fe89c for default.
[2025-03-19T16:22:21.788+0000] {subprocess.py:106} INFO - 25/03/19 16:22:21 INFO Utils: Successfully started service 'org.apache.spark.network.netty.NettyBlockTransferService' on port 34375.
[2025-03-19T16:22:21.789+0000] {subprocess.py:106} INFO - 25/03/19 16:22:21 INFO NettyBlockTransferService: Server created on e20319ba40e1:34375
[2025-03-19T16:22:21.791+0000] {subprocess.py:106} INFO - 25/03/19 16:22:21 INFO BlockManager: Using org.apache.spark.storage.RandomBlockReplicationPolicy for block replication policy
[2025-03-19T16:22:21.799+0000] {subprocess.py:106} INFO - 25/03/19 16:22:21 INFO BlockManagerMaster: Registering BlockManager BlockManagerId(driver, e20319ba40e1, 34375, None)
[2025-03-19T16:22:21.804+0000] {subprocess.py:106} INFO - 25/03/19 16:22:21 INFO BlockManagerMasterEndpoint: Registering block manager e20319ba40e1:34375 with 434.4 MiB RAM, BlockManagerId(driver, e20319ba40e1, 34375, None)
[2025-03-19T16:22:21.807+0000] {subprocess.py:106} INFO - 25/03/19 16:22:21 INFO BlockManagerMaster: Registered BlockManager BlockManagerId(driver, e20319ba40e1, 34375, None)
[2025-03-19T16:22:21.809+0000] {subprocess.py:106} INFO - 25/03/19 16:22:21 INFO BlockManager: Initialized BlockManager: BlockManagerId(driver, e20319ba40e1, 34375, None)
[2025-03-19T16:22:22.450+0000] {subprocess.py:106} INFO - Bronze data has been stored at: medallion_data/bronze_layer.json
[2025-03-19T16:22:22.545+0000] {subprocess.py:106} INFO - 25/03/19 16:22:22 INFO SparkContext: Invoking stop() from shutdown hook
[2025-03-19T16:22:22.546+0000] {subprocess.py:106} INFO - 25/03/19 16:22:22 INFO SparkContext: SparkContext is stopping with exitCode 0.
[2025-03-19T16:22:22.571+0000] {subprocess.py:106} INFO - 25/03/19 16:22:22 INFO SparkUI: Stopped Spark web UI at http://e20319ba40e1:4040
[2025-03-19T16:22:22.592+0000] {subprocess.py:106} INFO - 25/03/19 16:22:22 INFO MapOutputTrackerMasterEndpoint: MapOutputTrackerMasterEndpoint stopped!
[2025-03-19T16:22:22.606+0000] {subprocess.py:106} INFO - 25/03/19 16:22:22 INFO MemoryStore: MemoryStore cleared
[2025-03-19T16:22:22.606+0000] {subprocess.py:106} INFO - 25/03/19 16:22:22 INFO BlockManager: BlockManager stopped
[2025-03-19T16:22:22.613+0000] {subprocess.py:106} INFO - 25/03/19 16:22:22 INFO BlockManagerMaster: BlockManagerMaster stopped
[2025-03-19T16:22:22.617+0000] {subprocess.py:106} INFO - 25/03/19 16:22:22 INFO OutputCommitCoordinator$OutputCommitCoordinatorEndpoint: OutputCommitCoordinator stopped!
[2025-03-19T16:22:22.632+0000] {subprocess.py:106} INFO - 25/03/19 16:22:22 INFO SparkContext: Successfully stopped SparkContext
[2025-03-19T16:22:22.632+0000] {subprocess.py:106} INFO - 25/03/19 16:22:22 INFO ShutdownHookManager: Shutdown hook called
[2025-03-19T16:22:22.633+0000] {subprocess.py:106} INFO - 25/03/19 16:22:22 INFO ShutdownHookManager: Deleting directory /tmp/spark-b9b6a04a-a256-49bf-ac85-db59b0647594
[2025-03-19T16:22:22.639+0000] {subprocess.py:106} INFO - 25/03/19 16:22:22 INFO ShutdownHookManager: Deleting directory /tmp/spark-5e1d001d-4ef5-4137-ac1c-f8c9c8685ef6
[2025-03-19T16:22:22.646+0000] {subprocess.py:106} INFO - 25/03/19 16:22:22 INFO ShutdownHookManager: Deleting directory /tmp/spark-5e1d001d-4ef5-4137-ac1c-f8c9c8685ef6/pyspark-4a2a7204-8708-4e5a-8b3c-b68529b4f2f0
[2025-03-19T16:22:22.686+0000] {subprocess.py:110} INFO - Command exited with return code 0
[2025-03-19T16:22:22.719+0000] {taskinstance.py:341} INFO - ::group::Post task execution logs
[2025-03-19T16:22:22.720+0000] {taskinstance.py:353} INFO - Marking task as SUCCESS. dag_id=pyspark_etl_pipeline, task_id=bronze_ingestion, run_id=manual__2025-03-19T05:14:09.222928+00:00, execution_date=20250319T051409, start_date=20250319T162208, end_date=20250319T162222
[2025-03-19T16:22:22.766+0000] {local_task_job_runner.py:266} INFO - Task exited with return code 0
[2025-03-19T16:22:22.803+0000] {taskinstance.py:3901} INFO - 1 downstream tasks scheduled from follow-on schedule check
[2025-03-19T16:22:22.806+0000] {local_task_job_runner.py:245} INFO - ::endgroup::
