[2025-03-19T15:20:45.843+0000] {local_task_job_runner.py:123} INFO - ::group::Pre task execution logs
[2025-03-19T15:20:45.864+0000] {taskinstance.py:2614} INFO - Dependencies all met for dep_context=non-requeueable deps ti=<TaskInstance: pyspark_etl_pipeline.bronze_ingestion manual__2025-03-19T05:14:09.222928+00:00 [queued]>
[2025-03-19T15:20:45.873+0000] {taskinstance.py:2614} INFO - Dependencies all met for dep_context=requeueable deps ti=<TaskInstance: pyspark_etl_pipeline.bronze_ingestion manual__2025-03-19T05:14:09.222928+00:00 [queued]>
[2025-03-19T15:20:45.874+0000] {taskinstance.py:2867} INFO - Starting attempt 9 of 10
[2025-03-19T15:20:45.889+0000] {taskinstance.py:2890} INFO - Executing <Task(BashOperator): bronze_ingestion> on 2025-03-19 05:14:09.222928+00:00
[2025-03-19T15:20:45.897+0000] {standard_task_runner.py:104} INFO - Running: ['***', 'tasks', 'run', 'pyspark_etl_pipeline', 'bronze_ingestion', 'manual__2025-03-19T05:14:09.222928+00:00', '--job-id', '115', '--raw', '--subdir', 'DAGS_FOLDER/dag_pipeline.py', '--cfg-path', '/tmp/tmp53vcuv0z']
[2025-03-19T15:20:45.900+0000] {standard_task_runner.py:105} INFO - Job 115: Subtask bronze_ingestion
[2025-03-19T15:20:45.903+0000] {logging_mixin.py:190} WARNING - /home/***/.local/lib/python3.12/site-packages/***/task/task_runner/standard_task_runner.py:70 DeprecationWarning: This process (pid=316) is multi-threaded, use of fork() may lead to deadlocks in the child.
[2025-03-19T15:20:45.904+0000] {standard_task_runner.py:72} INFO - Started process 317 to run task
[2025-03-19T15:20:45.956+0000] {task_command.py:467} INFO - Running <TaskInstance: pyspark_etl_pipeline.bronze_ingestion manual__2025-03-19T05:14:09.222928+00:00 [running]> on host f2ee2d018606
[2025-03-19T15:20:46.073+0000] {taskinstance.py:3134} INFO - Exporting env vars: AIRFLOW_CTX_DAG_EMAIL='caiovos@hotmail.com' AIRFLOW_CTX_DAG_OWNER='***' AIRFLOW_CTX_DAG_ID='pyspark_etl_pipeline' AIRFLOW_CTX_TASK_ID='bronze_ingestion' AIRFLOW_CTX_EXECUTION_DATE='2025-03-19T05:14:09.222928+00:00' AIRFLOW_CTX_TRY_NUMBER='9' AIRFLOW_CTX_DAG_RUN_ID='manual__2025-03-19T05:14:09.222928+00:00'
[2025-03-19T15:20:46.075+0000] {taskinstance.py:732} INFO - ::endgroup::
[2025-03-19T15:20:46.118+0000] {subprocess.py:78} INFO - Tmp dir root location: /tmp
[2025-03-19T15:20:46.119+0000] {subprocess.py:88} INFO - Running command: ['/usr/bin/bash', '-c', 'spark-submit --master local /opt/***/dags/bronze_ingestion.py']
[2025-03-19T15:20:46.128+0000] {subprocess.py:99} INFO - Output:
[2025-03-19T15:20:50.215+0000] {subprocess.py:106} INFO - 25/03/19 15:20:50 INFO SparkContext: Running Spark version 3.5.5
[2025-03-19T15:20:50.218+0000] {subprocess.py:106} INFO - 25/03/19 15:20:50 INFO SparkContext: OS info Linux, 6.12.5-linuxkit, amd64
[2025-03-19T15:20:50.219+0000] {subprocess.py:106} INFO - 25/03/19 15:20:50 INFO SparkContext: Java version 17.0.14
[2025-03-19T15:20:50.283+0000] {subprocess.py:106} INFO - 25/03/19 15:20:50 WARN NativeCodeLoader: Unable to load native-hadoop library for your platform... using builtin-java classes where applicable
[2025-03-19T15:20:50.378+0000] {subprocess.py:106} INFO - 25/03/19 15:20:50 INFO ResourceUtils: ==============================================================
[2025-03-19T15:20:50.378+0000] {subprocess.py:106} INFO - 25/03/19 15:20:50 INFO ResourceUtils: No custom resources configured for spark.driver.
[2025-03-19T15:20:50.379+0000] {subprocess.py:106} INFO - 25/03/19 15:20:50 INFO ResourceUtils: ==============================================================
[2025-03-19T15:20:50.379+0000] {subprocess.py:106} INFO - 25/03/19 15:20:50 INFO SparkContext: Submitted application: BronzeLayer
[2025-03-19T15:20:50.402+0000] {subprocess.py:106} INFO - 25/03/19 15:20:50 INFO ResourceProfile: Default ResourceProfile created, executor resources: Map(cores -> name: cores, amount: 1, script: , vendor: , memory -> name: memory, amount: 1024, script: , vendor: , offHeap -> name: offHeap, amount: 0, script: , vendor: ), task resources: Map(cpus -> name: cpus, amount: 1.0)
[2025-03-19T15:20:50.411+0000] {subprocess.py:106} INFO - 25/03/19 15:20:50 INFO ResourceProfile: Limiting resource is cpu
[2025-03-19T15:20:50.412+0000] {subprocess.py:106} INFO - 25/03/19 15:20:50 INFO ResourceProfileManager: Added ResourceProfile id: 0
[2025-03-19T15:20:50.469+0000] {subprocess.py:106} INFO - 25/03/19 15:20:50 INFO SecurityManager: Changing view acls to: default
[2025-03-19T15:20:50.470+0000] {subprocess.py:106} INFO - 25/03/19 15:20:50 INFO SecurityManager: Changing modify acls to: default
[2025-03-19T15:20:50.471+0000] {subprocess.py:106} INFO - 25/03/19 15:20:50 INFO SecurityManager: Changing view acls groups to:
[2025-03-19T15:20:50.472+0000] {subprocess.py:106} INFO - 25/03/19 15:20:50 INFO SecurityManager: Changing modify acls groups to:
[2025-03-19T15:20:50.473+0000] {subprocess.py:106} INFO - 25/03/19 15:20:50 INFO SecurityManager: SecurityManager: authentication disabled; ui acls disabled; users with view permissions: default; groups with view permissions: EMPTY; users with modify permissions: default; groups with modify permissions: EMPTY
[2025-03-19T15:20:50.816+0000] {subprocess.py:106} INFO - 25/03/19 15:20:50 INFO Utils: Successfully started service 'sparkDriver' on port 39639.
[2025-03-19T15:20:50.867+0000] {subprocess.py:106} INFO - 25/03/19 15:20:50 INFO SparkEnv: Registering MapOutputTracker
[2025-03-19T15:20:50.910+0000] {subprocess.py:106} INFO - 25/03/19 15:20:50 INFO SparkEnv: Registering BlockManagerMaster
[2025-03-19T15:20:50.949+0000] {subprocess.py:106} INFO - 25/03/19 15:20:50 INFO BlockManagerMasterEndpoint: Using org.apache.spark.storage.DefaultTopologyMapper for getting topology information
[2025-03-19T15:20:50.950+0000] {subprocess.py:106} INFO - 25/03/19 15:20:50 INFO BlockManagerMasterEndpoint: BlockManagerMasterEndpoint up
[2025-03-19T15:20:50.955+0000] {subprocess.py:106} INFO - 25/03/19 15:20:50 INFO SparkEnv: Registering BlockManagerMasterHeartbeat
[2025-03-19T15:20:50.992+0000] {subprocess.py:106} INFO - 25/03/19 15:20:50 INFO DiskBlockManager: Created local directory at /tmp/blockmgr-54140af8-2362-4a53-b79b-9e5bdde80714
[2025-03-19T15:20:51.009+0000] {subprocess.py:106} INFO - 25/03/19 15:20:51 INFO MemoryStore: MemoryStore started with capacity 434.4 MiB
[2025-03-19T15:20:51.030+0000] {subprocess.py:106} INFO - 25/03/19 15:20:51 INFO SparkEnv: Registering OutputCommitCoordinator
[2025-03-19T15:20:51.183+0000] {subprocess.py:106} INFO - 25/03/19 15:20:51 INFO JettyUtils: Start Jetty 0.0.0.0:4040 for SparkUI
[2025-03-19T15:20:51.300+0000] {subprocess.py:106} INFO - 25/03/19 15:20:51 INFO Utils: Successfully started service 'SparkUI' on port 4040.
[2025-03-19T15:20:51.447+0000] {subprocess.py:106} INFO - 25/03/19 15:20:51 INFO Executor: Starting executor ID driver on host f2ee2d018606
[2025-03-19T15:20:51.448+0000] {subprocess.py:106} INFO - 25/03/19 15:20:51 INFO Executor: OS info Linux, 6.12.5-linuxkit, amd64
[2025-03-19T15:20:51.449+0000] {subprocess.py:106} INFO - 25/03/19 15:20:51 INFO Executor: Java version 17.0.14
[2025-03-19T15:20:51.457+0000] {subprocess.py:106} INFO - 25/03/19 15:20:51 INFO Executor: Starting executor with user classpath (userClassPathFirst = false): ''
[2025-03-19T15:20:51.458+0000] {subprocess.py:106} INFO - 25/03/19 15:20:51 INFO Executor: Created or updated repl class loader org.apache.spark.util.MutableURLClassLoader@14430c86 for default.
[2025-03-19T15:20:51.483+0000] {subprocess.py:106} INFO - 25/03/19 15:20:51 INFO Utils: Successfully started service 'org.apache.spark.network.netty.NettyBlockTransferService' on port 34561.
[2025-03-19T15:20:51.483+0000] {subprocess.py:106} INFO - 25/03/19 15:20:51 INFO NettyBlockTransferService: Server created on f2ee2d018606:34561
[2025-03-19T15:20:51.486+0000] {subprocess.py:106} INFO - 25/03/19 15:20:51 INFO BlockManager: Using org.apache.spark.storage.RandomBlockReplicationPolicy for block replication policy
[2025-03-19T15:20:51.493+0000] {subprocess.py:106} INFO - 25/03/19 15:20:51 INFO BlockManagerMaster: Registering BlockManager BlockManagerId(driver, f2ee2d018606, 34561, None)
[2025-03-19T15:20:51.497+0000] {subprocess.py:106} INFO - 25/03/19 15:20:51 INFO BlockManagerMasterEndpoint: Registering block manager f2ee2d018606:34561 with 434.4 MiB RAM, BlockManagerId(driver, f2ee2d018606, 34561, None)
[2025-03-19T15:20:51.499+0000] {subprocess.py:106} INFO - 25/03/19 15:20:51 INFO BlockManagerMaster: Registered BlockManager BlockManagerId(driver, f2ee2d018606, 34561, None)
[2025-03-19T15:20:51.501+0000] {subprocess.py:106} INFO - 25/03/19 15:20:51 INFO BlockManager: Initialized BlockManager: BlockManagerId(driver, f2ee2d018606, 34561, None)
[2025-03-19T15:20:52.265+0000] {subprocess.py:106} INFO - Bronze data has been stored at: medallion_data/bronze_layer.json
[2025-03-19T15:20:52.364+0000] {subprocess.py:106} INFO - 25/03/19 15:20:52 INFO SparkContext: Invoking stop() from shutdown hook
[2025-03-19T15:20:52.365+0000] {subprocess.py:106} INFO - 25/03/19 15:20:52 INFO SparkContext: SparkContext is stopping with exitCode 0.
[2025-03-19T15:20:52.379+0000] {subprocess.py:106} INFO - 25/03/19 15:20:52 INFO SparkUI: Stopped Spark web UI at http://f2ee2d018606:4040
[2025-03-19T15:20:52.396+0000] {subprocess.py:106} INFO - 25/03/19 15:20:52 INFO MapOutputTrackerMasterEndpoint: MapOutputTrackerMasterEndpoint stopped!
[2025-03-19T15:20:52.410+0000] {subprocess.py:106} INFO - 25/03/19 15:20:52 INFO MemoryStore: MemoryStore cleared
[2025-03-19T15:20:52.411+0000] {subprocess.py:106} INFO - 25/03/19 15:20:52 INFO BlockManager: BlockManager stopped
[2025-03-19T15:20:52.417+0000] {subprocess.py:106} INFO - 25/03/19 15:20:52 INFO BlockManagerMaster: BlockManagerMaster stopped
[2025-03-19T15:20:52.421+0000] {subprocess.py:106} INFO - 25/03/19 15:20:52 INFO OutputCommitCoordinator$OutputCommitCoordinatorEndpoint: OutputCommitCoordinator stopped!
[2025-03-19T15:20:52.430+0000] {subprocess.py:106} INFO - 25/03/19 15:20:52 INFO SparkContext: Successfully stopped SparkContext
[2025-03-19T15:20:52.431+0000] {subprocess.py:106} INFO - 25/03/19 15:20:52 INFO ShutdownHookManager: Shutdown hook called
[2025-03-19T15:20:52.432+0000] {subprocess.py:106} INFO - 25/03/19 15:20:52 INFO ShutdownHookManager: Deleting directory /tmp/spark-ef65c81d-c236-43f8-be40-ba5ca50acd3e
[2025-03-19T15:20:52.438+0000] {subprocess.py:106} INFO - 25/03/19 15:20:52 INFO ShutdownHookManager: Deleting directory /tmp/spark-ba7bd141-dc6d-4da8-b51d-049ff03b01bb
[2025-03-19T15:20:52.444+0000] {subprocess.py:106} INFO - 25/03/19 15:20:52 INFO ShutdownHookManager: Deleting directory /tmp/spark-ba7bd141-dc6d-4da8-b51d-049ff03b01bb/pyspark-a7dc5f65-5c92-4455-98db-fd2529eee9b2
[2025-03-19T15:20:52.473+0000] {subprocess.py:110} INFO - Command exited with return code 0
[2025-03-19T15:20:52.508+0000] {taskinstance.py:341} INFO - ::group::Post task execution logs
[2025-03-19T15:20:52.508+0000] {taskinstance.py:353} INFO - Marking task as SUCCESS. dag_id=pyspark_etl_pipeline, task_id=bronze_ingestion, run_id=manual__2025-03-19T05:14:09.222928+00:00, execution_date=20250319T051409, start_date=20250319T152045, end_date=20250319T152052
[2025-03-19T15:20:52.564+0000] {local_task_job_runner.py:266} INFO - Task exited with return code 0
[2025-03-19T15:20:52.599+0000] {taskinstance.py:3901} INFO - 1 downstream tasks scheduled from follow-on schedule check
[2025-03-19T15:20:52.601+0000] {local_task_job_runner.py:245} INFO - ::endgroup::
