[2025-03-19T15:00:52.693+0000] {local_task_job_runner.py:123} INFO - ::group::Pre task execution logs
[2025-03-19T15:00:52.725+0000] {taskinstance.py:2614} INFO - Dependencies all met for dep_context=non-requeueable deps ti=<TaskInstance: pyspark_etl_pipeline.bronze_ingestion manual__2025-03-19T05:14:09.222928+00:00 [queued]>
[2025-03-19T15:00:52.738+0000] {taskinstance.py:2614} INFO - Dependencies all met for dep_context=requeueable deps ti=<TaskInstance: pyspark_etl_pipeline.bronze_ingestion manual__2025-03-19T05:14:09.222928+00:00 [queued]>
[2025-03-19T15:00:52.739+0000] {taskinstance.py:2867} INFO - Starting attempt 8 of 9
[2025-03-19T15:00:52.767+0000] {taskinstance.py:2890} INFO - Executing <Task(BashOperator): bronze_ingestion> on 2025-03-19 05:14:09.222928+00:00
[2025-03-19T15:00:52.778+0000] {standard_task_runner.py:104} INFO - Running: ['***', 'tasks', 'run', 'pyspark_etl_pipeline', 'bronze_ingestion', 'manual__2025-03-19T05:14:09.222928+00:00', '--job-id', '110', '--raw', '--subdir', 'DAGS_FOLDER/dag_pipeline.py', '--cfg-path', '/tmp/tmpgjkoi3sm']
[2025-03-19T15:00:52.782+0000] {standard_task_runner.py:105} INFO - Job 110: Subtask bronze_ingestion
[2025-03-19T15:00:52.788+0000] {logging_mixin.py:190} WARNING - /home/***/.local/lib/python3.12/site-packages/***/task/task_runner/standard_task_runner.py:70 DeprecationWarning: This process (pid=343) is multi-threaded, use of fork() may lead to deadlocks in the child.
[2025-03-19T15:00:52.789+0000] {standard_task_runner.py:72} INFO - Started process 344 to run task
[2025-03-19T15:00:52.866+0000] {task_command.py:467} INFO - Running <TaskInstance: pyspark_etl_pipeline.bronze_ingestion manual__2025-03-19T05:14:09.222928+00:00 [running]> on host ef5eed66b5b5
[2025-03-19T15:00:53.038+0000] {taskinstance.py:3134} INFO - Exporting env vars: AIRFLOW_CTX_DAG_EMAIL='caiovos@hotmail.com' AIRFLOW_CTX_DAG_OWNER='***' AIRFLOW_CTX_DAG_ID='pyspark_etl_pipeline' AIRFLOW_CTX_TASK_ID='bronze_ingestion' AIRFLOW_CTX_EXECUTION_DATE='2025-03-19T05:14:09.222928+00:00' AIRFLOW_CTX_TRY_NUMBER='8' AIRFLOW_CTX_DAG_RUN_ID='manual__2025-03-19T05:14:09.222928+00:00'
[2025-03-19T15:00:53.040+0000] {taskinstance.py:732} INFO - ::endgroup::
[2025-03-19T15:00:53.116+0000] {subprocess.py:78} INFO - Tmp dir root location: /tmp
[2025-03-19T15:00:53.120+0000] {subprocess.py:88} INFO - Running command: ['/usr/bin/bash', '-c', 'spark-submit --master local /opt/***/dags/bronze_ingestion.py']
[2025-03-19T15:00:53.138+0000] {subprocess.py:99} INFO - Output:
[2025-03-19T15:00:58.660+0000] {subprocess.py:106} INFO - 25/03/19 15:00:58 INFO SparkContext: Running Spark version 3.5.5
[2025-03-19T15:00:58.666+0000] {subprocess.py:106} INFO - 25/03/19 15:00:58 INFO SparkContext: OS info Linux, 6.12.5-linuxkit, amd64
[2025-03-19T15:00:58.667+0000] {subprocess.py:106} INFO - 25/03/19 15:00:58 INFO SparkContext: Java version 17.0.14
[2025-03-19T15:00:58.771+0000] {subprocess.py:106} INFO - 25/03/19 15:00:58 WARN NativeCodeLoader: Unable to load native-hadoop library for your platform... using builtin-java classes where applicable
[2025-03-19T15:00:58.940+0000] {subprocess.py:106} INFO - 25/03/19 15:00:58 INFO ResourceUtils: ==============================================================
[2025-03-19T15:00:58.941+0000] {subprocess.py:106} INFO - 25/03/19 15:00:58 INFO ResourceUtils: No custom resources configured for spark.driver.
[2025-03-19T15:00:58.942+0000] {subprocess.py:106} INFO - 25/03/19 15:00:58 INFO ResourceUtils: ==============================================================
[2025-03-19T15:00:58.943+0000] {subprocess.py:106} INFO - 25/03/19 15:00:58 INFO SparkContext: Submitted application: BronzeLayer
[2025-03-19T15:00:58.974+0000] {subprocess.py:106} INFO - 25/03/19 15:00:58 INFO ResourceProfile: Default ResourceProfile created, executor resources: Map(cores -> name: cores, amount: 1, script: , vendor: , memory -> name: memory, amount: 1024, script: , vendor: , offHeap -> name: offHeap, amount: 0, script: , vendor: ), task resources: Map(cpus -> name: cpus, amount: 1.0)
[2025-03-19T15:00:58.984+0000] {subprocess.py:106} INFO - 25/03/19 15:00:58 INFO ResourceProfile: Limiting resource is cpu
[2025-03-19T15:00:58.986+0000] {subprocess.py:106} INFO - 25/03/19 15:00:58 INFO ResourceProfileManager: Added ResourceProfile id: 0
[2025-03-19T15:00:59.260+0000] {subprocess.py:106} INFO - 25/03/19 15:00:59 INFO SecurityManager: Changing view acls to: default
[2025-03-19T15:00:59.261+0000] {subprocess.py:106} INFO - 25/03/19 15:00:59 INFO SecurityManager: Changing modify acls to: default
[2025-03-19T15:00:59.263+0000] {subprocess.py:106} INFO - 25/03/19 15:00:59 INFO SecurityManager: Changing view acls groups to:
[2025-03-19T15:00:59.264+0000] {subprocess.py:106} INFO - 25/03/19 15:00:59 INFO SecurityManager: Changing modify acls groups to:
[2025-03-19T15:00:59.265+0000] {subprocess.py:106} INFO - 25/03/19 15:00:59 INFO SecurityManager: SecurityManager: authentication disabled; ui acls disabled; users with view permissions: default; groups with view permissions: EMPTY; users with modify permissions: default; groups with modify permissions: EMPTY
[2025-03-19T15:01:00.342+0000] {subprocess.py:106} INFO - 25/03/19 15:01:00 INFO Utils: Successfully started service 'sparkDriver' on port 41785.
[2025-03-19T15:01:00.455+0000] {subprocess.py:106} INFO - 25/03/19 15:01:00 INFO SparkEnv: Registering MapOutputTracker
[2025-03-19T15:01:00.678+0000] {subprocess.py:106} INFO - 25/03/19 15:01:00 INFO SparkEnv: Registering BlockManagerMaster
[2025-03-19T15:01:00.742+0000] {subprocess.py:106} INFO - 25/03/19 15:01:00 INFO BlockManagerMasterEndpoint: Using org.apache.spark.storage.DefaultTopologyMapper for getting topology information
[2025-03-19T15:01:00.743+0000] {subprocess.py:106} INFO - 25/03/19 15:01:00 INFO BlockManagerMasterEndpoint: BlockManagerMasterEndpoint up
[2025-03-19T15:01:00.758+0000] {subprocess.py:106} INFO - 25/03/19 15:01:00 INFO SparkEnv: Registering BlockManagerMasterHeartbeat
[2025-03-19T15:01:00.853+0000] {subprocess.py:106} INFO - 25/03/19 15:01:00 INFO DiskBlockManager: Created local directory at /tmp/blockmgr-0d6cf939-6c46-4f04-b98c-e4f1cb6c151c
[2025-03-19T15:01:00.947+0000] {subprocess.py:106} INFO - 25/03/19 15:01:00 INFO MemoryStore: MemoryStore started with capacity 434.4 MiB
[2025-03-19T15:01:01.031+0000] {subprocess.py:106} INFO - 25/03/19 15:01:01 INFO SparkEnv: Registering OutputCommitCoordinator
[2025-03-19T15:01:01.473+0000] {subprocess.py:106} INFO - 25/03/19 15:01:01 INFO JettyUtils: Start Jetty 0.0.0.0:4040 for SparkUI
[2025-03-19T15:01:01.674+0000] {subprocess.py:106} INFO - 25/03/19 15:01:01 INFO Utils: Successfully started service 'SparkUI' on port 4040.
[2025-03-19T15:01:02.231+0000] {subprocess.py:106} INFO - 25/03/19 15:01:02 INFO Executor: Starting executor ID driver on host ef5eed66b5b5
[2025-03-19T15:01:02.232+0000] {subprocess.py:106} INFO - 25/03/19 15:01:02 INFO Executor: OS info Linux, 6.12.5-linuxkit, amd64
[2025-03-19T15:01:02.233+0000] {subprocess.py:106} INFO - 25/03/19 15:01:02 INFO Executor: Java version 17.0.14
[2025-03-19T15:01:02.261+0000] {subprocess.py:106} INFO - 25/03/19 15:01:02 INFO Executor: Starting executor with user classpath (userClassPathFirst = false): ''
[2025-03-19T15:01:02.263+0000] {subprocess.py:106} INFO - 25/03/19 15:01:02 INFO Executor: Created or updated repl class loader org.apache.spark.util.MutableURLClassLoader@5123949a for default.
[2025-03-19T15:01:02.349+0000] {subprocess.py:106} INFO - 25/03/19 15:01:02 INFO Utils: Successfully started service 'org.apache.spark.network.netty.NettyBlockTransferService' on port 34265.
[2025-03-19T15:01:02.351+0000] {subprocess.py:106} INFO - 25/03/19 15:01:02 INFO NettyBlockTransferService: Server created on ef5eed66b5b5:34265
[2025-03-19T15:01:02.354+0000] {subprocess.py:106} INFO - 25/03/19 15:01:02 INFO BlockManager: Using org.apache.spark.storage.RandomBlockReplicationPolicy for block replication policy
[2025-03-19T15:01:02.371+0000] {subprocess.py:106} INFO - 25/03/19 15:01:02 INFO BlockManagerMaster: Registering BlockManager BlockManagerId(driver, ef5eed66b5b5, 34265, None)
[2025-03-19T15:01:02.380+0000] {subprocess.py:106} INFO - 25/03/19 15:01:02 INFO BlockManagerMasterEndpoint: Registering block manager ef5eed66b5b5:34265 with 434.4 MiB RAM, BlockManagerId(driver, ef5eed66b5b5, 34265, None)
[2025-03-19T15:01:02.384+0000] {subprocess.py:106} INFO - 25/03/19 15:01:02 INFO BlockManagerMaster: Registered BlockManager BlockManagerId(driver, ef5eed66b5b5, 34265, None)
[2025-03-19T15:01:02.387+0000] {subprocess.py:106} INFO - 25/03/19 15:01:02 INFO BlockManager: Initialized BlockManager: BlockManagerId(driver, ef5eed66b5b5, 34265, None)
[2025-03-19T15:01:04.862+0000] {subprocess.py:106} INFO - Bronze data has been stored at: medallion_data/bronze_layer.json
[2025-03-19T15:01:04.957+0000] {subprocess.py:106} INFO - 25/03/19 15:01:04 INFO SparkContext: Invoking stop() from shutdown hook
[2025-03-19T15:01:04.958+0000] {subprocess.py:106} INFO - 25/03/19 15:01:04 INFO SparkContext: SparkContext is stopping with exitCode 0.
[2025-03-19T15:01:04.979+0000] {subprocess.py:106} INFO - 25/03/19 15:01:04 INFO SparkUI: Stopped Spark web UI at http://ef5eed66b5b5:4040
[2025-03-19T15:01:05.064+0000] {subprocess.py:106} INFO - 25/03/19 15:01:05 INFO MapOutputTrackerMasterEndpoint: MapOutputTrackerMasterEndpoint stopped!
[2025-03-19T15:01:05.275+0000] {subprocess.py:106} INFO - 25/03/19 15:01:05 INFO MemoryStore: MemoryStore cleared
[2025-03-19T15:01:05.276+0000] {subprocess.py:106} INFO - 25/03/19 15:01:05 INFO BlockManager: BlockManager stopped
[2025-03-19T15:01:05.291+0000] {subprocess.py:106} INFO - 25/03/19 15:01:05 INFO BlockManagerMaster: BlockManagerMaster stopped
[2025-03-19T15:01:05.299+0000] {subprocess.py:106} INFO - 25/03/19 15:01:05 INFO OutputCommitCoordinator$OutputCommitCoordinatorEndpoint: OutputCommitCoordinator stopped!
[2025-03-19T15:01:05.336+0000] {subprocess.py:106} INFO - 25/03/19 15:01:05 INFO SparkContext: Successfully stopped SparkContext
[2025-03-19T15:01:05.337+0000] {subprocess.py:106} INFO - 25/03/19 15:01:05 INFO ShutdownHookManager: Shutdown hook called
[2025-03-19T15:01:05.338+0000] {subprocess.py:106} INFO - 25/03/19 15:01:05 INFO ShutdownHookManager: Deleting directory /tmp/spark-9f1e06f8-000d-4c38-9d9e-dbeab5af610c
[2025-03-19T15:01:05.348+0000] {subprocess.py:106} INFO - 25/03/19 15:01:05 INFO ShutdownHookManager: Deleting directory /tmp/spark-a3e58446-541f-4f33-858d-12a0f5a144f3
[2025-03-19T15:01:05.357+0000] {subprocess.py:106} INFO - 25/03/19 15:01:05 INFO ShutdownHookManager: Deleting directory /tmp/spark-a3e58446-541f-4f33-858d-12a0f5a144f3/pyspark-7afcc998-9fb4-41a8-9e0c-ed9c9cb26ab3
[2025-03-19T15:01:05.466+0000] {subprocess.py:110} INFO - Command exited with return code 0
[2025-03-19T15:01:05.565+0000] {taskinstance.py:341} INFO - ::group::Post task execution logs
[2025-03-19T15:01:05.567+0000] {taskinstance.py:353} INFO - Marking task as SUCCESS. dag_id=pyspark_etl_pipeline, task_id=bronze_ingestion, run_id=manual__2025-03-19T05:14:09.222928+00:00, execution_date=20250319T051409, start_date=20250319T150052, end_date=20250319T150105
[2025-03-19T15:01:05.649+0000] {local_task_job_runner.py:266} INFO - Task exited with return code 0
[2025-03-19T15:01:05.745+0000] {taskinstance.py:3901} INFO - 1 downstream tasks scheduled from follow-on schedule check
[2025-03-19T15:01:05.748+0000] {local_task_job_runner.py:245} INFO - ::endgroup::
