[2025-03-19T15:44:41.307+0000] {local_task_job_runner.py:123} INFO - ::group::Pre task execution logs
[2025-03-19T15:44:41.329+0000] {taskinstance.py:2614} INFO - Dependencies all met for dep_context=non-requeueable deps ti=<TaskInstance: pyspark_etl_pipeline.bronze_ingestion manual__2025-03-19T05:14:09.222928+00:00 [queued]>
[2025-03-19T15:44:41.342+0000] {taskinstance.py:2614} INFO - Dependencies all met for dep_context=requeueable deps ti=<TaskInstance: pyspark_etl_pipeline.bronze_ingestion manual__2025-03-19T05:14:09.222928+00:00 [queued]>
[2025-03-19T15:44:41.343+0000] {taskinstance.py:2867} INFO - Starting attempt 11 of 12
[2025-03-19T15:44:41.361+0000] {taskinstance.py:2890} INFO - Executing <Task(BashOperator): bronze_ingestion> on 2025-03-19 05:14:09.222928+00:00
[2025-03-19T15:44:41.370+0000] {standard_task_runner.py:104} INFO - Running: ['***', 'tasks', 'run', 'pyspark_etl_pipeline', 'bronze_ingestion', 'manual__2025-03-19T05:14:09.222928+00:00', '--job-id', '129', '--raw', '--subdir', 'DAGS_FOLDER/dag_pipeline.py', '--cfg-path', '/tmp/tmp8fx778d7']
[2025-03-19T15:44:41.376+0000] {standard_task_runner.py:105} INFO - Job 129: Subtask bronze_ingestion
[2025-03-19T15:44:41.376+0000] {logging_mixin.py:190} WARNING - /home/***/.local/lib/python3.12/site-packages/***/task/task_runner/standard_task_runner.py:70 DeprecationWarning: This process (pid=218) is multi-threaded, use of fork() may lead to deadlocks in the child.
[2025-03-19T15:44:41.379+0000] {standard_task_runner.py:72} INFO - Started process 219 to run task
[2025-03-19T15:44:41.444+0000] {task_command.py:467} INFO - Running <TaskInstance: pyspark_etl_pipeline.bronze_ingestion manual__2025-03-19T05:14:09.222928+00:00 [running]> on host 95caac6b62ba
[2025-03-19T15:44:41.598+0000] {taskinstance.py:3134} INFO - Exporting env vars: AIRFLOW_CTX_DAG_EMAIL='caiovos@hotmail.com' AIRFLOW_CTX_DAG_OWNER='***' AIRFLOW_CTX_DAG_ID='pyspark_etl_pipeline' AIRFLOW_CTX_TASK_ID='bronze_ingestion' AIRFLOW_CTX_EXECUTION_DATE='2025-03-19T05:14:09.222928+00:00' AIRFLOW_CTX_TRY_NUMBER='11' AIRFLOW_CTX_DAG_RUN_ID='manual__2025-03-19T05:14:09.222928+00:00'
[2025-03-19T15:44:41.599+0000] {taskinstance.py:732} INFO - ::endgroup::
[2025-03-19T15:44:41.643+0000] {subprocess.py:78} INFO - Tmp dir root location: /tmp
[2025-03-19T15:44:41.644+0000] {subprocess.py:88} INFO - Running command: ['/usr/bin/bash', '-c', 'spark-submit --master local /opt/***/dags/bronze_ingestion.py']
[2025-03-19T15:44:41.658+0000] {subprocess.py:99} INFO - Output:
[2025-03-19T15:44:46.356+0000] {subprocess.py:106} INFO - 25/03/19 15:44:46 INFO SparkContext: Running Spark version 3.5.5
[2025-03-19T15:44:46.359+0000] {subprocess.py:106} INFO - 25/03/19 15:44:46 INFO SparkContext: OS info Linux, 6.12.5-linuxkit, amd64
[2025-03-19T15:44:46.360+0000] {subprocess.py:106} INFO - 25/03/19 15:44:46 INFO SparkContext: Java version 17.0.14
[2025-03-19T15:44:46.431+0000] {subprocess.py:106} INFO - 25/03/19 15:44:46 WARN NativeCodeLoader: Unable to load native-hadoop library for your platform... using builtin-java classes where applicable
[2025-03-19T15:44:46.578+0000] {subprocess.py:106} INFO - 25/03/19 15:44:46 INFO ResourceUtils: ==============================================================
[2025-03-19T15:44:46.579+0000] {subprocess.py:106} INFO - 25/03/19 15:44:46 INFO ResourceUtils: No custom resources configured for spark.driver.
[2025-03-19T15:44:46.580+0000] {subprocess.py:106} INFO - 25/03/19 15:44:46 INFO ResourceUtils: ==============================================================
[2025-03-19T15:44:46.581+0000] {subprocess.py:106} INFO - 25/03/19 15:44:46 INFO SparkContext: Submitted application: BronzeLayer
[2025-03-19T15:44:46.635+0000] {subprocess.py:106} INFO - 25/03/19 15:44:46 INFO ResourceProfile: Default ResourceProfile created, executor resources: Map(cores -> name: cores, amount: 1, script: , vendor: , memory -> name: memory, amount: 1024, script: , vendor: , offHeap -> name: offHeap, amount: 0, script: , vendor: ), task resources: Map(cpus -> name: cpus, amount: 1.0)
[2025-03-19T15:44:46.666+0000] {subprocess.py:106} INFO - 25/03/19 15:44:46 INFO ResourceProfile: Limiting resource is cpu
[2025-03-19T15:44:46.671+0000] {subprocess.py:106} INFO - 25/03/19 15:44:46 INFO ResourceProfileManager: Added ResourceProfile id: 0
[2025-03-19T15:44:46.767+0000] {subprocess.py:106} INFO - 25/03/19 15:44:46 INFO SecurityManager: Changing view acls to: default
[2025-03-19T15:44:46.772+0000] {subprocess.py:106} INFO - 25/03/19 15:44:46 INFO SecurityManager: Changing modify acls to: default
[2025-03-19T15:44:46.774+0000] {subprocess.py:106} INFO - 25/03/19 15:44:46 INFO SecurityManager: Changing view acls groups to:
[2025-03-19T15:44:46.775+0000] {subprocess.py:106} INFO - 25/03/19 15:44:46 INFO SecurityManager: Changing modify acls groups to:
[2025-03-19T15:44:46.776+0000] {subprocess.py:106} INFO - 25/03/19 15:44:46 INFO SecurityManager: SecurityManager: authentication disabled; ui acls disabled; users with view permissions: default; groups with view permissions: EMPTY; users with modify permissions: default; groups with modify permissions: EMPTY
[2025-03-19T15:44:47.109+0000] {subprocess.py:106} INFO - 25/03/19 15:44:47 INFO Utils: Successfully started service 'sparkDriver' on port 37349.
[2025-03-19T15:44:47.148+0000] {subprocess.py:106} INFO - 25/03/19 15:44:47 INFO SparkEnv: Registering MapOutputTracker
[2025-03-19T15:44:47.194+0000] {subprocess.py:106} INFO - 25/03/19 15:44:47 INFO SparkEnv: Registering BlockManagerMaster
[2025-03-19T15:44:47.220+0000] {subprocess.py:106} INFO - 25/03/19 15:44:47 INFO BlockManagerMasterEndpoint: Using org.apache.spark.storage.DefaultTopologyMapper for getting topology information
[2025-03-19T15:44:47.221+0000] {subprocess.py:106} INFO - 25/03/19 15:44:47 INFO BlockManagerMasterEndpoint: BlockManagerMasterEndpoint up
[2025-03-19T15:44:47.226+0000] {subprocess.py:106} INFO - 25/03/19 15:44:47 INFO SparkEnv: Registering BlockManagerMasterHeartbeat
[2025-03-19T15:44:47.255+0000] {subprocess.py:106} INFO - 25/03/19 15:44:47 INFO DiskBlockManager: Created local directory at /tmp/blockmgr-111ed263-d718-4f94-b897-e6eef04f3142
[2025-03-19T15:44:47.273+0000] {subprocess.py:106} INFO - 25/03/19 15:44:47 INFO MemoryStore: MemoryStore started with capacity 434.4 MiB
[2025-03-19T15:44:47.293+0000] {subprocess.py:106} INFO - 25/03/19 15:44:47 INFO SparkEnv: Registering OutputCommitCoordinator
[2025-03-19T15:44:47.451+0000] {subprocess.py:106} INFO - 25/03/19 15:44:47 INFO JettyUtils: Start Jetty 0.0.0.0:4040 for SparkUI
[2025-03-19T15:44:47.544+0000] {subprocess.py:106} INFO - 25/03/19 15:44:47 INFO Utils: Successfully started service 'SparkUI' on port 4040.
[2025-03-19T15:44:47.726+0000] {subprocess.py:106} INFO - 25/03/19 15:44:47 INFO Executor: Starting executor ID driver on host 95caac6b62ba
[2025-03-19T15:44:47.727+0000] {subprocess.py:106} INFO - 25/03/19 15:44:47 INFO Executor: OS info Linux, 6.12.5-linuxkit, amd64
[2025-03-19T15:44:47.728+0000] {subprocess.py:106} INFO - 25/03/19 15:44:47 INFO Executor: Java version 17.0.14
[2025-03-19T15:44:47.739+0000] {subprocess.py:106} INFO - 25/03/19 15:44:47 INFO Executor: Starting executor with user classpath (userClassPathFirst = false): ''
[2025-03-19T15:44:47.740+0000] {subprocess.py:106} INFO - 25/03/19 15:44:47 INFO Executor: Created or updated repl class loader org.apache.spark.util.MutableURLClassLoader@6710369a for default.
[2025-03-19T15:44:47.774+0000] {subprocess.py:106} INFO - 25/03/19 15:44:47 INFO Utils: Successfully started service 'org.apache.spark.network.netty.NettyBlockTransferService' on port 45313.
[2025-03-19T15:44:47.775+0000] {subprocess.py:106} INFO - 25/03/19 15:44:47 INFO NettyBlockTransferService: Server created on 95caac6b62ba:45313
[2025-03-19T15:44:47.779+0000] {subprocess.py:106} INFO - 25/03/19 15:44:47 INFO BlockManager: Using org.apache.spark.storage.RandomBlockReplicationPolicy for block replication policy
[2025-03-19T15:44:47.792+0000] {subprocess.py:106} INFO - 25/03/19 15:44:47 INFO BlockManagerMaster: Registering BlockManager BlockManagerId(driver, 95caac6b62ba, 45313, None)
[2025-03-19T15:44:47.797+0000] {subprocess.py:106} INFO - 25/03/19 15:44:47 INFO BlockManagerMasterEndpoint: Registering block manager 95caac6b62ba:45313 with 434.4 MiB RAM, BlockManagerId(driver, 95caac6b62ba, 45313, None)
[2025-03-19T15:44:47.803+0000] {subprocess.py:106} INFO - 25/03/19 15:44:47 INFO BlockManagerMaster: Registered BlockManager BlockManagerId(driver, 95caac6b62ba, 45313, None)
[2025-03-19T15:44:47.805+0000] {subprocess.py:106} INFO - 25/03/19 15:44:47 INFO BlockManager: Initialized BlockManager: BlockManagerId(driver, 95caac6b62ba, 45313, None)
[2025-03-19T15:44:48.459+0000] {subprocess.py:106} INFO - Bronze data has been stored at: medallion_data/bronze_layer.json
[2025-03-19T15:44:48.562+0000] {subprocess.py:106} INFO - 25/03/19 15:44:48 INFO SparkContext: Invoking stop() from shutdown hook
[2025-03-19T15:44:48.563+0000] {subprocess.py:106} INFO - 25/03/19 15:44:48 INFO SparkContext: SparkContext is stopping with exitCode 0.
[2025-03-19T15:44:48.580+0000] {subprocess.py:106} INFO - 25/03/19 15:44:48 INFO SparkUI: Stopped Spark web UI at http://95caac6b62ba:4040
[2025-03-19T15:44:48.595+0000] {subprocess.py:106} INFO - 25/03/19 15:44:48 INFO MapOutputTrackerMasterEndpoint: MapOutputTrackerMasterEndpoint stopped!
[2025-03-19T15:44:48.610+0000] {subprocess.py:106} INFO - 25/03/19 15:44:48 INFO MemoryStore: MemoryStore cleared
[2025-03-19T15:44:48.611+0000] {subprocess.py:106} INFO - 25/03/19 15:44:48 INFO BlockManager: BlockManager stopped
[2025-03-19T15:44:48.618+0000] {subprocess.py:106} INFO - 25/03/19 15:44:48 INFO BlockManagerMaster: BlockManagerMaster stopped
[2025-03-19T15:44:48.623+0000] {subprocess.py:106} INFO - 25/03/19 15:44:48 INFO OutputCommitCoordinator$OutputCommitCoordinatorEndpoint: OutputCommitCoordinator stopped!
[2025-03-19T15:44:48.638+0000] {subprocess.py:106} INFO - 25/03/19 15:44:48 INFO SparkContext: Successfully stopped SparkContext
[2025-03-19T15:44:48.638+0000] {subprocess.py:106} INFO - 25/03/19 15:44:48 INFO ShutdownHookManager: Shutdown hook called
[2025-03-19T15:44:48.639+0000] {subprocess.py:106} INFO - 25/03/19 15:44:48 INFO ShutdownHookManager: Deleting directory /tmp/spark-54c7bd50-4d30-4f33-a1f5-d5895d556548
[2025-03-19T15:44:48.645+0000] {subprocess.py:106} INFO - 25/03/19 15:44:48 INFO ShutdownHookManager: Deleting directory /tmp/spark-f44883ca-a6ed-425b-8792-c8a35dc26913
[2025-03-19T15:44:48.655+0000] {subprocess.py:106} INFO - 25/03/19 15:44:48 INFO ShutdownHookManager: Deleting directory /tmp/spark-f44883ca-a6ed-425b-8792-c8a35dc26913/pyspark-cc97b805-eca8-4b95-9954-7b5d1e5f8cbd
[2025-03-19T15:44:48.693+0000] {subprocess.py:110} INFO - Command exited with return code 0
[2025-03-19T15:44:48.725+0000] {taskinstance.py:341} INFO - ::group::Post task execution logs
[2025-03-19T15:44:48.726+0000] {taskinstance.py:353} INFO - Marking task as SUCCESS. dag_id=pyspark_etl_pipeline, task_id=bronze_ingestion, run_id=manual__2025-03-19T05:14:09.222928+00:00, execution_date=20250319T051409, start_date=20250319T154441, end_date=20250319T154448
[2025-03-19T15:44:48.773+0000] {local_task_job_runner.py:266} INFO - Task exited with return code 0
[2025-03-19T15:44:48.813+0000] {taskinstance.py:3901} INFO - 1 downstream tasks scheduled from follow-on schedule check
[2025-03-19T15:44:48.816+0000] {local_task_job_runner.py:245} INFO - ::endgroup::
