[2025-03-19T16:06:01.027+0000] {local_task_job_runner.py:123} INFO - ::group::Pre task execution logs
[2025-03-19T16:06:01.050+0000] {taskinstance.py:2614} INFO - Dependencies all met for dep_context=non-requeueable deps ti=<TaskInstance: pyspark_etl_pipeline.bronze_ingestion manual__2025-03-19T05:14:09.222928+00:00 [queued]>
[2025-03-19T16:06:01.063+0000] {taskinstance.py:2614} INFO - Dependencies all met for dep_context=requeueable deps ti=<TaskInstance: pyspark_etl_pipeline.bronze_ingestion manual__2025-03-19T05:14:09.222928+00:00 [queued]>
[2025-03-19T16:06:01.064+0000] {taskinstance.py:2867} INFO - Starting attempt 14 of 15
[2025-03-19T16:06:01.083+0000] {taskinstance.py:2890} INFO - Executing <Task(BashOperator): bronze_ingestion> on 2025-03-19 05:14:09.222928+00:00
[2025-03-19T16:06:01.092+0000] {standard_task_runner.py:104} INFO - Running: ['***', 'tasks', 'run', 'pyspark_etl_pipeline', 'bronze_ingestion', 'manual__2025-03-19T05:14:09.222928+00:00', '--job-id', '143', '--raw', '--subdir', 'DAGS_FOLDER/dag_pipeline.py', '--cfg-path', '/tmp/tmpd2jrvpu9']
[2025-03-19T16:06:01.096+0000] {standard_task_runner.py:105} INFO - Job 143: Subtask bronze_ingestion
[2025-03-19T16:06:01.097+0000] {logging_mixin.py:190} WARNING - /home/***/.local/lib/python3.12/site-packages/***/task/task_runner/standard_task_runner.py:70 DeprecationWarning: This process (pid=225) is multi-threaded, use of fork() may lead to deadlocks in the child.
[2025-03-19T16:06:01.098+0000] {standard_task_runner.py:72} INFO - Started process 226 to run task
[2025-03-19T16:06:01.159+0000] {task_command.py:467} INFO - Running <TaskInstance: pyspark_etl_pipeline.bronze_ingestion manual__2025-03-19T05:14:09.222928+00:00 [running]> on host bdf158e8d6f0
[2025-03-19T16:06:01.293+0000] {taskinstance.py:3134} INFO - Exporting env vars: AIRFLOW_CTX_DAG_EMAIL='caiovos@hotmail.com' AIRFLOW_CTX_DAG_OWNER='***' AIRFLOW_CTX_DAG_ID='pyspark_etl_pipeline' AIRFLOW_CTX_TASK_ID='bronze_ingestion' AIRFLOW_CTX_EXECUTION_DATE='2025-03-19T05:14:09.222928+00:00' AIRFLOW_CTX_TRY_NUMBER='14' AIRFLOW_CTX_DAG_RUN_ID='manual__2025-03-19T05:14:09.222928+00:00'
[2025-03-19T16:06:01.294+0000] {taskinstance.py:732} INFO - ::endgroup::
[2025-03-19T16:06:01.336+0000] {subprocess.py:78} INFO - Tmp dir root location: /tmp
[2025-03-19T16:06:01.338+0000] {subprocess.py:88} INFO - Running command: ['/usr/bin/bash', '-c', 'spark-submit --master local /opt/***/dags/bronze_ingestion.py']
[2025-03-19T16:06:01.349+0000] {subprocess.py:99} INFO - Output:
[2025-03-19T16:06:06.129+0000] {subprocess.py:106} INFO - 25/03/19 16:06:06 INFO SparkContext: Running Spark version 3.5.5
[2025-03-19T16:06:06.131+0000] {subprocess.py:106} INFO - 25/03/19 16:06:06 INFO SparkContext: OS info Linux, 6.12.5-linuxkit, amd64
[2025-03-19T16:06:06.133+0000] {subprocess.py:106} INFO - 25/03/19 16:06:06 INFO SparkContext: Java version 17.0.14
[2025-03-19T16:06:06.210+0000] {subprocess.py:106} INFO - 25/03/19 16:06:06 WARN NativeCodeLoader: Unable to load native-hadoop library for your platform... using builtin-java classes where applicable
[2025-03-19T16:06:06.323+0000] {subprocess.py:106} INFO - 25/03/19 16:06:06 INFO ResourceUtils: ==============================================================
[2025-03-19T16:06:06.324+0000] {subprocess.py:106} INFO - 25/03/19 16:06:06 INFO ResourceUtils: No custom resources configured for spark.driver.
[2025-03-19T16:06:06.325+0000] {subprocess.py:106} INFO - 25/03/19 16:06:06 INFO ResourceUtils: ==============================================================
[2025-03-19T16:06:06.326+0000] {subprocess.py:106} INFO - 25/03/19 16:06:06 INFO SparkContext: Submitted application: BronzeLayer
[2025-03-19T16:06:06.351+0000] {subprocess.py:106} INFO - 25/03/19 16:06:06 INFO ResourceProfile: Default ResourceProfile created, executor resources: Map(cores -> name: cores, amount: 1, script: , vendor: , memory -> name: memory, amount: 1024, script: , vendor: , offHeap -> name: offHeap, amount: 0, script: , vendor: ), task resources: Map(cpus -> name: cpus, amount: 1.0)
[2025-03-19T16:06:06.363+0000] {subprocess.py:106} INFO - 25/03/19 16:06:06 INFO ResourceProfile: Limiting resource is cpu
[2025-03-19T16:06:06.365+0000] {subprocess.py:106} INFO - 25/03/19 16:06:06 INFO ResourceProfileManager: Added ResourceProfile id: 0
[2025-03-19T16:06:06.424+0000] {subprocess.py:106} INFO - 25/03/19 16:06:06 INFO SecurityManager: Changing view acls to: default
[2025-03-19T16:06:06.425+0000] {subprocess.py:106} INFO - 25/03/19 16:06:06 INFO SecurityManager: Changing modify acls to: default
[2025-03-19T16:06:06.426+0000] {subprocess.py:106} INFO - 25/03/19 16:06:06 INFO SecurityManager: Changing view acls groups to:
[2025-03-19T16:06:06.427+0000] {subprocess.py:106} INFO - 25/03/19 16:06:06 INFO SecurityManager: Changing modify acls groups to:
[2025-03-19T16:06:06.428+0000] {subprocess.py:106} INFO - 25/03/19 16:06:06 INFO SecurityManager: SecurityManager: authentication disabled; ui acls disabled; users with view permissions: default; groups with view permissions: EMPTY; users with modify permissions: default; groups with modify permissions: EMPTY
[2025-03-19T16:06:06.743+0000] {subprocess.py:106} INFO - 25/03/19 16:06:06 INFO Utils: Successfully started service 'sparkDriver' on port 44651.
[2025-03-19T16:06:06.786+0000] {subprocess.py:106} INFO - 25/03/19 16:06:06 INFO SparkEnv: Registering MapOutputTracker
[2025-03-19T16:06:06.874+0000] {subprocess.py:106} INFO - 25/03/19 16:06:06 INFO SparkEnv: Registering BlockManagerMaster
[2025-03-19T16:06:06.911+0000] {subprocess.py:106} INFO - 25/03/19 16:06:06 INFO BlockManagerMasterEndpoint: Using org.apache.spark.storage.DefaultTopologyMapper for getting topology information
[2025-03-19T16:06:06.911+0000] {subprocess.py:106} INFO - 25/03/19 16:06:06 INFO BlockManagerMasterEndpoint: BlockManagerMasterEndpoint up
[2025-03-19T16:06:06.916+0000] {subprocess.py:106} INFO - 25/03/19 16:06:06 INFO SparkEnv: Registering BlockManagerMasterHeartbeat
[2025-03-19T16:06:06.952+0000] {subprocess.py:106} INFO - 25/03/19 16:06:06 INFO DiskBlockManager: Created local directory at /tmp/blockmgr-4293d1bd-1128-42b0-bbad-f08b8e017454
[2025-03-19T16:06:06.973+0000] {subprocess.py:106} INFO - 25/03/19 16:06:06 INFO MemoryStore: MemoryStore started with capacity 434.4 MiB
[2025-03-19T16:06:06.998+0000] {subprocess.py:106} INFO - 25/03/19 16:06:06 INFO SparkEnv: Registering OutputCommitCoordinator
[2025-03-19T16:06:07.196+0000] {subprocess.py:106} INFO - 25/03/19 16:06:07 INFO JettyUtils: Start Jetty 0.0.0.0:4040 for SparkUI
[2025-03-19T16:06:07.284+0000] {subprocess.py:106} INFO - 25/03/19 16:06:07 INFO Utils: Successfully started service 'SparkUI' on port 4040.
[2025-03-19T16:06:07.447+0000] {subprocess.py:106} INFO - 25/03/19 16:06:07 INFO Executor: Starting executor ID driver on host bdf158e8d6f0
[2025-03-19T16:06:07.448+0000] {subprocess.py:106} INFO - 25/03/19 16:06:07 INFO Executor: OS info Linux, 6.12.5-linuxkit, amd64
[2025-03-19T16:06:07.449+0000] {subprocess.py:106} INFO - 25/03/19 16:06:07 INFO Executor: Java version 17.0.14
[2025-03-19T16:06:07.459+0000] {subprocess.py:106} INFO - 25/03/19 16:06:07 INFO Executor: Starting executor with user classpath (userClassPathFirst = false): ''
[2025-03-19T16:06:07.460+0000] {subprocess.py:106} INFO - 25/03/19 16:06:07 INFO Executor: Created or updated repl class loader org.apache.spark.util.MutableURLClassLoader@61f102b2 for default.
[2025-03-19T16:06:07.485+0000] {subprocess.py:106} INFO - 25/03/19 16:06:07 INFO Utils: Successfully started service 'org.apache.spark.network.netty.NettyBlockTransferService' on port 33259.
[2025-03-19T16:06:07.486+0000] {subprocess.py:106} INFO - 25/03/19 16:06:07 INFO NettyBlockTransferService: Server created on bdf158e8d6f0:33259
[2025-03-19T16:06:07.487+0000] {subprocess.py:106} INFO - 25/03/19 16:06:07 INFO BlockManager: Using org.apache.spark.storage.RandomBlockReplicationPolicy for block replication policy
[2025-03-19T16:06:07.495+0000] {subprocess.py:106} INFO - 25/03/19 16:06:07 INFO BlockManagerMaster: Registering BlockManager BlockManagerId(driver, bdf158e8d6f0, 33259, None)
[2025-03-19T16:06:07.501+0000] {subprocess.py:106} INFO - 25/03/19 16:06:07 INFO BlockManagerMasterEndpoint: Registering block manager bdf158e8d6f0:33259 with 434.4 MiB RAM, BlockManagerId(driver, bdf158e8d6f0, 33259, None)
[2025-03-19T16:06:07.507+0000] {subprocess.py:106} INFO - 25/03/19 16:06:07 INFO BlockManagerMaster: Registered BlockManager BlockManagerId(driver, bdf158e8d6f0, 33259, None)
[2025-03-19T16:06:07.511+0000] {subprocess.py:106} INFO - 25/03/19 16:06:07 INFO BlockManager: Initialized BlockManager: BlockManagerId(driver, bdf158e8d6f0, 33259, None)
[2025-03-19T16:06:08.091+0000] {subprocess.py:106} INFO - Bronze data has been stored at: medallion_data/bronze_layer.json
[2025-03-19T16:06:08.184+0000] {subprocess.py:106} INFO - 25/03/19 16:06:08 INFO SparkContext: Invoking stop() from shutdown hook
[2025-03-19T16:06:08.186+0000] {subprocess.py:106} INFO - 25/03/19 16:06:08 INFO SparkContext: SparkContext is stopping with exitCode 0.
[2025-03-19T16:06:08.211+0000] {subprocess.py:106} INFO - 25/03/19 16:06:08 INFO SparkUI: Stopped Spark web UI at http://bdf158e8d6f0:4040
[2025-03-19T16:06:08.226+0000] {subprocess.py:106} INFO - 25/03/19 16:06:08 INFO MapOutputTrackerMasterEndpoint: MapOutputTrackerMasterEndpoint stopped!
[2025-03-19T16:06:08.241+0000] {subprocess.py:106} INFO - 25/03/19 16:06:08 INFO MemoryStore: MemoryStore cleared
[2025-03-19T16:06:08.242+0000] {subprocess.py:106} INFO - 25/03/19 16:06:08 INFO BlockManager: BlockManager stopped
[2025-03-19T16:06:08.247+0000] {subprocess.py:106} INFO - 25/03/19 16:06:08 INFO BlockManagerMaster: BlockManagerMaster stopped
[2025-03-19T16:06:08.250+0000] {subprocess.py:106} INFO - 25/03/19 16:06:08 INFO OutputCommitCoordinator$OutputCommitCoordinatorEndpoint: OutputCommitCoordinator stopped!
[2025-03-19T16:06:08.260+0000] {subprocess.py:106} INFO - 25/03/19 16:06:08 INFO SparkContext: Successfully stopped SparkContext
[2025-03-19T16:06:08.261+0000] {subprocess.py:106} INFO - 25/03/19 16:06:08 INFO ShutdownHookManager: Shutdown hook called
[2025-03-19T16:06:08.261+0000] {subprocess.py:106} INFO - 25/03/19 16:06:08 INFO ShutdownHookManager: Deleting directory /tmp/spark-aeb6815a-073b-4ca4-9d6c-7ab4580b862f
[2025-03-19T16:06:08.270+0000] {subprocess.py:106} INFO - 25/03/19 16:06:08 INFO ShutdownHookManager: Deleting directory /tmp/spark-aeb6815a-073b-4ca4-9d6c-7ab4580b862f/pyspark-ec6eaee0-9ecf-45dd-8ade-9d5091c3b07b
[2025-03-19T16:06:08.277+0000] {subprocess.py:106} INFO - 25/03/19 16:06:08 INFO ShutdownHookManager: Deleting directory /tmp/spark-376a1fe6-3e94-4934-bd89-5e83966b1110
[2025-03-19T16:06:08.312+0000] {subprocess.py:110} INFO - Command exited with return code 0
[2025-03-19T16:06:08.344+0000] {taskinstance.py:341} INFO - ::group::Post task execution logs
[2025-03-19T16:06:08.345+0000] {taskinstance.py:353} INFO - Marking task as SUCCESS. dag_id=pyspark_etl_pipeline, task_id=bronze_ingestion, run_id=manual__2025-03-19T05:14:09.222928+00:00, execution_date=20250319T051409, start_date=20250319T160601, end_date=20250319T160608
[2025-03-19T16:06:08.381+0000] {local_task_job_runner.py:266} INFO - Task exited with return code 0
[2025-03-19T16:06:08.418+0000] {taskinstance.py:3901} INFO - 1 downstream tasks scheduled from follow-on schedule check
[2025-03-19T16:06:08.420+0000] {local_task_job_runner.py:245} INFO - ::endgroup::
