[2025-03-19T16:16:00.438+0000] {local_task_job_runner.py:123} INFO - ::group::Pre task execution logs
[2025-03-19T16:16:00.463+0000] {taskinstance.py:2614} INFO - Dependencies all met for dep_context=non-requeueable deps ti=<TaskInstance: pyspark_etl_pipeline.bronze_ingestion manual__2025-03-19T05:14:09.222928+00:00 [queued]>
[2025-03-19T16:16:00.475+0000] {taskinstance.py:2614} INFO - Dependencies all met for dep_context=requeueable deps ti=<TaskInstance: pyspark_etl_pipeline.bronze_ingestion manual__2025-03-19T05:14:09.222928+00:00 [queued]>
[2025-03-19T16:16:00.476+0000] {taskinstance.py:2867} INFO - Starting attempt 15 of 16
[2025-03-19T16:16:00.495+0000] {taskinstance.py:2890} INFO - Executing <Task(BashOperator): bronze_ingestion> on 2025-03-19 05:14:09.222928+00:00
[2025-03-19T16:16:00.512+0000] {standard_task_runner.py:104} INFO - Running: ['***', 'tasks', 'run', 'pyspark_etl_pipeline', 'bronze_ingestion', 'manual__2025-03-19T05:14:09.222928+00:00', '--job-id', '148', '--raw', '--subdir', 'DAGS_FOLDER/dag_pipeline.py', '--cfg-path', '/tmp/tmp60e9e95h']
[2025-03-19T16:16:00.515+0000] {standard_task_runner.py:105} INFO - Job 148: Subtask bronze_ingestion
[2025-03-19T16:16:00.516+0000] {logging_mixin.py:190} WARNING - /home/***/.local/lib/python3.12/site-packages/***/task/task_runner/standard_task_runner.py:70 DeprecationWarning: This process (pid=590) is multi-threaded, use of fork() may lead to deadlocks in the child.
[2025-03-19T16:16:00.517+0000] {standard_task_runner.py:72} INFO - Started process 597 to run task
[2025-03-19T16:16:00.578+0000] {task_command.py:467} INFO - Running <TaskInstance: pyspark_etl_pipeline.bronze_ingestion manual__2025-03-19T05:14:09.222928+00:00 [running]> on host 20dc670367b9
[2025-03-19T16:16:00.716+0000] {taskinstance.py:3134} INFO - Exporting env vars: AIRFLOW_CTX_DAG_EMAIL='caiovos@hotmail.com' AIRFLOW_CTX_DAG_OWNER='***' AIRFLOW_CTX_DAG_ID='pyspark_etl_pipeline' AIRFLOW_CTX_TASK_ID='bronze_ingestion' AIRFLOW_CTX_EXECUTION_DATE='2025-03-19T05:14:09.222928+00:00' AIRFLOW_CTX_TRY_NUMBER='15' AIRFLOW_CTX_DAG_RUN_ID='manual__2025-03-19T05:14:09.222928+00:00'
[2025-03-19T16:16:00.717+0000] {taskinstance.py:732} INFO - ::endgroup::
[2025-03-19T16:16:00.759+0000] {subprocess.py:78} INFO - Tmp dir root location: /tmp
[2025-03-19T16:16:00.761+0000] {subprocess.py:88} INFO - Running command: ['/usr/bin/bash', '-c', 'spark-submit --master local /opt/***/dags/bronze_ingestion.py']
[2025-03-19T16:16:00.772+0000] {subprocess.py:99} INFO - Output:
[2025-03-19T16:16:05.626+0000] {subprocess.py:106} INFO - 25/03/19 16:16:05 INFO SparkContext: Running Spark version 3.5.5
[2025-03-19T16:16:05.630+0000] {subprocess.py:106} INFO - 25/03/19 16:16:05 INFO SparkContext: OS info Linux, 6.12.5-linuxkit, amd64
[2025-03-19T16:16:05.631+0000] {subprocess.py:106} INFO - 25/03/19 16:16:05 INFO SparkContext: Java version 17.0.14
[2025-03-19T16:16:05.704+0000] {subprocess.py:106} INFO - 25/03/19 16:16:05 WARN NativeCodeLoader: Unable to load native-hadoop library for your platform... using builtin-java classes where applicable
[2025-03-19T16:16:05.889+0000] {subprocess.py:106} INFO - 25/03/19 16:16:05 INFO ResourceUtils: ==============================================================
[2025-03-19T16:16:05.890+0000] {subprocess.py:106} INFO - 25/03/19 16:16:05 INFO ResourceUtils: No custom resources configured for spark.driver.
[2025-03-19T16:16:05.891+0000] {subprocess.py:106} INFO - 25/03/19 16:16:05 INFO ResourceUtils: ==============================================================
[2025-03-19T16:16:05.892+0000] {subprocess.py:106} INFO - 25/03/19 16:16:05 INFO SparkContext: Submitted application: BronzeLayer
[2025-03-19T16:16:05.932+0000] {subprocess.py:106} INFO - 25/03/19 16:16:05 INFO ResourceProfile: Default ResourceProfile created, executor resources: Map(cores -> name: cores, amount: 1, script: , vendor: , memory -> name: memory, amount: 1024, script: , vendor: , offHeap -> name: offHeap, amount: 0, script: , vendor: ), task resources: Map(cpus -> name: cpus, amount: 1.0)
[2025-03-19T16:16:05.948+0000] {subprocess.py:106} INFO - 25/03/19 16:16:05 INFO ResourceProfile: Limiting resource is cpu
[2025-03-19T16:16:05.951+0000] {subprocess.py:106} INFO - 25/03/19 16:16:05 INFO ResourceProfileManager: Added ResourceProfile id: 0
[2025-03-19T16:16:06.052+0000] {subprocess.py:106} INFO - 25/03/19 16:16:06 INFO SecurityManager: Changing view acls to: default
[2025-03-19T16:16:06.054+0000] {subprocess.py:106} INFO - 25/03/19 16:16:06 INFO SecurityManager: Changing modify acls to: default
[2025-03-19T16:16:06.056+0000] {subprocess.py:106} INFO - 25/03/19 16:16:06 INFO SecurityManager: Changing view acls groups to:
[2025-03-19T16:16:06.058+0000] {subprocess.py:106} INFO - 25/03/19 16:16:06 INFO SecurityManager: Changing modify acls groups to:
[2025-03-19T16:16:06.060+0000] {subprocess.py:106} INFO - 25/03/19 16:16:06 INFO SecurityManager: SecurityManager: authentication disabled; ui acls disabled; users with view permissions: default; groups with view permissions: EMPTY; users with modify permissions: default; groups with modify permissions: EMPTY
[2025-03-19T16:16:06.380+0000] {subprocess.py:106} INFO - 25/03/19 16:16:06 INFO Utils: Successfully started service 'sparkDriver' on port 39087.
[2025-03-19T16:16:06.409+0000] {subprocess.py:106} INFO - 25/03/19 16:16:06 INFO SparkEnv: Registering MapOutputTracker
[2025-03-19T16:16:06.467+0000] {subprocess.py:106} INFO - 25/03/19 16:16:06 INFO SparkEnv: Registering BlockManagerMaster
[2025-03-19T16:16:06.508+0000] {subprocess.py:106} INFO - 25/03/19 16:16:06 INFO BlockManagerMasterEndpoint: Using org.apache.spark.storage.DefaultTopologyMapper for getting topology information
[2025-03-19T16:16:06.510+0000] {subprocess.py:106} INFO - 25/03/19 16:16:06 INFO BlockManagerMasterEndpoint: BlockManagerMasterEndpoint up
[2025-03-19T16:16:06.517+0000] {subprocess.py:106} INFO - 25/03/19 16:16:06 INFO SparkEnv: Registering BlockManagerMasterHeartbeat
[2025-03-19T16:16:06.557+0000] {subprocess.py:106} INFO - 25/03/19 16:16:06 INFO DiskBlockManager: Created local directory at /tmp/blockmgr-f877b4b0-94d4-433f-99e8-d0f9cb34da03
[2025-03-19T16:16:06.589+0000] {subprocess.py:106} INFO - 25/03/19 16:16:06 INFO MemoryStore: MemoryStore started with capacity 434.4 MiB
[2025-03-19T16:16:06.624+0000] {subprocess.py:106} INFO - 25/03/19 16:16:06 INFO SparkEnv: Registering OutputCommitCoordinator
[2025-03-19T16:16:06.822+0000] {subprocess.py:106} INFO - 25/03/19 16:16:06 INFO JettyUtils: Start Jetty 0.0.0.0:4040 for SparkUI
[2025-03-19T16:16:06.896+0000] {subprocess.py:106} INFO - 25/03/19 16:16:06 INFO Utils: Successfully started service 'SparkUI' on port 4040.
[2025-03-19T16:16:07.033+0000] {subprocess.py:106} INFO - 25/03/19 16:16:07 INFO Executor: Starting executor ID driver on host 20dc670367b9
[2025-03-19T16:16:07.033+0000] {subprocess.py:106} INFO - 25/03/19 16:16:07 INFO Executor: OS info Linux, 6.12.5-linuxkit, amd64
[2025-03-19T16:16:07.034+0000] {subprocess.py:106} INFO - 25/03/19 16:16:07 INFO Executor: Java version 17.0.14
[2025-03-19T16:16:07.043+0000] {subprocess.py:106} INFO - 25/03/19 16:16:07 INFO Executor: Starting executor with user classpath (userClassPathFirst = false): ''
[2025-03-19T16:16:07.044+0000] {subprocess.py:106} INFO - 25/03/19 16:16:07 INFO Executor: Created or updated repl class loader org.apache.spark.util.MutableURLClassLoader@6710369a for default.
[2025-03-19T16:16:07.070+0000] {subprocess.py:106} INFO - 25/03/19 16:16:07 INFO Utils: Successfully started service 'org.apache.spark.network.netty.NettyBlockTransferService' on port 38473.
[2025-03-19T16:16:07.071+0000] {subprocess.py:106} INFO - 25/03/19 16:16:07 INFO NettyBlockTransferService: Server created on 20dc670367b9:38473
[2025-03-19T16:16:07.073+0000] {subprocess.py:106} INFO - 25/03/19 16:16:07 INFO BlockManager: Using org.apache.spark.storage.RandomBlockReplicationPolicy for block replication policy
[2025-03-19T16:16:07.082+0000] {subprocess.py:106} INFO - 25/03/19 16:16:07 INFO BlockManagerMaster: Registering BlockManager BlockManagerId(driver, 20dc670367b9, 38473, None)
[2025-03-19T16:16:07.088+0000] {subprocess.py:106} INFO - 25/03/19 16:16:07 INFO BlockManagerMasterEndpoint: Registering block manager 20dc670367b9:38473 with 434.4 MiB RAM, BlockManagerId(driver, 20dc670367b9, 38473, None)
[2025-03-19T16:16:07.091+0000] {subprocess.py:106} INFO - 25/03/19 16:16:07 INFO BlockManagerMaster: Registered BlockManager BlockManagerId(driver, 20dc670367b9, 38473, None)
[2025-03-19T16:16:07.093+0000] {subprocess.py:106} INFO - 25/03/19 16:16:07 INFO BlockManager: Initialized BlockManager: BlockManagerId(driver, 20dc670367b9, 38473, None)
[2025-03-19T16:16:08.752+0000] {subprocess.py:106} INFO - Bronze data has been stored at: medallion_data/bronze_layer.json
[2025-03-19T16:16:08.879+0000] {subprocess.py:106} INFO - 25/03/19 16:16:08 INFO SparkContext: Invoking stop() from shutdown hook
[2025-03-19T16:16:08.879+0000] {subprocess.py:106} INFO - 25/03/19 16:16:08 INFO SparkContext: SparkContext is stopping with exitCode 0.
[2025-03-19T16:16:08.897+0000] {subprocess.py:106} INFO - 25/03/19 16:16:08 INFO SparkUI: Stopped Spark web UI at http://20dc670367b9:4040
[2025-03-19T16:16:08.914+0000] {subprocess.py:106} INFO - 25/03/19 16:16:08 INFO MapOutputTrackerMasterEndpoint: MapOutputTrackerMasterEndpoint stopped!
[2025-03-19T16:16:08.935+0000] {subprocess.py:106} INFO - 25/03/19 16:16:08 INFO MemoryStore: MemoryStore cleared
[2025-03-19T16:16:08.936+0000] {subprocess.py:106} INFO - 25/03/19 16:16:08 INFO BlockManager: BlockManager stopped
[2025-03-19T16:16:08.947+0000] {subprocess.py:106} INFO - 25/03/19 16:16:08 INFO BlockManagerMaster: BlockManagerMaster stopped
[2025-03-19T16:16:08.955+0000] {subprocess.py:106} INFO - 25/03/19 16:16:08 INFO OutputCommitCoordinator$OutputCommitCoordinatorEndpoint: OutputCommitCoordinator stopped!
[2025-03-19T16:16:08.968+0000] {subprocess.py:106} INFO - 25/03/19 16:16:08 INFO SparkContext: Successfully stopped SparkContext
[2025-03-19T16:16:08.969+0000] {subprocess.py:106} INFO - 25/03/19 16:16:08 INFO ShutdownHookManager: Shutdown hook called
[2025-03-19T16:16:08.970+0000] {subprocess.py:106} INFO - 25/03/19 16:16:08 INFO ShutdownHookManager: Deleting directory /tmp/spark-64bf9b03-b787-42ce-8dcb-64e16ab7020f
[2025-03-19T16:16:08.979+0000] {subprocess.py:106} INFO - 25/03/19 16:16:08 INFO ShutdownHookManager: Deleting directory /tmp/spark-5d4b93c9-6bce-4958-b4aa-0286734e7e0e/pyspark-f4a4a276-3a48-4474-ae48-696044b4b74b
[2025-03-19T16:16:08.987+0000] {subprocess.py:106} INFO - 25/03/19 16:16:08 INFO ShutdownHookManager: Deleting directory /tmp/spark-5d4b93c9-6bce-4958-b4aa-0286734e7e0e
[2025-03-19T16:16:09.036+0000] {subprocess.py:110} INFO - Command exited with return code 0
[2025-03-19T16:16:09.074+0000] {taskinstance.py:341} INFO - ::group::Post task execution logs
[2025-03-19T16:16:09.075+0000] {taskinstance.py:353} INFO - Marking task as SUCCESS. dag_id=pyspark_etl_pipeline, task_id=bronze_ingestion, run_id=manual__2025-03-19T05:14:09.222928+00:00, execution_date=20250319T051409, start_date=20250319T161600, end_date=20250319T161609
[2025-03-19T16:16:09.144+0000] {local_task_job_runner.py:266} INFO - Task exited with return code 0
[2025-03-19T16:16:09.186+0000] {taskinstance.py:3901} INFO - 1 downstream tasks scheduled from follow-on schedule check
[2025-03-19T16:16:09.189+0000] {local_task_job_runner.py:245} INFO - ::endgroup::
