[2025-03-19T16:01:08.545+0000] {local_task_job_runner.py:123} INFO - ::group::Pre task execution logs
[2025-03-19T16:01:08.570+0000] {taskinstance.py:2614} INFO - Dependencies all met for dep_context=non-requeueable deps ti=<TaskInstance: pyspark_etl_pipeline.bronze_ingestion manual__2025-03-19T05:14:09.222928+00:00 [queued]>
[2025-03-19T16:01:08.581+0000] {taskinstance.py:2614} INFO - Dependencies all met for dep_context=requeueable deps ti=<TaskInstance: pyspark_etl_pipeline.bronze_ingestion manual__2025-03-19T05:14:09.222928+00:00 [queued]>
[2025-03-19T16:01:08.582+0000] {taskinstance.py:2867} INFO - Starting attempt 13 of 14
[2025-03-19T16:01:08.599+0000] {taskinstance.py:2890} INFO - Executing <Task(BashOperator): bronze_ingestion> on 2025-03-19 05:14:09.222928+00:00
[2025-03-19T16:01:08.615+0000] {logging_mixin.py:190} WARNING - /home/***/.local/lib/python3.12/site-packages/***/task/task_runner/standard_task_runner.py:70 DeprecationWarning: This process (pid=220) is multi-threaded, use of fork() may lead to deadlocks in the child.
[2025-03-19T16:01:08.613+0000] {standard_task_runner.py:104} INFO - Running: ['***', 'tasks', 'run', 'pyspark_etl_pipeline', 'bronze_ingestion', 'manual__2025-03-19T05:14:09.222928+00:00', '--job-id', '139', '--raw', '--subdir', 'DAGS_FOLDER/dag_pipeline.py', '--cfg-path', '/tmp/tmpc9lmpabw']
[2025-03-19T16:01:08.618+0000] {standard_task_runner.py:72} INFO - Started process 221 to run task
[2025-03-19T16:01:08.618+0000] {standard_task_runner.py:105} INFO - Job 139: Subtask bronze_ingestion
[2025-03-19T16:01:08.681+0000] {task_command.py:467} INFO - Running <TaskInstance: pyspark_etl_pipeline.bronze_ingestion manual__2025-03-19T05:14:09.222928+00:00 [running]> on host 706a24e26271
[2025-03-19T16:01:08.812+0000] {taskinstance.py:3134} INFO - Exporting env vars: AIRFLOW_CTX_DAG_EMAIL='caiovos@hotmail.com' AIRFLOW_CTX_DAG_OWNER='***' AIRFLOW_CTX_DAG_ID='pyspark_etl_pipeline' AIRFLOW_CTX_TASK_ID='bronze_ingestion' AIRFLOW_CTX_EXECUTION_DATE='2025-03-19T05:14:09.222928+00:00' AIRFLOW_CTX_TRY_NUMBER='13' AIRFLOW_CTX_DAG_RUN_ID='manual__2025-03-19T05:14:09.222928+00:00'
[2025-03-19T16:01:08.813+0000] {taskinstance.py:732} INFO - ::endgroup::
[2025-03-19T16:01:08.853+0000] {subprocess.py:78} INFO - Tmp dir root location: /tmp
[2025-03-19T16:01:08.854+0000] {subprocess.py:88} INFO - Running command: ['/usr/bin/bash', '-c', 'spark-submit --master local /opt/***/dags/bronze_ingestion.py']
[2025-03-19T16:01:08.869+0000] {subprocess.py:99} INFO - Output:
[2025-03-19T16:01:14.103+0000] {subprocess.py:106} INFO - 25/03/19 16:01:14 INFO SparkContext: Running Spark version 3.5.5
[2025-03-19T16:01:14.106+0000] {subprocess.py:106} INFO - 25/03/19 16:01:14 INFO SparkContext: OS info Linux, 6.12.5-linuxkit, amd64
[2025-03-19T16:01:14.107+0000] {subprocess.py:106} INFO - 25/03/19 16:01:14 INFO SparkContext: Java version 17.0.14
[2025-03-19T16:01:14.199+0000] {subprocess.py:106} INFO - 25/03/19 16:01:14 WARN NativeCodeLoader: Unable to load native-hadoop library for your platform... using builtin-java classes where applicable
[2025-03-19T16:01:14.340+0000] {subprocess.py:106} INFO - 25/03/19 16:01:14 INFO ResourceUtils: ==============================================================
[2025-03-19T16:01:14.342+0000] {subprocess.py:106} INFO - 25/03/19 16:01:14 INFO ResourceUtils: No custom resources configured for spark.driver.
[2025-03-19T16:01:14.344+0000] {subprocess.py:106} INFO - 25/03/19 16:01:14 INFO ResourceUtils: ==============================================================
[2025-03-19T16:01:14.345+0000] {subprocess.py:106} INFO - 25/03/19 16:01:14 INFO SparkContext: Submitted application: BronzeLayer
[2025-03-19T16:01:14.377+0000] {subprocess.py:106} INFO - 25/03/19 16:01:14 INFO ResourceProfile: Default ResourceProfile created, executor resources: Map(cores -> name: cores, amount: 1, script: , vendor: , memory -> name: memory, amount: 1024, script: , vendor: , offHeap -> name: offHeap, amount: 0, script: , vendor: ), task resources: Map(cpus -> name: cpus, amount: 1.0)
[2025-03-19T16:01:14.389+0000] {subprocess.py:106} INFO - 25/03/19 16:01:14 INFO ResourceProfile: Limiting resource is cpu
[2025-03-19T16:01:14.391+0000] {subprocess.py:106} INFO - 25/03/19 16:01:14 INFO ResourceProfileManager: Added ResourceProfile id: 0
[2025-03-19T16:01:14.474+0000] {subprocess.py:106} INFO - 25/03/19 16:01:14 INFO SecurityManager: Changing view acls to: default
[2025-03-19T16:01:14.476+0000] {subprocess.py:106} INFO - 25/03/19 16:01:14 INFO SecurityManager: Changing modify acls to: default
[2025-03-19T16:01:14.477+0000] {subprocess.py:106} INFO - 25/03/19 16:01:14 INFO SecurityManager: Changing view acls groups to:
[2025-03-19T16:01:14.478+0000] {subprocess.py:106} INFO - 25/03/19 16:01:14 INFO SecurityManager: Changing modify acls groups to:
[2025-03-19T16:01:14.479+0000] {subprocess.py:106} INFO - 25/03/19 16:01:14 INFO SecurityManager: SecurityManager: authentication disabled; ui acls disabled; users with view permissions: default; groups with view permissions: EMPTY; users with modify permissions: default; groups with modify permissions: EMPTY
[2025-03-19T16:01:14.968+0000] {subprocess.py:106} INFO - 25/03/19 16:01:14 INFO Utils: Successfully started service 'sparkDriver' on port 39295.
[2025-03-19T16:01:15.007+0000] {subprocess.py:106} INFO - 25/03/19 16:01:15 INFO SparkEnv: Registering MapOutputTracker
[2025-03-19T16:01:15.057+0000] {subprocess.py:106} INFO - 25/03/19 16:01:15 INFO SparkEnv: Registering BlockManagerMaster
[2025-03-19T16:01:15.082+0000] {subprocess.py:106} INFO - 25/03/19 16:01:15 INFO BlockManagerMasterEndpoint: Using org.apache.spark.storage.DefaultTopologyMapper for getting topology information
[2025-03-19T16:01:15.082+0000] {subprocess.py:106} INFO - 25/03/19 16:01:15 INFO BlockManagerMasterEndpoint: BlockManagerMasterEndpoint up
[2025-03-19T16:01:15.105+0000] {subprocess.py:106} INFO - 25/03/19 16:01:15 INFO SparkEnv: Registering BlockManagerMasterHeartbeat
[2025-03-19T16:01:15.133+0000] {subprocess.py:106} INFO - 25/03/19 16:01:15 INFO DiskBlockManager: Created local directory at /tmp/blockmgr-695c44d1-8829-4770-9d66-2a0e0c403368
[2025-03-19T16:01:15.152+0000] {subprocess.py:106} INFO - 25/03/19 16:01:15 INFO MemoryStore: MemoryStore started with capacity 434.4 MiB
[2025-03-19T16:01:15.174+0000] {subprocess.py:106} INFO - 25/03/19 16:01:15 INFO SparkEnv: Registering OutputCommitCoordinator
[2025-03-19T16:01:15.371+0000] {subprocess.py:106} INFO - 25/03/19 16:01:15 INFO JettyUtils: Start Jetty 0.0.0.0:4040 for SparkUI
[2025-03-19T16:01:15.474+0000] {subprocess.py:106} INFO - 25/03/19 16:01:15 INFO Utils: Successfully started service 'SparkUI' on port 4040.
[2025-03-19T16:01:15.672+0000] {subprocess.py:106} INFO - 25/03/19 16:01:15 INFO Executor: Starting executor ID driver on host 706a24e26271
[2025-03-19T16:01:15.673+0000] {subprocess.py:106} INFO - 25/03/19 16:01:15 INFO Executor: OS info Linux, 6.12.5-linuxkit, amd64
[2025-03-19T16:01:15.673+0000] {subprocess.py:106} INFO - 25/03/19 16:01:15 INFO Executor: Java version 17.0.14
[2025-03-19T16:01:15.682+0000] {subprocess.py:106} INFO - 25/03/19 16:01:15 INFO Executor: Starting executor with user classpath (userClassPathFirst = false): ''
[2025-03-19T16:01:15.683+0000] {subprocess.py:106} INFO - 25/03/19 16:01:15 INFO Executor: Created or updated repl class loader org.apache.spark.util.MutableURLClassLoader@6710369a for default.
[2025-03-19T16:01:15.711+0000] {subprocess.py:106} INFO - 25/03/19 16:01:15 INFO Utils: Successfully started service 'org.apache.spark.network.netty.NettyBlockTransferService' on port 40319.
[2025-03-19T16:01:15.711+0000] {subprocess.py:106} INFO - 25/03/19 16:01:15 INFO NettyBlockTransferService: Server created on 706a24e26271:40319
[2025-03-19T16:01:15.713+0000] {subprocess.py:106} INFO - 25/03/19 16:01:15 INFO BlockManager: Using org.apache.spark.storage.RandomBlockReplicationPolicy for block replication policy
[2025-03-19T16:01:15.720+0000] {subprocess.py:106} INFO - 25/03/19 16:01:15 INFO BlockManagerMaster: Registering BlockManager BlockManagerId(driver, 706a24e26271, 40319, None)
[2025-03-19T16:01:15.726+0000] {subprocess.py:106} INFO - 25/03/19 16:01:15 INFO BlockManagerMasterEndpoint: Registering block manager 706a24e26271:40319 with 434.4 MiB RAM, BlockManagerId(driver, 706a24e26271, 40319, None)
[2025-03-19T16:01:15.728+0000] {subprocess.py:106} INFO - 25/03/19 16:01:15 INFO BlockManagerMaster: Registered BlockManager BlockManagerId(driver, 706a24e26271, 40319, None)
[2025-03-19T16:01:15.730+0000] {subprocess.py:106} INFO - 25/03/19 16:01:15 INFO BlockManager: Initialized BlockManager: BlockManagerId(driver, 706a24e26271, 40319, None)
[2025-03-19T16:01:16.410+0000] {subprocess.py:106} INFO - Bronze data has been stored at: medallion_data/bronze_layer.json
[2025-03-19T16:01:16.508+0000] {subprocess.py:106} INFO - 25/03/19 16:01:16 INFO SparkContext: Invoking stop() from shutdown hook
[2025-03-19T16:01:16.509+0000] {subprocess.py:106} INFO - 25/03/19 16:01:16 INFO SparkContext: SparkContext is stopping with exitCode 0.
[2025-03-19T16:01:16.527+0000] {subprocess.py:106} INFO - 25/03/19 16:01:16 INFO SparkUI: Stopped Spark web UI at http://706a24e26271:4040
[2025-03-19T16:01:16.546+0000] {subprocess.py:106} INFO - 25/03/19 16:01:16 INFO MapOutputTrackerMasterEndpoint: MapOutputTrackerMasterEndpoint stopped!
[2025-03-19T16:01:16.563+0000] {subprocess.py:106} INFO - 25/03/19 16:01:16 INFO MemoryStore: MemoryStore cleared
[2025-03-19T16:01:16.563+0000] {subprocess.py:106} INFO - 25/03/19 16:01:16 INFO BlockManager: BlockManager stopped
[2025-03-19T16:01:16.570+0000] {subprocess.py:106} INFO - 25/03/19 16:01:16 INFO BlockManagerMaster: BlockManagerMaster stopped
[2025-03-19T16:01:16.575+0000] {subprocess.py:106} INFO - 25/03/19 16:01:16 INFO OutputCommitCoordinator$OutputCommitCoordinatorEndpoint: OutputCommitCoordinator stopped!
[2025-03-19T16:01:16.586+0000] {subprocess.py:106} INFO - 25/03/19 16:01:16 INFO SparkContext: Successfully stopped SparkContext
[2025-03-19T16:01:16.587+0000] {subprocess.py:106} INFO - 25/03/19 16:01:16 INFO ShutdownHookManager: Shutdown hook called
[2025-03-19T16:01:16.587+0000] {subprocess.py:106} INFO - 25/03/19 16:01:16 INFO ShutdownHookManager: Deleting directory /tmp/spark-b11d0265-dc46-4072-ae3c-93d5947a63e7/pyspark-e1b44608-11a2-4cbc-894f-2e59b1298de9
[2025-03-19T16:01:16.594+0000] {subprocess.py:106} INFO - 25/03/19 16:01:16 INFO ShutdownHookManager: Deleting directory /tmp/spark-18137215-0176-4480-841c-b828d551b03b
[2025-03-19T16:01:16.601+0000] {subprocess.py:106} INFO - 25/03/19 16:01:16 INFO ShutdownHookManager: Deleting directory /tmp/spark-b11d0265-dc46-4072-ae3c-93d5947a63e7
[2025-03-19T16:01:16.654+0000] {subprocess.py:110} INFO - Command exited with return code 0
[2025-03-19T16:01:16.699+0000] {taskinstance.py:341} INFO - ::group::Post task execution logs
[2025-03-19T16:01:16.700+0000] {taskinstance.py:353} INFO - Marking task as SUCCESS. dag_id=pyspark_etl_pipeline, task_id=bronze_ingestion, run_id=manual__2025-03-19T05:14:09.222928+00:00, execution_date=20250319T051409, start_date=20250319T160108, end_date=20250319T160116
[2025-03-19T16:01:16.771+0000] {local_task_job_runner.py:266} INFO - Task exited with return code 0
[2025-03-19T16:01:16.811+0000] {taskinstance.py:3901} INFO - 1 downstream tasks scheduled from follow-on schedule check
[2025-03-19T16:01:16.813+0000] {local_task_job_runner.py:245} INFO - ::endgroup::
