[2025-03-18T20:56:23.806+0000] {local_task_job_runner.py:123} INFO - ::group::Pre task execution logs
[2025-03-18T20:56:23.838+0000] {taskinstance.py:2614} INFO - Dependencies all met for dep_context=non-requeueable deps ti=<TaskInstance: pyspark_etl_pipeline.bronze_ingestion manual__2025-03-18T20:56:22.390623+00:00 [queued]>
[2025-03-18T20:56:23.852+0000] {taskinstance.py:2614} INFO - Dependencies all met for dep_context=requeueable deps ti=<TaskInstance: pyspark_etl_pipeline.bronze_ingestion manual__2025-03-18T20:56:22.390623+00:00 [queued]>
[2025-03-18T20:56:23.853+0000] {taskinstance.py:2867} INFO - Starting attempt 1 of 2
[2025-03-18T20:56:23.872+0000] {taskinstance.py:2890} INFO - Executing <Task(BashOperator): bronze_ingestion> on 2025-03-18 20:56:22.390623+00:00
[2025-03-18T20:56:23.882+0000] {standard_task_runner.py:104} INFO - Running: ['***', 'tasks', 'run', 'pyspark_etl_pipeline', 'bronze_ingestion', 'manual__2025-03-18T20:56:22.390623+00:00', '--job-id', '66', '--raw', '--subdir', 'DAGS_FOLDER/dag_pipeline.py', '--cfg-path', '/tmp/tmpb5sr6i_t']
[2025-03-18T20:56:23.885+0000] {standard_task_runner.py:105} INFO - Job 66: Subtask bronze_ingestion
[2025-03-18T20:56:23.887+0000] {logging_mixin.py:190} WARNING - /home/***/.local/lib/python3.12/site-packages/***/task/task_runner/standard_task_runner.py:70 DeprecationWarning: This process (pid=6147) is multi-threaded, use of fork() may lead to deadlocks in the child.
[2025-03-18T20:56:23.889+0000] {standard_task_runner.py:72} INFO - Started process 6148 to run task
[2025-03-18T20:56:23.950+0000] {task_command.py:467} INFO - Running <TaskInstance: pyspark_etl_pipeline.bronze_ingestion manual__2025-03-18T20:56:22.390623+00:00 [running]> on host f51d6b911be2
[2025-03-18T20:56:24.065+0000] {taskinstance.py:3134} INFO - Exporting env vars: AIRFLOW_CTX_DAG_OWNER='***' AIRFLOW_CTX_DAG_ID='pyspark_etl_pipeline' AIRFLOW_CTX_TASK_ID='bronze_ingestion' AIRFLOW_CTX_EXECUTION_DATE='2025-03-18T20:56:22.390623+00:00' AIRFLOW_CTX_TRY_NUMBER='1' AIRFLOW_CTX_DAG_RUN_ID='manual__2025-03-18T20:56:22.390623+00:00'
[2025-03-18T20:56:24.067+0000] {taskinstance.py:732} INFO - ::endgroup::
[2025-03-18T20:56:24.086+0000] {subprocess.py:78} INFO - Tmp dir root location: /tmp
[2025-03-18T20:56:24.087+0000] {subprocess.py:88} INFO - Running command: ['/usr/bin/bash', '-c', 'spark-submit --master local /opt/***/dags/bronze_ingestion.py']
[2025-03-18T20:56:24.096+0000] {subprocess.py:99} INFO - Output:
[2025-03-18T20:56:27.701+0000] {subprocess.py:106} INFO - 25/03/18 20:56:27 INFO SparkContext: Running Spark version 3.5.5
[2025-03-18T20:56:27.704+0000] {subprocess.py:106} INFO - 25/03/18 20:56:27 INFO SparkContext: OS info Linux, 6.12.5-linuxkit, amd64
[2025-03-18T20:56:27.705+0000] {subprocess.py:106} INFO - 25/03/18 20:56:27 INFO SparkContext: Java version 17.0.14
[2025-03-18T20:56:27.766+0000] {subprocess.py:106} INFO - 25/03/18 20:56:27 WARN NativeCodeLoader: Unable to load native-hadoop library for your platform... using builtin-java classes where applicable
[2025-03-18T20:56:27.878+0000] {subprocess.py:106} INFO - 25/03/18 20:56:27 INFO ResourceUtils: ==============================================================
[2025-03-18T20:56:27.879+0000] {subprocess.py:106} INFO - 25/03/18 20:56:27 INFO ResourceUtils: No custom resources configured for spark.driver.
[2025-03-18T20:56:27.880+0000] {subprocess.py:106} INFO - 25/03/18 20:56:27 INFO ResourceUtils: ==============================================================
[2025-03-18T20:56:27.880+0000] {subprocess.py:106} INFO - 25/03/18 20:56:27 INFO SparkContext: Submitted application: BronzeLayer
[2025-03-18T20:56:27.903+0000] {subprocess.py:106} INFO - 25/03/18 20:56:27 INFO ResourceProfile: Default ResourceProfile created, executor resources: Map(cores -> name: cores, amount: 1, script: , vendor: , memory -> name: memory, amount: 1024, script: , vendor: , offHeap -> name: offHeap, amount: 0, script: , vendor: ), task resources: Map(cpus -> name: cpus, amount: 1.0)
[2025-03-18T20:56:27.913+0000] {subprocess.py:106} INFO - 25/03/18 20:56:27 INFO ResourceProfile: Limiting resource is cpu
[2025-03-18T20:56:27.914+0000] {subprocess.py:106} INFO - 25/03/18 20:56:27 INFO ResourceProfileManager: Added ResourceProfile id: 0
[2025-03-18T20:56:27.974+0000] {subprocess.py:106} INFO - 25/03/18 20:56:27 INFO SecurityManager: Changing view acls to: default
[2025-03-18T20:56:27.975+0000] {subprocess.py:106} INFO - 25/03/18 20:56:27 INFO SecurityManager: Changing modify acls to: default
[2025-03-18T20:56:27.976+0000] {subprocess.py:106} INFO - 25/03/18 20:56:27 INFO SecurityManager: Changing view acls groups to:
[2025-03-18T20:56:27.977+0000] {subprocess.py:106} INFO - 25/03/18 20:56:27 INFO SecurityManager: Changing modify acls groups to:
[2025-03-18T20:56:27.977+0000] {subprocess.py:106} INFO - 25/03/18 20:56:27 INFO SecurityManager: SecurityManager: authentication disabled; ui acls disabled; users with view permissions: default; groups with view permissions: EMPTY; users with modify permissions: default; groups with modify permissions: EMPTY
[2025-03-18T20:56:28.212+0000] {subprocess.py:106} INFO - 25/03/18 20:56:28 INFO Utils: Successfully started service 'sparkDriver' on port 44553.
[2025-03-18T20:56:28.240+0000] {subprocess.py:106} INFO - 25/03/18 20:56:28 INFO SparkEnv: Registering MapOutputTracker
[2025-03-18T20:56:28.274+0000] {subprocess.py:106} INFO - 25/03/18 20:56:28 INFO SparkEnv: Registering BlockManagerMaster
[2025-03-18T20:56:28.291+0000] {subprocess.py:106} INFO - 25/03/18 20:56:28 INFO BlockManagerMasterEndpoint: Using org.apache.spark.storage.DefaultTopologyMapper for getting topology information
[2025-03-18T20:56:28.292+0000] {subprocess.py:106} INFO - 25/03/18 20:56:28 INFO BlockManagerMasterEndpoint: BlockManagerMasterEndpoint up
[2025-03-18T20:56:28.297+0000] {subprocess.py:106} INFO - 25/03/18 20:56:28 INFO SparkEnv: Registering BlockManagerMasterHeartbeat
[2025-03-18T20:56:28.318+0000] {subprocess.py:106} INFO - 25/03/18 20:56:28 INFO DiskBlockManager: Created local directory at /tmp/blockmgr-4ebb8b55-6456-44b1-91c9-220d63a28dc8
[2025-03-18T20:56:28.332+0000] {subprocess.py:106} INFO - 25/03/18 20:56:28 INFO MemoryStore: MemoryStore started with capacity 434.4 MiB
[2025-03-18T20:56:28.348+0000] {subprocess.py:106} INFO - 25/03/18 20:56:28 INFO SparkEnv: Registering OutputCommitCoordinator
[2025-03-18T20:56:28.466+0000] {subprocess.py:106} INFO - 25/03/18 20:56:28 INFO JettyUtils: Start Jetty 0.0.0.0:4040 for SparkUI
[2025-03-18T20:56:28.529+0000] {subprocess.py:106} INFO - 25/03/18 20:56:28 INFO Utils: Successfully started service 'SparkUI' on port 4040.
[2025-03-18T20:56:28.646+0000] {subprocess.py:106} INFO - 25/03/18 20:56:28 INFO Executor: Starting executor ID driver on host f51d6b911be2
[2025-03-18T20:56:28.647+0000] {subprocess.py:106} INFO - 25/03/18 20:56:28 INFO Executor: OS info Linux, 6.12.5-linuxkit, amd64
[2025-03-18T20:56:28.647+0000] {subprocess.py:106} INFO - 25/03/18 20:56:28 INFO Executor: Java version 17.0.14
[2025-03-18T20:56:28.656+0000] {subprocess.py:106} INFO - 25/03/18 20:56:28 INFO Executor: Starting executor with user classpath (userClassPathFirst = false): ''
[2025-03-18T20:56:28.657+0000] {subprocess.py:106} INFO - 25/03/18 20:56:28 INFO Executor: Created or updated repl class loader org.apache.spark.util.MutableURLClassLoader@7e46aeb4 for default.
[2025-03-18T20:56:28.684+0000] {subprocess.py:106} INFO - 25/03/18 20:56:28 INFO Utils: Successfully started service 'org.apache.spark.network.netty.NettyBlockTransferService' on port 43731.
[2025-03-18T20:56:28.685+0000] {subprocess.py:106} INFO - 25/03/18 20:56:28 INFO NettyBlockTransferService: Server created on f51d6b911be2:43731
[2025-03-18T20:56:28.686+0000] {subprocess.py:106} INFO - 25/03/18 20:56:28 INFO BlockManager: Using org.apache.spark.storage.RandomBlockReplicationPolicy for block replication policy
[2025-03-18T20:56:28.693+0000] {subprocess.py:106} INFO - 25/03/18 20:56:28 INFO BlockManagerMaster: Registering BlockManager BlockManagerId(driver, f51d6b911be2, 43731, None)
[2025-03-18T20:56:28.697+0000] {subprocess.py:106} INFO - 25/03/18 20:56:28 INFO BlockManagerMasterEndpoint: Registering block manager f51d6b911be2:43731 with 434.4 MiB RAM, BlockManagerId(driver, f51d6b911be2, 43731, None)
[2025-03-18T20:56:28.700+0000] {subprocess.py:106} INFO - 25/03/18 20:56:28 INFO BlockManagerMaster: Registered BlockManager BlockManagerId(driver, f51d6b911be2, 43731, None)
[2025-03-18T20:56:28.701+0000] {subprocess.py:106} INFO - 25/03/18 20:56:28 INFO BlockManager: Initialized BlockManager: BlockManagerId(driver, f51d6b911be2, 43731, None)
[2025-03-18T20:56:29.147+0000] {subprocess.py:106} INFO - Bronze data has been storage
[2025-03-18T20:56:29.221+0000] {subprocess.py:106} INFO - 25/03/18 20:56:29 INFO SparkContext: Invoking stop() from shutdown hook
[2025-03-18T20:56:29.222+0000] {subprocess.py:106} INFO - 25/03/18 20:56:29 INFO SparkContext: SparkContext is stopping with exitCode 0.
[2025-03-18T20:56:29.235+0000] {subprocess.py:106} INFO - 25/03/18 20:56:29 INFO SparkUI: Stopped Spark web UI at http://f51d6b911be2:4040
[2025-03-18T20:56:29.249+0000] {subprocess.py:106} INFO - 25/03/18 20:56:29 INFO MapOutputTrackerMasterEndpoint: MapOutputTrackerMasterEndpoint stopped!
[2025-03-18T20:56:29.260+0000] {subprocess.py:106} INFO - 25/03/18 20:56:29 INFO MemoryStore: MemoryStore cleared
[2025-03-18T20:56:29.261+0000] {subprocess.py:106} INFO - 25/03/18 20:56:29 INFO BlockManager: BlockManager stopped
[2025-03-18T20:56:29.266+0000] {subprocess.py:106} INFO - 25/03/18 20:56:29 INFO BlockManagerMaster: BlockManagerMaster stopped
[2025-03-18T20:56:29.269+0000] {subprocess.py:106} INFO - 25/03/18 20:56:29 INFO OutputCommitCoordinator$OutputCommitCoordinatorEndpoint: OutputCommitCoordinator stopped!
[2025-03-18T20:56:29.277+0000] {subprocess.py:106} INFO - 25/03/18 20:56:29 INFO SparkContext: Successfully stopped SparkContext
[2025-03-18T20:56:29.277+0000] {subprocess.py:106} INFO - 25/03/18 20:56:29 INFO ShutdownHookManager: Shutdown hook called
[2025-03-18T20:56:29.278+0000] {subprocess.py:106} INFO - 25/03/18 20:56:29 INFO ShutdownHookManager: Deleting directory /tmp/spark-aa6cb1d6-b3a5-4451-a26d-38346a48d856
[2025-03-18T20:56:29.283+0000] {subprocess.py:106} INFO - 25/03/18 20:56:29 INFO ShutdownHookManager: Deleting directory /tmp/spark-c720d430-ee7d-48a9-9bc7-52efe940961d/pyspark-7f5a5ef9-5a0a-4be6-8a17-ba471859c5e9
[2025-03-18T20:56:29.288+0000] {subprocess.py:106} INFO - 25/03/18 20:56:29 INFO ShutdownHookManager: Deleting directory /tmp/spark-c720d430-ee7d-48a9-9bc7-52efe940961d
[2025-03-18T20:56:29.317+0000] {subprocess.py:110} INFO - Command exited with return code 0
[2025-03-18T20:56:29.345+0000] {taskinstance.py:341} INFO - ::group::Post task execution logs
[2025-03-18T20:56:29.346+0000] {taskinstance.py:353} INFO - Marking task as SUCCESS. dag_id=pyspark_etl_pipeline, task_id=bronze_ingestion, run_id=manual__2025-03-18T20:56:22.390623+00:00, execution_date=20250318T205622, start_date=20250318T205623, end_date=20250318T205629
[2025-03-18T20:56:29.395+0000] {local_task_job_runner.py:266} INFO - Task exited with return code 0
[2025-03-18T20:56:29.432+0000] {taskinstance.py:3901} INFO - 1 downstream tasks scheduled from follow-on schedule check
[2025-03-18T20:56:29.434+0000] {local_task_job_runner.py:245} INFO - ::endgroup::
