[2025-03-18T03:22:29.911+0000] {local_task_job_runner.py:123} INFO - ::group::Pre task execution logs
[2025-03-18T03:22:29.933+0000] {taskinstance.py:2614} INFO - Dependencies all met for dep_context=non-requeueable deps ti=<TaskInstance: medalhao_data_pipeline.bronze_layer scheduled__2025-03-17T00:00:00+00:00 [queued]>
[2025-03-18T03:22:29.944+0000] {taskinstance.py:2614} INFO - Dependencies all met for dep_context=requeueable deps ti=<TaskInstance: medalhao_data_pipeline.bronze_layer scheduled__2025-03-17T00:00:00+00:00 [queued]>
[2025-03-18T03:22:29.945+0000] {taskinstance.py:2867} INFO - Starting attempt 1 of 3
[2025-03-18T03:22:29.962+0000] {taskinstance.py:2890} INFO - Executing <Task(PythonOperator): bronze_layer> on 2025-03-17 00:00:00+00:00
[2025-03-18T03:22:29.970+0000] {standard_task_runner.py:104} INFO - Running: ['***', 'tasks', 'run', 'medalhao_data_pipeline', 'bronze_layer', 'scheduled__2025-03-17T00:00:00+00:00', '--job-id', '7', '--raw', '--subdir', 'DAGS_FOLDER/DAG_orchestration.py', '--cfg-path', '/tmp/tmp1z2d8v90']
[2025-03-18T03:22:29.973+0000] {standard_task_runner.py:105} INFO - Job 7: Subtask bronze_layer
[2025-03-18T03:22:29.975+0000] {logging_mixin.py:190} WARNING - /home/***/.local/lib/python3.12/site-packages/***/task/task_runner/standard_task_runner.py:70 DeprecationWarning: This process (pid=214) is multi-threaded, use of fork() may lead to deadlocks in the child.
[2025-03-18T03:22:29.976+0000] {standard_task_runner.py:72} INFO - Started process 215 to run task
[2025-03-18T03:22:30.034+0000] {task_command.py:467} INFO - Running <TaskInstance: medalhao_data_pipeline.bronze_layer scheduled__2025-03-17T00:00:00+00:00 [running]> on host 236006d5444a
[2025-03-18T03:22:30.143+0000] {taskinstance.py:3134} INFO - Exporting env vars: AIRFLOW_CTX_DAG_OWNER='***' AIRFLOW_CTX_DAG_ID='medalhao_data_pipeline' AIRFLOW_CTX_TASK_ID='bronze_layer' AIRFLOW_CTX_EXECUTION_DATE='2025-03-17T00:00:00+00:00' AIRFLOW_CTX_TRY_NUMBER='1' AIRFLOW_CTX_DAG_RUN_ID='scheduled__2025-03-17T00:00:00+00:00'
[2025-03-18T03:22:30.145+0000] {taskinstance.py:732} INFO - ::endgroup::
[2025-03-18T03:22:30.224+0000] {DAG_orchestration.py:14} ERROR - Execution failed for /mnt/data/bronze_ingestion.py: Command '['python3', '/mnt/data/bronze_ingestion.py']' returned non-zero exit status 2.
[2025-03-18T03:22:30.225+0000] {DAG_orchestration.py:24} WARNING - Slack webhook URL not set
[2025-03-18T03:22:30.226+0000] {taskinstance.py:3313} ERROR - Task failed with exception
Traceback (most recent call last):
  File "/home/airflow/.local/lib/python3.12/site-packages/airflow/models/taskinstance.py", line 768, in _execute_task
    result = _execute_callable(context=context, **execute_callable_kwargs)
             ^^^^^^^^^^^^^^^^^^^^^^^^^^^^^^^^^^^^^^^^^^^^^^^^^^^^^^^^^^^^^
  File "/home/airflow/.local/lib/python3.12/site-packages/airflow/models/taskinstance.py", line 734, in _execute_callable
    return ExecutionCallableRunner(
           ^^^^^^^^^^^^^^^^^^^^^^^^
  File "/home/airflow/.local/lib/python3.12/site-packages/airflow/utils/operator_helpers.py", line 252, in run
    return self.func(*args, **kwargs)
           ^^^^^^^^^^^^^^^^^^^^^^^^^^
  File "/home/airflow/.local/lib/python3.12/site-packages/airflow/models/baseoperator.py", line 424, in wrapper
    return func(self, *args, **kwargs)
           ^^^^^^^^^^^^^^^^^^^^^^^^^^^
  File "/home/airflow/.local/lib/python3.12/site-packages/airflow/operators/python.py", line 238, in execute
    return_value = self.execute_callable()
                   ^^^^^^^^^^^^^^^^^^^^^^^
  File "/home/airflow/.local/lib/python3.12/site-packages/airflow/operators/python.py", line 256, in execute_callable
    return runner.run(*self.op_args, **self.op_kwargs)
           ^^^^^^^^^^^^^^^^^^^^^^^^^^^^^^^^^^^^^^^^^^^
  File "/home/airflow/.local/lib/python3.12/site-packages/airflow/utils/operator_helpers.py", line 252, in run
    return self.func(*args, **kwargs)
           ^^^^^^^^^^^^^^^^^^^^^^^^^^
  File "/opt/airflow/dags/DAG_orchestration.py", line 28, in run_bronze
    execute_script("/mnt/data/bronze_ingestion.py")
  File "/opt/airflow/dags/DAG_orchestration.py", line 12, in execute_script
    subprocess.run(["python3", script_path], check=True)
  File "/usr/local/lib/python3.12/subprocess.py", line 573, in run
    raise CalledProcessError(retcode, process.args,
subprocess.CalledProcessError: Command '['python3', '/mnt/data/bronze_ingestion.py']' returned non-zero exit status 2.
[2025-03-18T03:22:30.243+0000] {taskinstance.py:1226} INFO - Marking task as UP_FOR_RETRY. dag_id=medalhao_data_pipeline, task_id=bronze_layer, run_id=scheduled__2025-03-17T00:00:00+00:00, execution_date=20250317T000000, start_date=20250318T032229, end_date=20250318T032230
[2025-03-18T03:22:30.279+0000] {taskinstance.py:341} INFO - ::group::Post task execution logs
[2025-03-18T03:22:30.280+0000] {standard_task_runner.py:124} ERROR - Failed to execute job 7 for task bronze_layer (Command '['python3', '/mnt/data/bronze_ingestion.py']' returned non-zero exit status 2.; 215)
Traceback (most recent call last):
  File "/home/airflow/.local/lib/python3.12/site-packages/airflow/task/task_runner/standard_task_runner.py", line 117, in _start_by_fork
    ret = args.func(args, dag=self.dag)
          ^^^^^^^^^^^^^^^^^^^^^^^^^^^^^
  File "/home/airflow/.local/lib/python3.12/site-packages/airflow/cli/cli_config.py", line 49, in command
    return func(*args, **kwargs)
           ^^^^^^^^^^^^^^^^^^^^^
  File "/home/airflow/.local/lib/python3.12/site-packages/airflow/utils/cli.py", line 116, in wrapper
    return f(*args, **kwargs)
           ^^^^^^^^^^^^^^^^^^
  File "/home/airflow/.local/lib/python3.12/site-packages/airflow/cli/commands/task_command.py", line 483, in task_run
    task_return_code = _run_task_by_selected_method(args, _dag, ti)
                       ^^^^^^^^^^^^^^^^^^^^^^^^^^^^^^^^^^^^^^^^^^^^
  File "/home/airflow/.local/lib/python3.12/site-packages/airflow/cli/commands/task_command.py", line 256, in _run_task_by_selected_method
    return _run_raw_task(args, ti)
           ^^^^^^^^^^^^^^^^^^^^^^^
  File "/home/airflow/.local/lib/python3.12/site-packages/airflow/cli/commands/task_command.py", line 341, in _run_raw_task
    return ti._run_raw_task(
           ^^^^^^^^^^^^^^^^^
  File "/home/airflow/.local/lib/python3.12/site-packages/airflow/utils/session.py", line 97, in wrapper
    return func(*args, session=session, **kwargs)
           ^^^^^^^^^^^^^^^^^^^^^^^^^^^^^^^^^^^^^^
  File "/home/airflow/.local/lib/python3.12/site-packages/airflow/models/taskinstance.py", line 3006, in _run_raw_task
    return _run_raw_task(
           ^^^^^^^^^^^^^^
  File "/home/airflow/.local/lib/python3.12/site-packages/airflow/models/taskinstance.py", line 274, in _run_raw_task
    TaskInstance._execute_task_with_callbacks(
  File "/home/airflow/.local/lib/python3.12/site-packages/airflow/models/taskinstance.py", line 3161, in _execute_task_with_callbacks
    result = self._execute_task(context, task_orig)
             ^^^^^^^^^^^^^^^^^^^^^^^^^^^^^^^^^^^^^^
  File "/home/airflow/.local/lib/python3.12/site-packages/airflow/models/taskinstance.py", line 3185, in _execute_task
    return _execute_task(self, context, task_orig)
           ^^^^^^^^^^^^^^^^^^^^^^^^^^^^^^^^^^^^^^^
  File "/home/airflow/.local/lib/python3.12/site-packages/airflow/models/taskinstance.py", line 768, in _execute_task
    result = _execute_callable(context=context, **execute_callable_kwargs)
             ^^^^^^^^^^^^^^^^^^^^^^^^^^^^^^^^^^^^^^^^^^^^^^^^^^^^^^^^^^^^^
  File "/home/airflow/.local/lib/python3.12/site-packages/airflow/models/taskinstance.py", line 734, in _execute_callable
    return ExecutionCallableRunner(
           ^^^^^^^^^^^^^^^^^^^^^^^^
  File "/home/airflow/.local/lib/python3.12/site-packages/airflow/utils/operator_helpers.py", line 252, in run
    return self.func(*args, **kwargs)
           ^^^^^^^^^^^^^^^^^^^^^^^^^^
  File "/home/airflow/.local/lib/python3.12/site-packages/airflow/models/baseoperator.py", line 424, in wrapper
    return func(self, *args, **kwargs)
           ^^^^^^^^^^^^^^^^^^^^^^^^^^^
  File "/home/airflow/.local/lib/python3.12/site-packages/airflow/operators/python.py", line 238, in execute
    return_value = self.execute_callable()
                   ^^^^^^^^^^^^^^^^^^^^^^^
  File "/home/airflow/.local/lib/python3.12/site-packages/airflow/operators/python.py", line 256, in execute_callable
    return runner.run(*self.op_args, **self.op_kwargs)
           ^^^^^^^^^^^^^^^^^^^^^^^^^^^^^^^^^^^^^^^^^^^
  File "/home/airflow/.local/lib/python3.12/site-packages/airflow/utils/operator_helpers.py", line 252, in run
    return self.func(*args, **kwargs)
           ^^^^^^^^^^^^^^^^^^^^^^^^^^
  File "/opt/airflow/dags/DAG_orchestration.py", line 28, in run_bronze
    execute_script("/mnt/data/bronze_ingestion.py")
  File "/opt/airflow/dags/DAG_orchestration.py", line 12, in execute_script
    subprocess.run(["python3", script_path], check=True)
  File "/usr/local/lib/python3.12/subprocess.py", line 573, in run
    raise CalledProcessError(retcode, process.args,
subprocess.CalledProcessError: Command '['python3', '/mnt/data/bronze_ingestion.py']' returned non-zero exit status 2.
[2025-03-18T03:22:30.329+0000] {local_task_job_runner.py:266} INFO - Task exited with return code 1
[2025-03-18T03:22:30.357+0000] {taskinstance.py:3901} INFO - 0 downstream tasks scheduled from follow-on schedule check
[2025-03-18T03:22:30.358+0000] {local_task_job_runner.py:245} INFO - ::endgroup::
