[2025-03-19T16:16:10.515+0000] {local_task_job_runner.py:123} INFO - ::group::Pre task execution logs
[2025-03-19T16:16:10.553+0000] {taskinstance.py:2614} INFO - Dependencies all met for dep_context=non-requeueable deps ti=<TaskInstance: pyspark_etl_pipeline.silver_ingestion manual__2025-03-19T05:14:09.222928+00:00 [queued]>
[2025-03-19T16:16:10.576+0000] {taskinstance.py:2614} INFO - Dependencies all met for dep_context=requeueable deps ti=<TaskInstance: pyspark_etl_pipeline.silver_ingestion manual__2025-03-19T05:14:09.222928+00:00 [queued]>
[2025-03-19T16:16:10.577+0000] {taskinstance.py:2867} INFO - Starting attempt 16 of 17
[2025-03-19T16:16:10.602+0000] {taskinstance.py:2890} INFO - Executing <Task(BashOperator): silver_ingestion> on 2025-03-19 05:14:09.222928+00:00
[2025-03-19T16:16:10.615+0000] {standard_task_runner.py:104} INFO - Running: ['***', 'tasks', 'run', 'pyspark_etl_pipeline', 'silver_ingestion', 'manual__2025-03-19T05:14:09.222928+00:00', '--job-id', '149', '--raw', '--subdir', 'DAGS_FOLDER/dag_pipeline.py', '--cfg-path', '/tmp/tmpywvtwo4c']
[2025-03-19T16:16:10.621+0000] {standard_task_runner.py:105} INFO - Job 149: Subtask silver_ingestion
[2025-03-19T16:16:10.623+0000] {logging_mixin.py:190} WARNING - /home/***/.local/lib/python3.12/site-packages/***/task/task_runner/standard_task_runner.py:70 DeprecationWarning: This process (pid=727) is multi-threaded, use of fork() may lead to deadlocks in the child.
[2025-03-19T16:16:10.625+0000] {standard_task_runner.py:72} INFO - Started process 728 to run task
[2025-03-19T16:16:10.692+0000] {task_command.py:467} INFO - Running <TaskInstance: pyspark_etl_pipeline.silver_ingestion manual__2025-03-19T05:14:09.222928+00:00 [running]> on host 20dc670367b9
[2025-03-19T16:16:10.811+0000] {taskinstance.py:3134} INFO - Exporting env vars: AIRFLOW_CTX_DAG_EMAIL='caiovos@hotmail.com' AIRFLOW_CTX_DAG_OWNER='***' AIRFLOW_CTX_DAG_ID='pyspark_etl_pipeline' AIRFLOW_CTX_TASK_ID='silver_ingestion' AIRFLOW_CTX_EXECUTION_DATE='2025-03-19T05:14:09.222928+00:00' AIRFLOW_CTX_TRY_NUMBER='16' AIRFLOW_CTX_DAG_RUN_ID='manual__2025-03-19T05:14:09.222928+00:00'
[2025-03-19T16:16:10.812+0000] {taskinstance.py:732} INFO - ::endgroup::
[2025-03-19T16:16:10.831+0000] {subprocess.py:78} INFO - Tmp dir root location: /tmp
[2025-03-19T16:16:10.833+0000] {subprocess.py:88} INFO - Running command: ['/usr/bin/bash', '-c', 'spark-submit --master local /opt/***/dags/silver_ingestion.py']
[2025-03-19T16:16:10.845+0000] {subprocess.py:99} INFO - Output:
[2025-03-19T16:16:15.084+0000] {subprocess.py:106} INFO - 25/03/19 16:16:15 INFO SparkContext: Running Spark version 3.5.5
[2025-03-19T16:16:15.090+0000] {subprocess.py:106} INFO - 25/03/19 16:16:15 INFO SparkContext: OS info Linux, 6.12.5-linuxkit, amd64
[2025-03-19T16:16:15.091+0000] {subprocess.py:106} INFO - 25/03/19 16:16:15 INFO SparkContext: Java version 17.0.14
[2025-03-19T16:16:15.241+0000] {subprocess.py:106} INFO - 25/03/19 16:16:15 WARN NativeCodeLoader: Unable to load native-hadoop library for your platform... using builtin-java classes where applicable
[2025-03-19T16:16:15.370+0000] {subprocess.py:106} INFO - 25/03/19 16:16:15 INFO ResourceUtils: ==============================================================
[2025-03-19T16:16:15.370+0000] {subprocess.py:106} INFO - 25/03/19 16:16:15 INFO ResourceUtils: No custom resources configured for spark.driver.
[2025-03-19T16:16:15.372+0000] {subprocess.py:106} INFO - 25/03/19 16:16:15 INFO ResourceUtils: ==============================================================
[2025-03-19T16:16:15.373+0000] {subprocess.py:106} INFO - 25/03/19 16:16:15 INFO SparkContext: Submitted application: SilverLayer
[2025-03-19T16:16:15.406+0000] {subprocess.py:106} INFO - 25/03/19 16:16:15 INFO ResourceProfile: Default ResourceProfile created, executor resources: Map(cores -> name: cores, amount: 1, script: , vendor: , memory -> name: memory, amount: 1024, script: , vendor: , offHeap -> name: offHeap, amount: 0, script: , vendor: ), task resources: Map(cpus -> name: cpus, amount: 1.0)
[2025-03-19T16:16:15.418+0000] {subprocess.py:106} INFO - 25/03/19 16:16:15 INFO ResourceProfile: Limiting resource is cpu
[2025-03-19T16:16:15.420+0000] {subprocess.py:106} INFO - 25/03/19 16:16:15 INFO ResourceProfileManager: Added ResourceProfile id: 0
[2025-03-19T16:16:15.495+0000] {subprocess.py:106} INFO - 25/03/19 16:16:15 INFO SecurityManager: Changing view acls to: default
[2025-03-19T16:16:15.496+0000] {subprocess.py:106} INFO - 25/03/19 16:16:15 INFO SecurityManager: Changing modify acls to: default
[2025-03-19T16:16:15.497+0000] {subprocess.py:106} INFO - 25/03/19 16:16:15 INFO SecurityManager: Changing view acls groups to:
[2025-03-19T16:16:15.498+0000] {subprocess.py:106} INFO - 25/03/19 16:16:15 INFO SecurityManager: Changing modify acls groups to:
[2025-03-19T16:16:15.499+0000] {subprocess.py:106} INFO - 25/03/19 16:16:15 INFO SecurityManager: SecurityManager: authentication disabled; ui acls disabled; users with view permissions: default; groups with view permissions: EMPTY; users with modify permissions: default; groups with modify permissions: EMPTY
[2025-03-19T16:16:15.831+0000] {subprocess.py:106} INFO - 25/03/19 16:16:15 INFO Utils: Successfully started service 'sparkDriver' on port 39041.
[2025-03-19T16:16:15.869+0000] {subprocess.py:106} INFO - 25/03/19 16:16:15 INFO SparkEnv: Registering MapOutputTracker
[2025-03-19T16:16:15.924+0000] {subprocess.py:106} INFO - 25/03/19 16:16:15 INFO SparkEnv: Registering BlockManagerMaster
[2025-03-19T16:16:15.952+0000] {subprocess.py:106} INFO - 25/03/19 16:16:15 INFO BlockManagerMasterEndpoint: Using org.apache.spark.storage.DefaultTopologyMapper for getting topology information
[2025-03-19T16:16:15.955+0000] {subprocess.py:106} INFO - 25/03/19 16:16:15 INFO BlockManagerMasterEndpoint: BlockManagerMasterEndpoint up
[2025-03-19T16:16:15.964+0000] {subprocess.py:106} INFO - 25/03/19 16:16:15 INFO SparkEnv: Registering BlockManagerMasterHeartbeat
[2025-03-19T16:16:16.001+0000] {subprocess.py:106} INFO - 25/03/19 16:16:16 INFO DiskBlockManager: Created local directory at /tmp/blockmgr-ec618394-dc28-43f9-9d74-3d346446ac8f
[2025-03-19T16:16:16.021+0000] {subprocess.py:106} INFO - 25/03/19 16:16:16 INFO MemoryStore: MemoryStore started with capacity 434.4 MiB
[2025-03-19T16:16:16.040+0000] {subprocess.py:106} INFO - 25/03/19 16:16:16 INFO SparkEnv: Registering OutputCommitCoordinator
[2025-03-19T16:16:16.216+0000] {subprocess.py:106} INFO - 25/03/19 16:16:16 INFO JettyUtils: Start Jetty 0.0.0.0:4040 for SparkUI
[2025-03-19T16:16:16.310+0000] {subprocess.py:106} INFO - 25/03/19 16:16:16 INFO Utils: Successfully started service 'SparkUI' on port 4040.
[2025-03-19T16:16:16.480+0000] {subprocess.py:106} INFO - 25/03/19 16:16:16 INFO Executor: Starting executor ID driver on host 20dc670367b9
[2025-03-19T16:16:16.482+0000] {subprocess.py:106} INFO - 25/03/19 16:16:16 INFO Executor: OS info Linux, 6.12.5-linuxkit, amd64
[2025-03-19T16:16:16.484+0000] {subprocess.py:106} INFO - 25/03/19 16:16:16 INFO Executor: Java version 17.0.14
[2025-03-19T16:16:16.509+0000] {subprocess.py:106} INFO - 25/03/19 16:16:16 INFO Executor: Starting executor with user classpath (userClassPathFirst = false): ''
[2025-03-19T16:16:16.512+0000] {subprocess.py:106} INFO - 25/03/19 16:16:16 INFO Executor: Created or updated repl class loader org.apache.spark.util.MutableURLClassLoader@6900480a for default.
[2025-03-19T16:16:16.566+0000] {subprocess.py:106} INFO - 25/03/19 16:16:16 INFO Utils: Successfully started service 'org.apache.spark.network.netty.NettyBlockTransferService' on port 45791.
[2025-03-19T16:16:16.568+0000] {subprocess.py:106} INFO - 25/03/19 16:16:16 INFO NettyBlockTransferService: Server created on 20dc670367b9:45791
[2025-03-19T16:16:16.572+0000] {subprocess.py:106} INFO - 25/03/19 16:16:16 INFO BlockManager: Using org.apache.spark.storage.RandomBlockReplicationPolicy for block replication policy
[2025-03-19T16:16:16.586+0000] {subprocess.py:106} INFO - 25/03/19 16:16:16 INFO BlockManagerMaster: Registering BlockManager BlockManagerId(driver, 20dc670367b9, 45791, None)
[2025-03-19T16:16:16.596+0000] {subprocess.py:106} INFO - 25/03/19 16:16:16 INFO BlockManagerMasterEndpoint: Registering block manager 20dc670367b9:45791 with 434.4 MiB RAM, BlockManagerId(driver, 20dc670367b9, 45791, None)
[2025-03-19T16:16:16.603+0000] {subprocess.py:106} INFO - 25/03/19 16:16:16 INFO BlockManagerMaster: Registered BlockManager BlockManagerId(driver, 20dc670367b9, 45791, None)
[2025-03-19T16:16:16.605+0000] {subprocess.py:106} INFO - 25/03/19 16:16:16 INFO BlockManager: Initialized BlockManager: BlockManagerId(driver, 20dc670367b9, 45791, None)
[2025-03-19T16:16:17.255+0000] {subprocess.py:106} INFO - 25/03/19 16:16:17 INFO SharedState: Setting hive.metastore.warehouse.dir ('null') to the value of spark.sql.warehouse.dir.
[2025-03-19T16:16:17.264+0000] {subprocess.py:106} INFO - 25/03/19 16:16:17 INFO SharedState: Warehouse path is 'file:/tmp/***tmp81cmynoy/spark-warehouse'.
[2025-03-19T16:16:18.380+0000] {subprocess.py:106} INFO - 25/03/19 16:16:18 INFO InMemoryFileIndex: It took 48 ms to list leaf files for 1 paths.
[2025-03-19T16:16:18.566+0000] {subprocess.py:106} INFO - 25/03/19 16:16:18 INFO MemoryStore: Block broadcast_0 stored as values in memory (estimated size 199.8 KiB, free 434.2 MiB)
[2025-03-19T16:16:18.633+0000] {subprocess.py:106} INFO - 25/03/19 16:16:18 INFO MemoryStore: Block broadcast_0_piece0 stored as bytes in memory (estimated size 34.2 KiB, free 434.2 MiB)
[2025-03-19T16:16:18.637+0000] {subprocess.py:106} INFO - 25/03/19 16:16:18 INFO BlockManagerInfo: Added broadcast_0_piece0 in memory on 20dc670367b9:45791 (size: 34.2 KiB, free: 434.4 MiB)
[2025-03-19T16:16:18.642+0000] {subprocess.py:106} INFO - 25/03/19 16:16:18 INFO SparkContext: Created broadcast 0 from json at NativeMethodAccessorImpl.java:0
[2025-03-19T16:16:19.125+0000] {subprocess.py:106} INFO - 25/03/19 16:16:19 INFO FileInputFormat: Total input files to process : 1
[2025-03-19T16:16:19.128+0000] {subprocess.py:106} INFO - 25/03/19 16:16:19 INFO FileInputFormat: Total input files to process : 1
[2025-03-19T16:16:19.147+0000] {subprocess.py:106} INFO - 25/03/19 16:16:19 INFO SparkContext: Starting job: json at NativeMethodAccessorImpl.java:0
[2025-03-19T16:16:19.167+0000] {subprocess.py:106} INFO - 25/03/19 16:16:19 INFO DAGScheduler: Got job 0 (json at NativeMethodAccessorImpl.java:0) with 1 output partitions
[2025-03-19T16:16:19.167+0000] {subprocess.py:106} INFO - 25/03/19 16:16:19 INFO DAGScheduler: Final stage: ResultStage 0 (json at NativeMethodAccessorImpl.java:0)
[2025-03-19T16:16:19.168+0000] {subprocess.py:106} INFO - 25/03/19 16:16:19 INFO DAGScheduler: Parents of final stage: List()
[2025-03-19T16:16:19.171+0000] {subprocess.py:106} INFO - 25/03/19 16:16:19 INFO DAGScheduler: Missing parents: List()
[2025-03-19T16:16:19.178+0000] {subprocess.py:106} INFO - 25/03/19 16:16:19 INFO DAGScheduler: Submitting ResultStage 0 (MapPartitionsRDD[2] at json at NativeMethodAccessorImpl.java:0), which has no missing parents
[2025-03-19T16:16:19.250+0000] {subprocess.py:106} INFO - 25/03/19 16:16:19 INFO MemoryStore: Block broadcast_1 stored as values in memory (estimated size 9.3 KiB, free 434.2 MiB)
[2025-03-19T16:16:19.264+0000] {subprocess.py:106} INFO - 25/03/19 16:16:19 INFO MemoryStore: Block broadcast_1_piece0 stored as bytes in memory (estimated size 5.0 KiB, free 434.2 MiB)
[2025-03-19T16:16:19.265+0000] {subprocess.py:106} INFO - 25/03/19 16:16:19 INFO BlockManagerInfo: Added broadcast_1_piece0 in memory on 20dc670367b9:45791 (size: 5.0 KiB, free: 434.4 MiB)
[2025-03-19T16:16:19.267+0000] {subprocess.py:106} INFO - 25/03/19 16:16:19 INFO SparkContext: Created broadcast 1 from broadcast at DAGScheduler.scala:1585
[2025-03-19T16:16:19.292+0000] {subprocess.py:106} INFO - 25/03/19 16:16:19 INFO DAGScheduler: Submitting 1 missing tasks from ResultStage 0 (MapPartitionsRDD[2] at json at NativeMethodAccessorImpl.java:0) (first 15 tasks are for partitions Vector(0))
[2025-03-19T16:16:19.294+0000] {subprocess.py:106} INFO - 25/03/19 16:16:19 INFO TaskSchedulerImpl: Adding task set 0.0 with 1 tasks resource profile 0
[2025-03-19T16:16:19.376+0000] {subprocess.py:106} INFO - 25/03/19 16:16:19 INFO TaskSetManager: Starting task 0.0 in stage 0.0 (TID 0) (20dc670367b9, executor driver, partition 0, PROCESS_LOCAL, 9146 bytes)
[2025-03-19T16:16:19.398+0000] {subprocess.py:106} INFO - 25/03/19 16:16:19 INFO Executor: Running task 0.0 in stage 0.0 (TID 0)
[2025-03-19T16:16:19.532+0000] {subprocess.py:106} INFO - 25/03/19 16:16:19 INFO BinaryFileRDD: Input split: Paths:/opt/***/dags/medallion_data/bronze_layer.json:0+29264
[2025-03-19T16:16:19.770+0000] {subprocess.py:106} INFO - 25/03/19 16:16:19 INFO Executor: Finished task 0.0 in stage 0.0 (TID 0). 2158 bytes result sent to driver
[2025-03-19T16:16:19.784+0000] {subprocess.py:106} INFO - 25/03/19 16:16:19 INFO TaskSetManager: Finished task 0.0 in stage 0.0 (TID 0) in 431 ms on 20dc670367b9 (executor driver) (1/1)
[2025-03-19T16:16:19.786+0000] {subprocess.py:106} INFO - 25/03/19 16:16:19 INFO TaskSchedulerImpl: Removed TaskSet 0.0, whose tasks have all completed, from pool
[2025-03-19T16:16:19.796+0000] {subprocess.py:106} INFO - 25/03/19 16:16:19 INFO DAGScheduler: ResultStage 0 (json at NativeMethodAccessorImpl.java:0) finished in 0.598 s
[2025-03-19T16:16:19.800+0000] {subprocess.py:106} INFO - 25/03/19 16:16:19 INFO DAGScheduler: Job 0 is finished. Cancelling potential speculative or zombie tasks for this job
[2025-03-19T16:16:19.801+0000] {subprocess.py:106} INFO - 25/03/19 16:16:19 INFO TaskSchedulerImpl: Killing all running tasks in stage 0: Stage finished
[2025-03-19T16:16:19.804+0000] {subprocess.py:106} INFO - 25/03/19 16:16:19 INFO DAGScheduler: Job 0 finished: json at NativeMethodAccessorImpl.java:0, took 0.656453 s
[2025-03-19T16:16:20.271+0000] {subprocess.py:106} INFO - 25/03/19 16:16:20 INFO BlockManagerInfo: Removed broadcast_1_piece0 on 20dc670367b9:45791 in memory (size: 5.0 KiB, free: 434.4 MiB)
[2025-03-19T16:16:20.280+0000] {subprocess.py:106} INFO - 25/03/19 16:16:20 INFO BlockManagerInfo: Removed broadcast_0_piece0 on 20dc670367b9:45791 in memory (size: 34.2 KiB, free: 434.4 MiB)
[2025-03-19T16:16:21.361+0000] {subprocess.py:106} INFO - DataFrame[address_1: string, address_2: string, address_3: string, brewery_type: string, city: string, country: string, id: string, latitude: string, longitude: string, name: string, phone: string, postal_code: string, state: string, state_province: string, street: string, website_url: string]
[2025-03-19T16:16:22.419+0000] {subprocess.py:106} INFO - 25/03/19 16:16:22 INFO FileSourceStrategy: Pushed Filters:
[2025-03-19T16:16:22.422+0000] {subprocess.py:106} INFO - 25/03/19 16:16:22 INFO FileSourceStrategy: Post-Scan Filters:
[2025-03-19T16:16:23.976+0000] {subprocess.py:106} INFO - 25/03/19 16:16:23 INFO CodeGenerator: Code generated in 575.827551 ms
[2025-03-19T16:16:23.997+0000] {subprocess.py:106} INFO - 25/03/19 16:16:23 INFO MemoryStore: Block broadcast_2 stored as values in memory (estimated size 199.3 KiB, free 434.2 MiB)
[2025-03-19T16:16:24.098+0000] {subprocess.py:106} INFO - 25/03/19 16:16:24 INFO MemoryStore: Block broadcast_2_piece0 stored as bytes in memory (estimated size 34.2 KiB, free 434.2 MiB)
[2025-03-19T16:16:24.104+0000] {subprocess.py:106} INFO - 25/03/19 16:16:24 INFO BlockManagerInfo: Added broadcast_2_piece0 in memory on 20dc670367b9:45791 (size: 34.2 KiB, free: 434.4 MiB)
[2025-03-19T16:16:24.108+0000] {subprocess.py:106} INFO - 25/03/19 16:16:24 INFO SparkContext: Created broadcast 2 from count at NativeMethodAccessorImpl.java:0
[2025-03-19T16:16:24.162+0000] {subprocess.py:106} INFO - 25/03/19 16:16:24 INFO FileSourceScanExec: Planning scan with bin packing, max size: 4194304 bytes, open cost is considered as scanning 4194304 bytes.
[2025-03-19T16:16:24.402+0000] {subprocess.py:106} INFO - 25/03/19 16:16:24 INFO DAGScheduler: Registering RDD 6 (count at NativeMethodAccessorImpl.java:0) as input to shuffle 0
[2025-03-19T16:16:24.408+0000] {subprocess.py:106} INFO - 25/03/19 16:16:24 INFO DAGScheduler: Got map stage job 1 (count at NativeMethodAccessorImpl.java:0) with 1 output partitions
[2025-03-19T16:16:24.410+0000] {subprocess.py:106} INFO - 25/03/19 16:16:24 INFO DAGScheduler: Final stage: ShuffleMapStage 1 (count at NativeMethodAccessorImpl.java:0)
[2025-03-19T16:16:24.412+0000] {subprocess.py:106} INFO - 25/03/19 16:16:24 INFO DAGScheduler: Parents of final stage: List()
[2025-03-19T16:16:24.414+0000] {subprocess.py:106} INFO - 25/03/19 16:16:24 INFO DAGScheduler: Missing parents: List()
[2025-03-19T16:16:24.417+0000] {subprocess.py:106} INFO - 25/03/19 16:16:24 INFO DAGScheduler: Submitting ShuffleMapStage 1 (MapPartitionsRDD[6] at count at NativeMethodAccessorImpl.java:0), which has no missing parents
[2025-03-19T16:16:24.783+0000] {subprocess.py:106} INFO - 25/03/19 16:16:24 INFO MemoryStore: Block broadcast_3 stored as values in memory (estimated size 17.0 KiB, free 434.2 MiB)
[2025-03-19T16:16:24.792+0000] {subprocess.py:106} INFO - 25/03/19 16:16:24 INFO MemoryStore: Block broadcast_3_piece0 stored as bytes in memory (estimated size 8.3 KiB, free 434.1 MiB)
[2025-03-19T16:16:24.794+0000] {subprocess.py:106} INFO - 25/03/19 16:16:24 INFO BlockManagerInfo: Added broadcast_3_piece0 in memory on 20dc670367b9:45791 (size: 8.3 KiB, free: 434.4 MiB)
[2025-03-19T16:16:24.797+0000] {subprocess.py:106} INFO - 25/03/19 16:16:24 INFO SparkContext: Created broadcast 3 from broadcast at DAGScheduler.scala:1585
[2025-03-19T16:16:24.810+0000] {subprocess.py:106} INFO - 25/03/19 16:16:24 INFO DAGScheduler: Submitting 1 missing tasks from ShuffleMapStage 1 (MapPartitionsRDD[6] at count at NativeMethodAccessorImpl.java:0) (first 15 tasks are for partitions Vector(0))
[2025-03-19T16:16:24.812+0000] {subprocess.py:106} INFO - 25/03/19 16:16:24 INFO TaskSchedulerImpl: Adding task set 1.0 with 1 tasks resource profile 0
[2025-03-19T16:16:24.834+0000] {subprocess.py:106} INFO - 25/03/19 16:16:24 INFO TaskSetManager: Starting task 0.0 in stage 1.0 (TID 1) (20dc670367b9, executor driver, partition 0, PROCESS_LOCAL, 9608 bytes)
[2025-03-19T16:16:24.844+0000] {subprocess.py:106} INFO - 25/03/19 16:16:24 INFO Executor: Running task 0.0 in stage 1.0 (TID 1)
[2025-03-19T16:16:25.083+0000] {subprocess.py:106} INFO - 25/03/19 16:16:25 INFO CodeGenerator: Code generated in 69.788455 ms
[2025-03-19T16:16:25.152+0000] {subprocess.py:106} INFO - 25/03/19 16:16:25 INFO FileScanRDD: Reading File path: file:///opt/***/dags/medallion_data/bronze_layer.json, range: 0-29264, partition values: [empty row]
[2025-03-19T16:16:25.221+0000] {subprocess.py:106} INFO - 25/03/19 16:16:25 INFO CodeGenerator: Code generated in 60.329621 ms
[2025-03-19T16:16:25.376+0000] {subprocess.py:106} INFO - 25/03/19 16:16:25 INFO Executor: Finished task 0.0 in stage 1.0 (TID 1). 1971 bytes result sent to driver
[2025-03-19T16:16:25.384+0000] {subprocess.py:106} INFO - 25/03/19 16:16:25 INFO TaskSetManager: Finished task 0.0 in stage 1.0 (TID 1) in 566 ms on 20dc670367b9 (executor driver) (1/1)
[2025-03-19T16:16:25.385+0000] {subprocess.py:106} INFO - 25/03/19 16:16:25 INFO TaskSchedulerImpl: Removed TaskSet 1.0, whose tasks have all completed, from pool
[2025-03-19T16:16:25.391+0000] {subprocess.py:106} INFO - 25/03/19 16:16:25 INFO DAGScheduler: ShuffleMapStage 1 (count at NativeMethodAccessorImpl.java:0) finished in 0.952 s
[2025-03-19T16:16:25.393+0000] {subprocess.py:106} INFO - 25/03/19 16:16:25 INFO DAGScheduler: looking for newly runnable stages
[2025-03-19T16:16:25.394+0000] {subprocess.py:106} INFO - 25/03/19 16:16:25 INFO DAGScheduler: running: Set()
[2025-03-19T16:16:25.395+0000] {subprocess.py:106} INFO - 25/03/19 16:16:25 INFO DAGScheduler: waiting: Set()
[2025-03-19T16:16:25.395+0000] {subprocess.py:106} INFO - 25/03/19 16:16:25 INFO DAGScheduler: failed: Set()
[2025-03-19T16:16:25.540+0000] {subprocess.py:106} INFO - 25/03/19 16:16:25 INFO CodeGenerator: Code generated in 37.388376 ms
[2025-03-19T16:16:25.835+0000] {subprocess.py:106} INFO - 25/03/19 16:16:25 INFO SparkContext: Starting job: count at NativeMethodAccessorImpl.java:0
[2025-03-19T16:16:25.846+0000] {subprocess.py:106} INFO - 25/03/19 16:16:25 INFO DAGScheduler: Got job 2 (count at NativeMethodAccessorImpl.java:0) with 1 output partitions
[2025-03-19T16:16:25.847+0000] {subprocess.py:106} INFO - 25/03/19 16:16:25 INFO DAGScheduler: Final stage: ResultStage 3 (count at NativeMethodAccessorImpl.java:0)
[2025-03-19T16:16:25.850+0000] {subprocess.py:106} INFO - 25/03/19 16:16:25 INFO DAGScheduler: Parents of final stage: List(ShuffleMapStage 2)
[2025-03-19T16:16:25.852+0000] {subprocess.py:106} INFO - 25/03/19 16:16:25 INFO DAGScheduler: Missing parents: List()
[2025-03-19T16:16:25.854+0000] {subprocess.py:106} INFO - 25/03/19 16:16:25 INFO DAGScheduler: Submitting ResultStage 3 (MapPartitionsRDD[9] at count at NativeMethodAccessorImpl.java:0), which has no missing parents
[2025-03-19T16:16:25.876+0000] {subprocess.py:106} INFO - 25/03/19 16:16:25 INFO MemoryStore: Block broadcast_4 stored as values in memory (estimated size 12.5 KiB, free 434.1 MiB)
[2025-03-19T16:16:25.892+0000] {subprocess.py:106} INFO - 25/03/19 16:16:25 INFO MemoryStore: Block broadcast_4_piece0 stored as bytes in memory (estimated size 5.9 KiB, free 434.1 MiB)
[2025-03-19T16:16:25.894+0000] {subprocess.py:106} INFO - 25/03/19 16:16:25 INFO BlockManagerInfo: Added broadcast_4_piece0 in memory on 20dc670367b9:45791 (size: 5.9 KiB, free: 434.4 MiB)
[2025-03-19T16:16:25.895+0000] {subprocess.py:106} INFO - 25/03/19 16:16:25 INFO SparkContext: Created broadcast 4 from broadcast at DAGScheduler.scala:1585
[2025-03-19T16:16:25.896+0000] {subprocess.py:106} INFO - 25/03/19 16:16:25 INFO DAGScheduler: Submitting 1 missing tasks from ResultStage 3 (MapPartitionsRDD[9] at count at NativeMethodAccessorImpl.java:0) (first 15 tasks are for partitions Vector(0))
[2025-03-19T16:16:25.897+0000] {subprocess.py:106} INFO - 25/03/19 16:16:25 INFO TaskSchedulerImpl: Adding task set 3.0 with 1 tasks resource profile 0
[2025-03-19T16:16:25.913+0000] {subprocess.py:106} INFO - 25/03/19 16:16:25 INFO TaskSetManager: Starting task 0.0 in stage 3.0 (TID 2) (20dc670367b9, executor driver, partition 0, NODE_LOCAL, 8999 bytes)
[2025-03-19T16:16:25.917+0000] {subprocess.py:106} INFO - 25/03/19 16:16:25 INFO Executor: Running task 0.0 in stage 3.0 (TID 2)
[2025-03-19T16:16:26.136+0000] {subprocess.py:106} INFO - 25/03/19 16:16:26 INFO ShuffleBlockFetcherIterator: Getting 1 (60.0 B) non-empty blocks including 1 (60.0 B) local and 0 (0.0 B) host-local and 0 (0.0 B) push-merged-local and 0 (0.0 B) remote blocks
[2025-03-19T16:16:26.140+0000] {subprocess.py:106} INFO - 25/03/19 16:16:26 INFO ShuffleBlockFetcherIterator: Started 0 remote fetches in 108 ms
[2025-03-19T16:16:26.177+0000] {subprocess.py:106} INFO - 25/03/19 16:16:26 INFO CodeGenerator: Code generated in 29.778973 ms
[2025-03-19T16:16:26.334+0000] {subprocess.py:106} INFO - 25/03/19 16:16:26 INFO BlockManagerInfo: Removed broadcast_3_piece0 on 20dc670367b9:45791 in memory (size: 8.3 KiB, free: 434.4 MiB)
[2025-03-19T16:16:26.336+0000] {subprocess.py:106} INFO - 25/03/19 16:16:26 INFO Executor: Finished task 0.0 in stage 3.0 (TID 2). 4081 bytes result sent to driver
[2025-03-19T16:16:26.347+0000] {subprocess.py:106} INFO - 25/03/19 16:16:26 INFO TaskSetManager: Finished task 0.0 in stage 3.0 (TID 2) in 439 ms on 20dc670367b9 (executor driver) (1/1)
[2025-03-19T16:16:26.349+0000] {subprocess.py:106} INFO - 25/03/19 16:16:26 INFO TaskSchedulerImpl: Removed TaskSet 3.0, whose tasks have all completed, from pool
[2025-03-19T16:16:26.353+0000] {subprocess.py:106} INFO - 25/03/19 16:16:26 INFO DAGScheduler: ResultStage 3 (count at NativeMethodAccessorImpl.java:0) finished in 0.483 s
[2025-03-19T16:16:26.360+0000] {subprocess.py:106} INFO - 25/03/19 16:16:26 INFO DAGScheduler: Job 2 is finished. Cancelling potential speculative or zombie tasks for this job
[2025-03-19T16:16:26.361+0000] {subprocess.py:106} INFO - 25/03/19 16:16:26 INFO TaskSchedulerImpl: Killing all running tasks in stage 3: Stage finished
[2025-03-19T16:16:26.362+0000] {subprocess.py:106} INFO - 25/03/19 16:16:26 INFO DAGScheduler: Job 2 finished: count at NativeMethodAccessorImpl.java:0, took 0.524851 s
[2025-03-19T16:16:26.612+0000] {subprocess.py:106} INFO - 25/03/19 16:16:26 INFO SparkContext: Invoking stop() from shutdown hook
[2025-03-19T16:16:26.614+0000] {subprocess.py:106} INFO - 25/03/19 16:16:26 INFO SparkContext: SparkContext is stopping with exitCode 0.
[2025-03-19T16:16:26.668+0000] {subprocess.py:106} INFO - 25/03/19 16:16:26 INFO SparkUI: Stopped Spark web UI at http://20dc670367b9:4040
[2025-03-19T16:16:26.709+0000] {subprocess.py:106} INFO - 25/03/19 16:16:26 INFO MapOutputTrackerMasterEndpoint: MapOutputTrackerMasterEndpoint stopped!
[2025-03-19T16:16:26.805+0000] {subprocess.py:106} INFO - 25/03/19 16:16:26 INFO MemoryStore: MemoryStore cleared
[2025-03-19T16:16:26.807+0000] {subprocess.py:106} INFO - 25/03/19 16:16:26 INFO BlockManager: BlockManager stopped
[2025-03-19T16:16:26.821+0000] {subprocess.py:106} INFO - 25/03/19 16:16:26 INFO BlockManagerMaster: BlockManagerMaster stopped
[2025-03-19T16:16:26.829+0000] {subprocess.py:106} INFO - 25/03/19 16:16:26 INFO OutputCommitCoordinator$OutputCommitCoordinatorEndpoint: OutputCommitCoordinator stopped!
[2025-03-19T16:16:26.914+0000] {subprocess.py:106} INFO - 25/03/19 16:16:26 INFO SparkContext: Successfully stopped SparkContext
[2025-03-19T16:16:26.916+0000] {subprocess.py:106} INFO - 25/03/19 16:16:26 INFO ShutdownHookManager: Shutdown hook called
[2025-03-19T16:16:26.918+0000] {subprocess.py:106} INFO - 25/03/19 16:16:26 INFO ShutdownHookManager: Deleting directory /tmp/spark-84543d9b-710a-4d37-8f23-143d667ba0ec
[2025-03-19T16:16:26.950+0000] {subprocess.py:106} INFO - 25/03/19 16:16:26 INFO ShutdownHookManager: Deleting directory /tmp/spark-84543d9b-710a-4d37-8f23-143d667ba0ec/pyspark-3d7d46ef-7320-4112-bc4c-a0b1beb573c4
[2025-03-19T16:16:26.975+0000] {subprocess.py:106} INFO - 25/03/19 16:16:26 INFO ShutdownHookManager: Deleting directory /tmp/spark-7fc3646e-9369-4b2a-9df4-8ad28a71f76e
[2025-03-19T16:16:27.255+0000] {subprocess.py:110} INFO - Command exited with return code 0
[2025-03-19T16:16:27.375+0000] {taskinstance.py:341} INFO - ::group::Post task execution logs
[2025-03-19T16:16:27.377+0000] {taskinstance.py:353} INFO - Marking task as SUCCESS. dag_id=pyspark_etl_pipeline, task_id=silver_ingestion, run_id=manual__2025-03-19T05:14:09.222928+00:00, execution_date=20250319T051409, start_date=20250319T161610, end_date=20250319T161627
[2025-03-19T16:16:27.509+0000] {local_task_job_runner.py:266} INFO - Task exited with return code 0
[2025-03-19T16:16:27.634+0000] {taskinstance.py:3901} INFO - 1 downstream tasks scheduled from follow-on schedule check
[2025-03-19T16:16:27.637+0000] {local_task_job_runner.py:245} INFO - ::endgroup::
