[2025-03-19T15:36:34.749+0000] {local_task_job_runner.py:123} INFO - ::group::Pre task execution logs
[2025-03-19T15:36:34.784+0000] {taskinstance.py:2614} INFO - Dependencies all met for dep_context=non-requeueable deps ti=<TaskInstance: pyspark_etl_pipeline.silver_ingestion manual__2025-03-19T05:14:09.222928+00:00 [queued]>
[2025-03-19T15:36:34.801+0000] {taskinstance.py:2614} INFO - Dependencies all met for dep_context=requeueable deps ti=<TaskInstance: pyspark_etl_pipeline.silver_ingestion manual__2025-03-19T05:14:09.222928+00:00 [queued]>
[2025-03-19T15:36:34.802+0000] {taskinstance.py:2867} INFO - Starting attempt 7 of 8
[2025-03-19T15:36:34.819+0000] {taskinstance.py:2890} INFO - Executing <Task(BashOperator): silver_ingestion> on 2025-03-19 05:14:09.222928+00:00
[2025-03-19T15:36:34.831+0000] {standard_task_runner.py:104} INFO - Running: ['***', 'tasks', 'run', 'pyspark_etl_pipeline', 'silver_ingestion', 'manual__2025-03-19T05:14:09.222928+00:00', '--job-id', '120', '--raw', '--subdir', 'DAGS_FOLDER/dag_pipeline.py', '--cfg-path', '/tmp/tmp3ybvpe7q']
[2025-03-19T15:36:34.834+0000] {standard_task_runner.py:105} INFO - Job 120: Subtask silver_ingestion
[2025-03-19T15:36:34.836+0000] {logging_mixin.py:190} WARNING - /home/***/.local/lib/python3.12/site-packages/***/task/task_runner/standard_task_runner.py:70 DeprecationWarning: This process (pid=230) is multi-threaded, use of fork() may lead to deadlocks in the child.
[2025-03-19T15:36:34.838+0000] {standard_task_runner.py:72} INFO - Started process 231 to run task
[2025-03-19T15:36:34.904+0000] {task_command.py:467} INFO - Running <TaskInstance: pyspark_etl_pipeline.silver_ingestion manual__2025-03-19T05:14:09.222928+00:00 [running]> on host 43ddbbc85ca6
[2025-03-19T15:36:35.044+0000] {taskinstance.py:3134} INFO - Exporting env vars: AIRFLOW_CTX_DAG_EMAIL='caiovos@hotmail.com' AIRFLOW_CTX_DAG_OWNER='***' AIRFLOW_CTX_DAG_ID='pyspark_etl_pipeline' AIRFLOW_CTX_TASK_ID='silver_ingestion' AIRFLOW_CTX_EXECUTION_DATE='2025-03-19T05:14:09.222928+00:00' AIRFLOW_CTX_TRY_NUMBER='7' AIRFLOW_CTX_DAG_RUN_ID='manual__2025-03-19T05:14:09.222928+00:00'
[2025-03-19T15:36:35.045+0000] {taskinstance.py:732} INFO - ::endgroup::
[2025-03-19T15:36:35.086+0000] {subprocess.py:78} INFO - Tmp dir root location: /tmp
[2025-03-19T15:36:35.088+0000] {subprocess.py:88} INFO - Running command: ['/usr/bin/bash', '-c', 'spark-submit --master local /opt/***/dags/silver_ingestion.py']
[2025-03-19T15:36:35.102+0000] {subprocess.py:99} INFO - Output:
[2025-03-19T15:36:40.227+0000] {subprocess.py:106} INFO - 25/03/19 15:36:40 INFO SparkContext: Running Spark version 3.5.5
[2025-03-19T15:36:40.232+0000] {subprocess.py:106} INFO - 25/03/19 15:36:40 INFO SparkContext: OS info Linux, 6.12.5-linuxkit, amd64
[2025-03-19T15:36:40.233+0000] {subprocess.py:106} INFO - 25/03/19 15:36:40 INFO SparkContext: Java version 17.0.14
[2025-03-19T15:36:40.344+0000] {subprocess.py:106} INFO - 25/03/19 15:36:40 WARN NativeCodeLoader: Unable to load native-hadoop library for your platform... using builtin-java classes where applicable
[2025-03-19T15:36:40.472+0000] {subprocess.py:106} INFO - 25/03/19 15:36:40 INFO ResourceUtils: ==============================================================
[2025-03-19T15:36:40.473+0000] {subprocess.py:106} INFO - 25/03/19 15:36:40 INFO ResourceUtils: No custom resources configured for spark.driver.
[2025-03-19T15:36:40.474+0000] {subprocess.py:106} INFO - 25/03/19 15:36:40 INFO ResourceUtils: ==============================================================
[2025-03-19T15:36:40.475+0000] {subprocess.py:106} INFO - 25/03/19 15:36:40 INFO SparkContext: Submitted application: SilverLayer
[2025-03-19T15:36:40.505+0000] {subprocess.py:106} INFO - 25/03/19 15:36:40 INFO ResourceProfile: Default ResourceProfile created, executor resources: Map(cores -> name: cores, amount: 1, script: , vendor: , memory -> name: memory, amount: 1024, script: , vendor: , offHeap -> name: offHeap, amount: 0, script: , vendor: ), task resources: Map(cpus -> name: cpus, amount: 1.0)
[2025-03-19T15:36:40.517+0000] {subprocess.py:106} INFO - 25/03/19 15:36:40 INFO ResourceProfile: Limiting resource is cpu
[2025-03-19T15:36:40.518+0000] {subprocess.py:106} INFO - 25/03/19 15:36:40 INFO ResourceProfileManager: Added ResourceProfile id: 0
[2025-03-19T15:36:40.583+0000] {subprocess.py:106} INFO - 25/03/19 15:36:40 INFO SecurityManager: Changing view acls to: default
[2025-03-19T15:36:40.584+0000] {subprocess.py:106} INFO - 25/03/19 15:36:40 INFO SecurityManager: Changing modify acls to: default
[2025-03-19T15:36:40.585+0000] {subprocess.py:106} INFO - 25/03/19 15:36:40 INFO SecurityManager: Changing view acls groups to:
[2025-03-19T15:36:40.586+0000] {subprocess.py:106} INFO - 25/03/19 15:36:40 INFO SecurityManager: Changing modify acls groups to:
[2025-03-19T15:36:40.587+0000] {subprocess.py:106} INFO - 25/03/19 15:36:40 INFO SecurityManager: SecurityManager: authentication disabled; ui acls disabled; users with view permissions: default; groups with view permissions: EMPTY; users with modify permissions: default; groups with modify permissions: EMPTY
[2025-03-19T15:36:41.000+0000] {subprocess.py:106} INFO - 25/03/19 15:36:40 INFO Utils: Successfully started service 'sparkDriver' on port 37225.
[2025-03-19T15:36:41.040+0000] {subprocess.py:106} INFO - 25/03/19 15:36:41 INFO SparkEnv: Registering MapOutputTracker
[2025-03-19T15:36:41.134+0000] {subprocess.py:106} INFO - 25/03/19 15:36:41 INFO SparkEnv: Registering BlockManagerMaster
[2025-03-19T15:36:41.184+0000] {subprocess.py:106} INFO - 25/03/19 15:36:41 INFO BlockManagerMasterEndpoint: Using org.apache.spark.storage.DefaultTopologyMapper for getting topology information
[2025-03-19T15:36:41.185+0000] {subprocess.py:106} INFO - 25/03/19 15:36:41 INFO BlockManagerMasterEndpoint: BlockManagerMasterEndpoint up
[2025-03-19T15:36:41.191+0000] {subprocess.py:106} INFO - 25/03/19 15:36:41 INFO SparkEnv: Registering BlockManagerMasterHeartbeat
[2025-03-19T15:36:41.286+0000] {subprocess.py:106} INFO - 25/03/19 15:36:41 INFO DiskBlockManager: Created local directory at /tmp/blockmgr-c87e5068-c1f5-4195-8cfe-abbf542d3b6c
[2025-03-19T15:36:41.304+0000] {subprocess.py:106} INFO - 25/03/19 15:36:41 INFO MemoryStore: MemoryStore started with capacity 434.4 MiB
[2025-03-19T15:36:41.348+0000] {subprocess.py:106} INFO - 25/03/19 15:36:41 INFO SparkEnv: Registering OutputCommitCoordinator
[2025-03-19T15:36:41.723+0000] {subprocess.py:106} INFO - 25/03/19 15:36:41 INFO JettyUtils: Start Jetty 0.0.0.0:4040 for SparkUI
[2025-03-19T15:36:41.899+0000] {subprocess.py:106} INFO - 25/03/19 15:36:41 INFO Utils: Successfully started service 'SparkUI' on port 4040.
[2025-03-19T15:36:42.136+0000] {subprocess.py:106} INFO - 25/03/19 15:36:42 INFO Executor: Starting executor ID driver on host 43ddbbc85ca6
[2025-03-19T15:36:42.137+0000] {subprocess.py:106} INFO - 25/03/19 15:36:42 INFO Executor: OS info Linux, 6.12.5-linuxkit, amd64
[2025-03-19T15:36:42.138+0000] {subprocess.py:106} INFO - 25/03/19 15:36:42 INFO Executor: Java version 17.0.14
[2025-03-19T15:36:42.150+0000] {subprocess.py:106} INFO - 25/03/19 15:36:42 INFO Executor: Starting executor with user classpath (userClassPathFirst = false): ''
[2025-03-19T15:36:42.152+0000] {subprocess.py:106} INFO - 25/03/19 15:36:42 INFO Executor: Created or updated repl class loader org.apache.spark.util.MutableURLClassLoader@6710369a for default.
[2025-03-19T15:36:42.191+0000] {subprocess.py:106} INFO - 25/03/19 15:36:42 INFO Utils: Successfully started service 'org.apache.spark.network.netty.NettyBlockTransferService' on port 36609.
[2025-03-19T15:36:42.192+0000] {subprocess.py:106} INFO - 25/03/19 15:36:42 INFO NettyBlockTransferService: Server created on 43ddbbc85ca6:36609
[2025-03-19T15:36:42.195+0000] {subprocess.py:106} INFO - 25/03/19 15:36:42 INFO BlockManager: Using org.apache.spark.storage.RandomBlockReplicationPolicy for block replication policy
[2025-03-19T15:36:42.204+0000] {subprocess.py:106} INFO - 25/03/19 15:36:42 INFO BlockManagerMaster: Registering BlockManager BlockManagerId(driver, 43ddbbc85ca6, 36609, None)
[2025-03-19T15:36:42.207+0000] {subprocess.py:106} INFO - 25/03/19 15:36:42 INFO BlockManagerMasterEndpoint: Registering block manager 43ddbbc85ca6:36609 with 434.4 MiB RAM, BlockManagerId(driver, 43ddbbc85ca6, 36609, None)
[2025-03-19T15:36:42.212+0000] {subprocess.py:106} INFO - 25/03/19 15:36:42 INFO BlockManagerMaster: Registered BlockManager BlockManagerId(driver, 43ddbbc85ca6, 36609, None)
[2025-03-19T15:36:42.215+0000] {subprocess.py:106} INFO - 25/03/19 15:36:42 INFO BlockManager: Initialized BlockManager: BlockManagerId(driver, 43ddbbc85ca6, 36609, None)
[2025-03-19T15:36:42.961+0000] {subprocess.py:106} INFO - 25/03/19 15:36:42 INFO SparkContext: Invoking stop() from shutdown hook
[2025-03-19T15:36:42.962+0000] {subprocess.py:106} INFO - 25/03/19 15:36:42 INFO SparkContext: SparkContext is stopping with exitCode 0.
[2025-03-19T15:36:42.982+0000] {subprocess.py:106} INFO - 25/03/19 15:36:42 INFO SparkUI: Stopped Spark web UI at http://43ddbbc85ca6:4040
[2025-03-19T15:36:42.999+0000] {subprocess.py:106} INFO - 25/03/19 15:36:42 INFO MapOutputTrackerMasterEndpoint: MapOutputTrackerMasterEndpoint stopped!
[2025-03-19T15:36:43.015+0000] {subprocess.py:106} INFO - 25/03/19 15:36:43 INFO MemoryStore: MemoryStore cleared
[2025-03-19T15:36:43.016+0000] {subprocess.py:106} INFO - 25/03/19 15:36:43 INFO BlockManager: BlockManager stopped
[2025-03-19T15:36:43.023+0000] {subprocess.py:106} INFO - 25/03/19 15:36:43 INFO BlockManagerMaster: BlockManagerMaster stopped
[2025-03-19T15:36:43.027+0000] {subprocess.py:106} INFO - 25/03/19 15:36:43 INFO OutputCommitCoordinator$OutputCommitCoordinatorEndpoint: OutputCommitCoordinator stopped!
[2025-03-19T15:36:43.037+0000] {subprocess.py:106} INFO - 25/03/19 15:36:43 INFO SparkContext: Successfully stopped SparkContext
[2025-03-19T15:36:43.038+0000] {subprocess.py:106} INFO - 25/03/19 15:36:43 INFO ShutdownHookManager: Shutdown hook called
[2025-03-19T15:36:43.038+0000] {subprocess.py:106} INFO - 25/03/19 15:36:43 INFO ShutdownHookManager: Deleting directory /tmp/spark-2a6b7454-620b-4084-9842-f6894a68417a/pyspark-85abb870-a08f-416a-9f2e-0889fb5bfff2
[2025-03-19T15:36:43.046+0000] {subprocess.py:106} INFO - 25/03/19 15:36:43 INFO ShutdownHookManager: Deleting directory /tmp/spark-b3cc24dd-99c1-4bdd-8a41-16877915ec6c
[2025-03-19T15:36:43.056+0000] {subprocess.py:106} INFO - 25/03/19 15:36:43 INFO ShutdownHookManager: Deleting directory /tmp/spark-2a6b7454-620b-4084-9842-f6894a68417a
[2025-03-19T15:36:43.092+0000] {subprocess.py:110} INFO - Command exited with return code 0
[2025-03-19T15:36:43.129+0000] {taskinstance.py:341} INFO - ::group::Post task execution logs
[2025-03-19T15:36:43.130+0000] {taskinstance.py:353} INFO - Marking task as SUCCESS. dag_id=pyspark_etl_pipeline, task_id=silver_ingestion, run_id=manual__2025-03-19T05:14:09.222928+00:00, execution_date=20250319T051409, start_date=20250319T153634, end_date=20250319T153643
[2025-03-19T15:36:43.199+0000] {local_task_job_runner.py:266} INFO - Task exited with return code 0
[2025-03-19T15:36:43.235+0000] {taskinstance.py:3901} INFO - 1 downstream tasks scheduled from follow-on schedule check
[2025-03-19T15:36:43.237+0000] {local_task_job_runner.py:245} INFO - ::endgroup::
