[2025-03-18T19:14:06.529+0000] {processor.py:186} INFO - Started process (PID=198) to work on /opt/airflow/dags/dag_pipeline.py
[2025-03-18T19:14:06.531+0000] {processor.py:914} INFO - Processing file /opt/airflow/dags/dag_pipeline.py for tasks to queue
[2025-03-18T19:14:06.538+0000] {logging_mixin.py:190} INFO - [2025-03-18T19:14:06.537+0000] {dagbag.py:588} INFO - Filling up the DagBag from /opt/airflow/dags/dag_pipeline.py
[2025-03-18T19:14:06.589+0000] {processor.py:925} INFO - DAG(s) 'pyspark_etl_pipeline' retrieved from /opt/airflow/dags/dag_pipeline.py
[2025-03-18T19:14:06.998+0000] {logging_mixin.py:190} INFO - [2025-03-18T19:14:06.997+0000] {override.py:1912} INFO - Created Permission View: can read on DAG:pyspark_etl_pipeline
[2025-03-18T19:14:07.010+0000] {logging_mixin.py:190} INFO - [2025-03-18T19:14:07.010+0000] {override.py:1912} INFO - Created Permission View: can edit on DAG:pyspark_etl_pipeline
[2025-03-18T19:14:07.021+0000] {logging_mixin.py:190} INFO - [2025-03-18T19:14:07.020+0000] {override.py:1912} INFO - Created Permission View: can delete on DAG:pyspark_etl_pipeline
[2025-03-18T19:14:07.031+0000] {logging_mixin.py:190} INFO - [2025-03-18T19:14:07.031+0000] {override.py:1912} INFO - Created Permission View: can read on DAG Run:pyspark_etl_pipeline
[2025-03-18T19:14:07.046+0000] {logging_mixin.py:190} INFO - [2025-03-18T19:14:07.045+0000] {override.py:1912} INFO - Created Permission View: can create on DAG Run:pyspark_etl_pipeline
[2025-03-18T19:14:07.060+0000] {logging_mixin.py:190} INFO - [2025-03-18T19:14:07.059+0000] {override.py:1912} INFO - Created Permission View: menu access on DAG Run:pyspark_etl_pipeline
[2025-03-18T19:14:07.071+0000] {logging_mixin.py:190} INFO - [2025-03-18T19:14:07.070+0000] {override.py:1912} INFO - Created Permission View: can delete on DAG Run:pyspark_etl_pipeline
[2025-03-18T19:14:07.071+0000] {logging_mixin.py:190} INFO - [2025-03-18T19:14:07.071+0000] {dag.py:3239} INFO - Sync 1 DAGs
[2025-03-18T19:14:07.092+0000] {logging_mixin.py:190} INFO - [2025-03-18T19:14:07.092+0000] {dag.py:3262} INFO - Creating ORM DAG for pyspark_etl_pipeline
[2025-03-18T19:14:07.093+0000] {logging_mixin.py:190} INFO - [2025-03-18T19:14:07.093+0000] {dag.py:4180} INFO - Setting next_dagrun for pyspark_etl_pipeline to None, run_after=None
[2025-03-18T19:14:07.116+0000] {processor.py:208} INFO - Processing /opt/airflow/dags/dag_pipeline.py took 0.608 seconds
[2025-03-18T19:14:37.196+0000] {processor.py:186} INFO - Started process (PID=501) to work on /opt/airflow/dags/dag_pipeline.py
[2025-03-18T19:14:37.198+0000] {processor.py:914} INFO - Processing file /opt/airflow/dags/dag_pipeline.py for tasks to queue
[2025-03-18T19:14:37.206+0000] {logging_mixin.py:190} INFO - [2025-03-18T19:14:37.205+0000] {dagbag.py:588} INFO - Filling up the DagBag from /opt/airflow/dags/dag_pipeline.py
[2025-03-18T19:14:37.231+0000] {processor.py:925} INFO - DAG(s) 'pyspark_etl_pipeline' retrieved from /opt/airflow/dags/dag_pipeline.py
[2025-03-18T19:14:37.281+0000] {logging_mixin.py:190} INFO - [2025-03-18T19:14:37.281+0000] {dag.py:3239} INFO - Sync 1 DAGs
[2025-03-18T19:14:37.310+0000] {logging_mixin.py:190} INFO - [2025-03-18T19:14:37.310+0000] {dag.py:4180} INFO - Setting next_dagrun for pyspark_etl_pipeline to None, run_after=None
[2025-03-18T19:14:37.339+0000] {processor.py:208} INFO - Processing /opt/airflow/dags/dag_pipeline.py took 0.161 seconds
[2025-03-18T19:15:07.632+0000] {processor.py:186} INFO - Started process (PID=815) to work on /opt/airflow/dags/dag_pipeline.py
[2025-03-18T19:15:07.634+0000] {processor.py:914} INFO - Processing file /opt/airflow/dags/dag_pipeline.py for tasks to queue
[2025-03-18T19:15:07.637+0000] {logging_mixin.py:190} INFO - [2025-03-18T19:15:07.637+0000] {dagbag.py:588} INFO - Filling up the DagBag from /opt/airflow/dags/dag_pipeline.py
[2025-03-18T19:15:07.651+0000] {processor.py:925} INFO - DAG(s) 'pyspark_etl_pipeline' retrieved from /opt/airflow/dags/dag_pipeline.py
[2025-03-18T19:15:07.678+0000] {logging_mixin.py:190} INFO - [2025-03-18T19:15:07.678+0000] {dag.py:3239} INFO - Sync 1 DAGs
[2025-03-18T19:15:07.699+0000] {logging_mixin.py:190} INFO - [2025-03-18T19:15:07.699+0000] {dag.py:4180} INFO - Setting next_dagrun for pyspark_etl_pipeline to None, run_after=None
[2025-03-18T19:15:07.721+0000] {processor.py:208} INFO - Processing /opt/airflow/dags/dag_pipeline.py took 0.098 seconds
[2025-03-18T19:15:38.435+0000] {processor.py:186} INFO - Started process (PID=1111) to work on /opt/airflow/dags/dag_pipeline.py
[2025-03-18T19:15:38.437+0000] {processor.py:914} INFO - Processing file /opt/airflow/dags/dag_pipeline.py for tasks to queue
[2025-03-18T19:15:38.440+0000] {logging_mixin.py:190} INFO - [2025-03-18T19:15:38.440+0000] {dagbag.py:588} INFO - Filling up the DagBag from /opt/airflow/dags/dag_pipeline.py
[2025-03-18T19:15:38.453+0000] {processor.py:925} INFO - DAG(s) 'pyspark_etl_pipeline' retrieved from /opt/airflow/dags/dag_pipeline.py
[2025-03-18T19:15:38.480+0000] {logging_mixin.py:190} INFO - [2025-03-18T19:15:38.479+0000] {dag.py:3239} INFO - Sync 1 DAGs
[2025-03-18T19:15:38.499+0000] {logging_mixin.py:190} INFO - [2025-03-18T19:15:38.499+0000] {dag.py:4180} INFO - Setting next_dagrun for pyspark_etl_pipeline to None, run_after=None
[2025-03-18T19:15:38.522+0000] {processor.py:208} INFO - Processing /opt/airflow/dags/dag_pipeline.py took 0.096 seconds
[2025-03-18T19:16:09.111+0000] {processor.py:186} INFO - Started process (PID=1407) to work on /opt/airflow/dags/dag_pipeline.py
[2025-03-18T19:16:09.112+0000] {processor.py:914} INFO - Processing file /opt/airflow/dags/dag_pipeline.py for tasks to queue
[2025-03-18T19:16:09.115+0000] {logging_mixin.py:190} INFO - [2025-03-18T19:16:09.114+0000] {dagbag.py:588} INFO - Filling up the DagBag from /opt/airflow/dags/dag_pipeline.py
[2025-03-18T19:16:09.127+0000] {processor.py:925} INFO - DAG(s) 'pyspark_etl_pipeline' retrieved from /opt/airflow/dags/dag_pipeline.py
[2025-03-18T19:16:09.154+0000] {logging_mixin.py:190} INFO - [2025-03-18T19:16:09.154+0000] {dag.py:3239} INFO - Sync 1 DAGs
[2025-03-18T19:16:09.173+0000] {logging_mixin.py:190} INFO - [2025-03-18T19:16:09.173+0000] {dag.py:4180} INFO - Setting next_dagrun for pyspark_etl_pipeline to None, run_after=None
[2025-03-18T19:16:09.194+0000] {processor.py:208} INFO - Processing /opt/airflow/dags/dag_pipeline.py took 0.093 seconds
[2025-03-18T19:16:39.614+0000] {processor.py:186} INFO - Started process (PID=1703) to work on /opt/airflow/dags/dag_pipeline.py
[2025-03-18T19:16:39.615+0000] {processor.py:914} INFO - Processing file /opt/airflow/dags/dag_pipeline.py for tasks to queue
[2025-03-18T19:16:39.618+0000] {logging_mixin.py:190} INFO - [2025-03-18T19:16:39.618+0000] {dagbag.py:588} INFO - Filling up the DagBag from /opt/airflow/dags/dag_pipeline.py
[2025-03-18T19:16:39.633+0000] {processor.py:925} INFO - DAG(s) 'pyspark_etl_pipeline' retrieved from /opt/airflow/dags/dag_pipeline.py
[2025-03-18T19:16:39.660+0000] {logging_mixin.py:190} INFO - [2025-03-18T19:16:39.659+0000] {dag.py:3239} INFO - Sync 1 DAGs
[2025-03-18T19:16:39.681+0000] {logging_mixin.py:190} INFO - [2025-03-18T19:16:39.680+0000] {dag.py:4180} INFO - Setting next_dagrun for pyspark_etl_pipeline to None, run_after=None
[2025-03-18T19:16:39.704+0000] {processor.py:208} INFO - Processing /opt/airflow/dags/dag_pipeline.py took 0.099 seconds
[2025-03-18T19:17:10.702+0000] {processor.py:186} INFO - Started process (PID=1999) to work on /opt/airflow/dags/dag_pipeline.py
[2025-03-18T19:17:10.703+0000] {processor.py:914} INFO - Processing file /opt/airflow/dags/dag_pipeline.py for tasks to queue
[2025-03-18T19:17:10.706+0000] {logging_mixin.py:190} INFO - [2025-03-18T19:17:10.706+0000] {dagbag.py:588} INFO - Filling up the DagBag from /opt/airflow/dags/dag_pipeline.py
[2025-03-18T19:17:10.721+0000] {processor.py:925} INFO - DAG(s) 'pyspark_etl_pipeline' retrieved from /opt/airflow/dags/dag_pipeline.py
[2025-03-18T19:17:10.750+0000] {logging_mixin.py:190} INFO - [2025-03-18T19:17:10.749+0000] {dag.py:3239} INFO - Sync 1 DAGs
[2025-03-18T19:17:10.769+0000] {logging_mixin.py:190} INFO - [2025-03-18T19:17:10.769+0000] {dag.py:4180} INFO - Setting next_dagrun for pyspark_etl_pipeline to None, run_after=None
[2025-03-18T19:17:10.796+0000] {processor.py:208} INFO - Processing /opt/airflow/dags/dag_pipeline.py took 0.101 seconds
[2025-03-18T19:17:41.504+0000] {processor.py:186} INFO - Started process (PID=2301) to work on /opt/airflow/dags/dag_pipeline.py
[2025-03-18T19:17:41.505+0000] {processor.py:914} INFO - Processing file /opt/airflow/dags/dag_pipeline.py for tasks to queue
[2025-03-18T19:17:41.508+0000] {logging_mixin.py:190} INFO - [2025-03-18T19:17:41.507+0000] {dagbag.py:588} INFO - Filling up the DagBag from /opt/airflow/dags/dag_pipeline.py
[2025-03-18T19:17:41.521+0000] {processor.py:925} INFO - DAG(s) 'pyspark_etl_pipeline' retrieved from /opt/airflow/dags/dag_pipeline.py
[2025-03-18T19:17:41.550+0000] {logging_mixin.py:190} INFO - [2025-03-18T19:17:41.549+0000] {dag.py:3239} INFO - Sync 1 DAGs
[2025-03-18T19:17:41.569+0000] {logging_mixin.py:190} INFO - [2025-03-18T19:17:41.568+0000] {dag.py:4180} INFO - Setting next_dagrun for pyspark_etl_pipeline to None, run_after=None
[2025-03-18T19:17:41.592+0000] {processor.py:208} INFO - Processing /opt/airflow/dags/dag_pipeline.py took 0.096 seconds
[2025-03-18T19:18:11.641+0000] {processor.py:186} INFO - Started process (PID=2597) to work on /opt/airflow/dags/dag_pipeline.py
[2025-03-18T19:18:11.642+0000] {processor.py:914} INFO - Processing file /opt/airflow/dags/dag_pipeline.py for tasks to queue
[2025-03-18T19:18:11.645+0000] {logging_mixin.py:190} INFO - [2025-03-18T19:18:11.645+0000] {dagbag.py:588} INFO - Filling up the DagBag from /opt/airflow/dags/dag_pipeline.py
[2025-03-18T19:18:11.657+0000] {processor.py:925} INFO - DAG(s) 'pyspark_etl_pipeline' retrieved from /opt/airflow/dags/dag_pipeline.py
[2025-03-18T19:18:11.688+0000] {logging_mixin.py:190} INFO - [2025-03-18T19:18:11.687+0000] {dag.py:3239} INFO - Sync 1 DAGs
[2025-03-18T19:18:11.708+0000] {logging_mixin.py:190} INFO - [2025-03-18T19:18:11.708+0000] {dag.py:4180} INFO - Setting next_dagrun for pyspark_etl_pipeline to None, run_after=None
[2025-03-18T19:18:11.733+0000] {processor.py:208} INFO - Processing /opt/airflow/dags/dag_pipeline.py took 0.099 seconds
[2025-03-18T19:18:42.362+0000] {processor.py:186} INFO - Started process (PID=2893) to work on /opt/airflow/dags/dag_pipeline.py
[2025-03-18T19:18:42.363+0000] {processor.py:914} INFO - Processing file /opt/airflow/dags/dag_pipeline.py for tasks to queue
[2025-03-18T19:18:42.367+0000] {logging_mixin.py:190} INFO - [2025-03-18T19:18:42.367+0000] {dagbag.py:588} INFO - Filling up the DagBag from /opt/airflow/dags/dag_pipeline.py
[2025-03-18T19:18:42.381+0000] {processor.py:925} INFO - DAG(s) 'pyspark_etl_pipeline' retrieved from /opt/airflow/dags/dag_pipeline.py
[2025-03-18T19:18:42.408+0000] {logging_mixin.py:190} INFO - [2025-03-18T19:18:42.407+0000] {dag.py:3239} INFO - Sync 1 DAGs
[2025-03-18T19:18:42.427+0000] {logging_mixin.py:190} INFO - [2025-03-18T19:18:42.427+0000] {dag.py:4180} INFO - Setting next_dagrun for pyspark_etl_pipeline to None, run_after=None
[2025-03-18T19:18:42.450+0000] {processor.py:208} INFO - Processing /opt/airflow/dags/dag_pipeline.py took 0.096 seconds
[2025-03-18T19:19:13.357+0000] {processor.py:186} INFO - Started process (PID=3193) to work on /opt/airflow/dags/dag_pipeline.py
[2025-03-18T19:19:13.358+0000] {processor.py:914} INFO - Processing file /opt/airflow/dags/dag_pipeline.py for tasks to queue
[2025-03-18T19:19:13.361+0000] {logging_mixin.py:190} INFO - [2025-03-18T19:19:13.361+0000] {dagbag.py:588} INFO - Filling up the DagBag from /opt/airflow/dags/dag_pipeline.py
[2025-03-18T19:19:13.379+0000] {processor.py:925} INFO - DAG(s) 'pyspark_etl_pipeline' retrieved from /opt/airflow/dags/dag_pipeline.py
[2025-03-18T19:19:13.405+0000] {logging_mixin.py:190} INFO - [2025-03-18T19:19:13.405+0000] {dag.py:3239} INFO - Sync 1 DAGs
[2025-03-18T19:19:13.425+0000] {logging_mixin.py:190} INFO - [2025-03-18T19:19:13.424+0000] {dag.py:4180} INFO - Setting next_dagrun for pyspark_etl_pipeline to None, run_after=None
[2025-03-18T19:19:13.448+0000] {processor.py:208} INFO - Processing /opt/airflow/dags/dag_pipeline.py took 0.099 seconds
[2025-03-18T19:19:43.683+0000] {processor.py:186} INFO - Started process (PID=3489) to work on /opt/airflow/dags/dag_pipeline.py
[2025-03-18T19:19:43.685+0000] {processor.py:914} INFO - Processing file /opt/airflow/dags/dag_pipeline.py for tasks to queue
[2025-03-18T19:19:43.688+0000] {logging_mixin.py:190} INFO - [2025-03-18T19:19:43.687+0000] {dagbag.py:588} INFO - Filling up the DagBag from /opt/airflow/dags/dag_pipeline.py
[2025-03-18T19:19:43.703+0000] {processor.py:925} INFO - DAG(s) 'pyspark_etl_pipeline' retrieved from /opt/airflow/dags/dag_pipeline.py
[2025-03-18T19:19:43.733+0000] {logging_mixin.py:190} INFO - [2025-03-18T19:19:43.732+0000] {dag.py:3239} INFO - Sync 1 DAGs
[2025-03-18T19:19:43.754+0000] {logging_mixin.py:190} INFO - [2025-03-18T19:19:43.754+0000] {dag.py:4180} INFO - Setting next_dagrun for pyspark_etl_pipeline to None, run_after=None
[2025-03-18T19:19:43.780+0000] {processor.py:208} INFO - Processing /opt/airflow/dags/dag_pipeline.py took 0.106 seconds
[2025-03-18T19:20:13.982+0000] {processor.py:186} INFO - Started process (PID=3785) to work on /opt/airflow/dags/dag_pipeline.py
[2025-03-18T19:20:13.983+0000] {processor.py:914} INFO - Processing file /opt/airflow/dags/dag_pipeline.py for tasks to queue
[2025-03-18T19:20:13.986+0000] {logging_mixin.py:190} INFO - [2025-03-18T19:20:13.986+0000] {dagbag.py:588} INFO - Filling up the DagBag from /opt/airflow/dags/dag_pipeline.py
[2025-03-18T19:20:14.008+0000] {processor.py:925} INFO - DAG(s) 'pyspark_etl_pipeline' retrieved from /opt/airflow/dags/dag_pipeline.py
[2025-03-18T19:20:14.042+0000] {logging_mixin.py:190} INFO - [2025-03-18T19:20:14.041+0000] {dag.py:3239} INFO - Sync 1 DAGs
[2025-03-18T19:20:14.071+0000] {logging_mixin.py:190} INFO - [2025-03-18T19:20:14.071+0000] {dag.py:4180} INFO - Setting next_dagrun for pyspark_etl_pipeline to None, run_after=None
[2025-03-18T19:20:14.113+0000] {processor.py:208} INFO - Processing /opt/airflow/dags/dag_pipeline.py took 0.148 seconds
[2025-03-18T19:20:45.092+0000] {processor.py:186} INFO - Started process (PID=4081) to work on /opt/airflow/dags/dag_pipeline.py
[2025-03-18T19:20:45.094+0000] {processor.py:914} INFO - Processing file /opt/airflow/dags/dag_pipeline.py for tasks to queue
[2025-03-18T19:20:45.097+0000] {logging_mixin.py:190} INFO - [2025-03-18T19:20:45.096+0000] {dagbag.py:588} INFO - Filling up the DagBag from /opt/airflow/dags/dag_pipeline.py
[2025-03-18T19:20:45.111+0000] {processor.py:925} INFO - DAG(s) 'pyspark_etl_pipeline' retrieved from /opt/airflow/dags/dag_pipeline.py
[2025-03-18T19:20:45.137+0000] {logging_mixin.py:190} INFO - [2025-03-18T19:20:45.137+0000] {dag.py:3239} INFO - Sync 1 DAGs
[2025-03-18T19:20:45.157+0000] {logging_mixin.py:190} INFO - [2025-03-18T19:20:45.157+0000] {dag.py:4180} INFO - Setting next_dagrun for pyspark_etl_pipeline to None, run_after=None
[2025-03-18T19:20:45.178+0000] {processor.py:208} INFO - Processing /opt/airflow/dags/dag_pipeline.py took 0.093 seconds
[2025-03-18T19:21:15.217+0000] {processor.py:186} INFO - Started process (PID=4377) to work on /opt/airflow/dags/dag_pipeline.py
[2025-03-18T19:21:15.218+0000] {processor.py:914} INFO - Processing file /opt/airflow/dags/dag_pipeline.py for tasks to queue
[2025-03-18T19:21:15.221+0000] {logging_mixin.py:190} INFO - [2025-03-18T19:21:15.221+0000] {dagbag.py:588} INFO - Filling up the DagBag from /opt/airflow/dags/dag_pipeline.py
[2025-03-18T19:21:15.232+0000] {processor.py:925} INFO - DAG(s) 'pyspark_etl_pipeline' retrieved from /opt/airflow/dags/dag_pipeline.py
[2025-03-18T19:21:15.255+0000] {logging_mixin.py:190} INFO - [2025-03-18T19:21:15.255+0000] {dag.py:3239} INFO - Sync 1 DAGs
[2025-03-18T19:21:15.273+0000] {logging_mixin.py:190} INFO - [2025-03-18T19:21:15.273+0000] {dag.py:4180} INFO - Setting next_dagrun for pyspark_etl_pipeline to None, run_after=None
[2025-03-18T19:21:15.294+0000] {processor.py:208} INFO - Processing /opt/airflow/dags/dag_pipeline.py took 0.084 seconds
[2025-03-18T19:21:46.129+0000] {processor.py:186} INFO - Started process (PID=4673) to work on /opt/airflow/dags/dag_pipeline.py
[2025-03-18T19:21:46.131+0000] {processor.py:914} INFO - Processing file /opt/airflow/dags/dag_pipeline.py for tasks to queue
[2025-03-18T19:21:46.134+0000] {logging_mixin.py:190} INFO - [2025-03-18T19:21:46.134+0000] {dagbag.py:588} INFO - Filling up the DagBag from /opt/airflow/dags/dag_pipeline.py
[2025-03-18T19:21:46.151+0000] {processor.py:925} INFO - DAG(s) 'pyspark_etl_pipeline' retrieved from /opt/airflow/dags/dag_pipeline.py
[2025-03-18T19:21:46.177+0000] {logging_mixin.py:190} INFO - [2025-03-18T19:21:46.176+0000] {dag.py:3239} INFO - Sync 1 DAGs
[2025-03-18T19:21:46.198+0000] {logging_mixin.py:190} INFO - [2025-03-18T19:21:46.198+0000] {dag.py:4180} INFO - Setting next_dagrun for pyspark_etl_pipeline to None, run_after=None
[2025-03-18T19:21:46.221+0000] {processor.py:208} INFO - Processing /opt/airflow/dags/dag_pipeline.py took 0.100 seconds
[2025-03-18T19:22:16.386+0000] {processor.py:186} INFO - Started process (PID=4969) to work on /opt/airflow/dags/dag_pipeline.py
[2025-03-18T19:22:16.387+0000] {processor.py:914} INFO - Processing file /opt/airflow/dags/dag_pipeline.py for tasks to queue
[2025-03-18T19:22:16.391+0000] {logging_mixin.py:190} INFO - [2025-03-18T19:22:16.390+0000] {dagbag.py:588} INFO - Filling up the DagBag from /opt/airflow/dags/dag_pipeline.py
[2025-03-18T19:22:16.406+0000] {processor.py:925} INFO - DAG(s) 'pyspark_etl_pipeline' retrieved from /opt/airflow/dags/dag_pipeline.py
[2025-03-18T19:22:16.436+0000] {logging_mixin.py:190} INFO - [2025-03-18T19:22:16.436+0000] {dag.py:3239} INFO - Sync 1 DAGs
[2025-03-18T19:22:16.456+0000] {logging_mixin.py:190} INFO - [2025-03-18T19:22:16.456+0000] {dag.py:4180} INFO - Setting next_dagrun for pyspark_etl_pipeline to None, run_after=None
[2025-03-18T19:22:16.479+0000] {processor.py:208} INFO - Processing /opt/airflow/dags/dag_pipeline.py took 0.101 seconds
[2025-03-18T19:22:46.722+0000] {processor.py:186} INFO - Started process (PID=5265) to work on /opt/airflow/dags/dag_pipeline.py
[2025-03-18T19:22:46.723+0000] {processor.py:914} INFO - Processing file /opt/airflow/dags/dag_pipeline.py for tasks to queue
[2025-03-18T19:22:46.726+0000] {logging_mixin.py:190} INFO - [2025-03-18T19:22:46.726+0000] {dagbag.py:588} INFO - Filling up the DagBag from /opt/airflow/dags/dag_pipeline.py
[2025-03-18T19:22:46.741+0000] {processor.py:925} INFO - DAG(s) 'pyspark_etl_pipeline' retrieved from /opt/airflow/dags/dag_pipeline.py
[2025-03-18T19:22:46.791+0000] {logging_mixin.py:190} INFO - [2025-03-18T19:22:46.791+0000] {dag.py:3239} INFO - Sync 1 DAGs
[2025-03-18T19:22:46.807+0000] {logging_mixin.py:190} INFO - [2025-03-18T19:22:46.807+0000] {dag.py:4180} INFO - Setting next_dagrun for pyspark_etl_pipeline to None, run_after=None
[2025-03-18T19:22:46.825+0000] {processor.py:208} INFO - Processing /opt/airflow/dags/dag_pipeline.py took 0.110 seconds
[2025-03-18T19:23:17.490+0000] {processor.py:186} INFO - Started process (PID=5561) to work on /opt/airflow/dags/dag_pipeline.py
[2025-03-18T19:23:17.491+0000] {processor.py:914} INFO - Processing file /opt/airflow/dags/dag_pipeline.py for tasks to queue
[2025-03-18T19:23:17.495+0000] {logging_mixin.py:190} INFO - [2025-03-18T19:23:17.494+0000] {dagbag.py:588} INFO - Filling up the DagBag from /opt/airflow/dags/dag_pipeline.py
[2025-03-18T19:23:17.508+0000] {processor.py:925} INFO - DAG(s) 'pyspark_etl_pipeline' retrieved from /opt/airflow/dags/dag_pipeline.py
[2025-03-18T19:23:17.535+0000] {logging_mixin.py:190} INFO - [2025-03-18T19:23:17.534+0000] {dag.py:3239} INFO - Sync 1 DAGs
[2025-03-18T19:23:17.554+0000] {logging_mixin.py:190} INFO - [2025-03-18T19:23:17.554+0000] {dag.py:4180} INFO - Setting next_dagrun for pyspark_etl_pipeline to None, run_after=None
[2025-03-18T19:23:17.576+0000] {processor.py:208} INFO - Processing /opt/airflow/dags/dag_pipeline.py took 0.094 seconds
[2025-03-18T19:23:48.382+0000] {processor.py:186} INFO - Started process (PID=5857) to work on /opt/airflow/dags/dag_pipeline.py
[2025-03-18T19:23:48.383+0000] {processor.py:914} INFO - Processing file /opt/airflow/dags/dag_pipeline.py for tasks to queue
[2025-03-18T19:23:48.386+0000] {logging_mixin.py:190} INFO - [2025-03-18T19:23:48.386+0000] {dagbag.py:588} INFO - Filling up the DagBag from /opt/airflow/dags/dag_pipeline.py
[2025-03-18T19:23:48.401+0000] {processor.py:925} INFO - DAG(s) 'pyspark_etl_pipeline' retrieved from /opt/airflow/dags/dag_pipeline.py
[2025-03-18T19:23:48.432+0000] {logging_mixin.py:190} INFO - [2025-03-18T19:23:48.431+0000] {dag.py:3239} INFO - Sync 1 DAGs
[2025-03-18T19:23:48.451+0000] {logging_mixin.py:190} INFO - [2025-03-18T19:23:48.451+0000] {dag.py:4180} INFO - Setting next_dagrun for pyspark_etl_pipeline to None, run_after=None
[2025-03-18T19:23:48.473+0000] {processor.py:208} INFO - Processing /opt/airflow/dags/dag_pipeline.py took 0.100 seconds
[2025-03-18T19:24:18.854+0000] {processor.py:186} INFO - Started process (PID=6157) to work on /opt/airflow/dags/dag_pipeline.py
[2025-03-18T19:24:18.856+0000] {processor.py:914} INFO - Processing file /opt/airflow/dags/dag_pipeline.py for tasks to queue
[2025-03-18T19:24:18.862+0000] {logging_mixin.py:190} INFO - [2025-03-18T19:24:18.861+0000] {dagbag.py:588} INFO - Filling up the DagBag from /opt/airflow/dags/dag_pipeline.py
[2025-03-18T19:24:18.883+0000] {processor.py:925} INFO - DAG(s) 'pyspark_etl_pipeline' retrieved from /opt/airflow/dags/dag_pipeline.py
[2025-03-18T19:24:18.929+0000] {logging_mixin.py:190} INFO - [2025-03-18T19:24:18.929+0000] {dag.py:3239} INFO - Sync 1 DAGs
[2025-03-18T19:24:18.959+0000] {logging_mixin.py:190} INFO - [2025-03-18T19:24:18.959+0000] {dag.py:4180} INFO - Setting next_dagrun for pyspark_etl_pipeline to None, run_after=None
[2025-03-18T19:24:18.986+0000] {processor.py:208} INFO - Processing /opt/airflow/dags/dag_pipeline.py took 0.142 seconds
[2025-03-18T19:24:49.421+0000] {processor.py:186} INFO - Started process (PID=6453) to work on /opt/airflow/dags/dag_pipeline.py
[2025-03-18T19:24:49.422+0000] {processor.py:914} INFO - Processing file /opt/airflow/dags/dag_pipeline.py for tasks to queue
[2025-03-18T19:24:49.425+0000] {logging_mixin.py:190} INFO - [2025-03-18T19:24:49.425+0000] {dagbag.py:588} INFO - Filling up the DagBag from /opt/airflow/dags/dag_pipeline.py
[2025-03-18T19:24:49.438+0000] {processor.py:925} INFO - DAG(s) 'pyspark_etl_pipeline' retrieved from /opt/airflow/dags/dag_pipeline.py
[2025-03-18T19:24:49.466+0000] {logging_mixin.py:190} INFO - [2025-03-18T19:24:49.466+0000] {dag.py:3239} INFO - Sync 1 DAGs
[2025-03-18T19:24:49.484+0000] {logging_mixin.py:190} INFO - [2025-03-18T19:24:49.484+0000] {dag.py:4180} INFO - Setting next_dagrun for pyspark_etl_pipeline to None, run_after=None
[2025-03-18T19:24:49.510+0000] {processor.py:208} INFO - Processing /opt/airflow/dags/dag_pipeline.py took 0.097 seconds
[2025-03-18T19:25:20.467+0000] {processor.py:186} INFO - Started process (PID=6749) to work on /opt/airflow/dags/dag_pipeline.py
[2025-03-18T19:25:20.468+0000] {processor.py:914} INFO - Processing file /opt/airflow/dags/dag_pipeline.py for tasks to queue
[2025-03-18T19:25:20.471+0000] {logging_mixin.py:190} INFO - [2025-03-18T19:25:20.471+0000] {dagbag.py:588} INFO - Filling up the DagBag from /opt/airflow/dags/dag_pipeline.py
[2025-03-18T19:25:20.486+0000] {processor.py:925} INFO - DAG(s) 'pyspark_etl_pipeline' retrieved from /opt/airflow/dags/dag_pipeline.py
[2025-03-18T19:25:20.516+0000] {logging_mixin.py:190} INFO - [2025-03-18T19:25:20.515+0000] {dag.py:3239} INFO - Sync 1 DAGs
[2025-03-18T19:25:20.536+0000] {logging_mixin.py:190} INFO - [2025-03-18T19:25:20.536+0000] {dag.py:4180} INFO - Setting next_dagrun for pyspark_etl_pipeline to None, run_after=None
[2025-03-18T19:25:20.561+0000] {processor.py:208} INFO - Processing /opt/airflow/dags/dag_pipeline.py took 0.103 seconds
[2025-03-18T19:25:50.614+0000] {processor.py:186} INFO - Started process (PID=7045) to work on /opt/airflow/dags/dag_pipeline.py
[2025-03-18T19:25:50.615+0000] {processor.py:914} INFO - Processing file /opt/airflow/dags/dag_pipeline.py for tasks to queue
[2025-03-18T19:25:50.619+0000] {logging_mixin.py:190} INFO - [2025-03-18T19:25:50.618+0000] {dagbag.py:588} INFO - Filling up the DagBag from /opt/airflow/dags/dag_pipeline.py
[2025-03-18T19:25:50.633+0000] {processor.py:925} INFO - DAG(s) 'pyspark_etl_pipeline' retrieved from /opt/airflow/dags/dag_pipeline.py
[2025-03-18T19:25:50.660+0000] {logging_mixin.py:190} INFO - [2025-03-18T19:25:50.660+0000] {dag.py:3239} INFO - Sync 1 DAGs
[2025-03-18T19:25:50.683+0000] {logging_mixin.py:190} INFO - [2025-03-18T19:25:50.682+0000] {dag.py:4180} INFO - Setting next_dagrun for pyspark_etl_pipeline to None, run_after=None
[2025-03-18T19:25:50.707+0000] {processor.py:208} INFO - Processing /opt/airflow/dags/dag_pipeline.py took 0.103 seconds
[2025-03-18T19:26:21.597+0000] {processor.py:186} INFO - Started process (PID=7341) to work on /opt/airflow/dags/dag_pipeline.py
[2025-03-18T19:26:21.598+0000] {processor.py:914} INFO - Processing file /opt/airflow/dags/dag_pipeline.py for tasks to queue
[2025-03-18T19:26:21.601+0000] {logging_mixin.py:190} INFO - [2025-03-18T19:26:21.601+0000] {dagbag.py:588} INFO - Filling up the DagBag from /opt/airflow/dags/dag_pipeline.py
[2025-03-18T19:26:21.614+0000] {processor.py:925} INFO - DAG(s) 'pyspark_etl_pipeline' retrieved from /opt/airflow/dags/dag_pipeline.py
[2025-03-18T19:26:21.639+0000] {logging_mixin.py:190} INFO - [2025-03-18T19:26:21.639+0000] {dag.py:3239} INFO - Sync 1 DAGs
[2025-03-18T19:26:21.660+0000] {logging_mixin.py:190} INFO - [2025-03-18T19:26:21.659+0000] {dag.py:4180} INFO - Setting next_dagrun for pyspark_etl_pipeline to None, run_after=None
[2025-03-18T19:26:21.683+0000] {processor.py:208} INFO - Processing /opt/airflow/dags/dag_pipeline.py took 0.094 seconds
[2025-03-18T19:26:51.751+0000] {processor.py:186} INFO - Started process (PID=7637) to work on /opt/airflow/dags/dag_pipeline.py
[2025-03-18T19:26:51.752+0000] {processor.py:914} INFO - Processing file /opt/airflow/dags/dag_pipeline.py for tasks to queue
[2025-03-18T19:26:51.755+0000] {logging_mixin.py:190} INFO - [2025-03-18T19:26:51.755+0000] {dagbag.py:588} INFO - Filling up the DagBag from /opt/airflow/dags/dag_pipeline.py
[2025-03-18T19:26:51.770+0000] {processor.py:925} INFO - DAG(s) 'pyspark_etl_pipeline' retrieved from /opt/airflow/dags/dag_pipeline.py
[2025-03-18T19:26:51.795+0000] {logging_mixin.py:190} INFO - [2025-03-18T19:26:51.795+0000] {dag.py:3239} INFO - Sync 1 DAGs
[2025-03-18T19:26:51.814+0000] {logging_mixin.py:190} INFO - [2025-03-18T19:26:51.813+0000] {dag.py:4180} INFO - Setting next_dagrun for pyspark_etl_pipeline to None, run_after=None
[2025-03-18T19:26:51.835+0000] {processor.py:208} INFO - Processing /opt/airflow/dags/dag_pipeline.py took 0.092 seconds
[2025-03-18T19:27:22.056+0000] {processor.py:186} INFO - Started process (PID=7933) to work on /opt/airflow/dags/dag_pipeline.py
[2025-03-18T19:27:22.057+0000] {processor.py:914} INFO - Processing file /opt/airflow/dags/dag_pipeline.py for tasks to queue
[2025-03-18T19:27:22.061+0000] {logging_mixin.py:190} INFO - [2025-03-18T19:27:22.060+0000] {dagbag.py:588} INFO - Filling up the DagBag from /opt/airflow/dags/dag_pipeline.py
[2025-03-18T19:27:22.075+0000] {processor.py:925} INFO - DAG(s) 'pyspark_etl_pipeline' retrieved from /opt/airflow/dags/dag_pipeline.py
[2025-03-18T19:27:22.101+0000] {logging_mixin.py:190} INFO - [2025-03-18T19:27:22.100+0000] {dag.py:3239} INFO - Sync 1 DAGs
[2025-03-18T19:27:22.119+0000] {logging_mixin.py:190} INFO - [2025-03-18T19:27:22.118+0000] {dag.py:4180} INFO - Setting next_dagrun for pyspark_etl_pipeline to None, run_after=None
[2025-03-18T19:27:22.138+0000] {processor.py:208} INFO - Processing /opt/airflow/dags/dag_pipeline.py took 0.090 seconds
[2025-03-18T19:27:52.731+0000] {processor.py:186} INFO - Started process (PID=8229) to work on /opt/airflow/dags/dag_pipeline.py
[2025-03-18T19:27:52.732+0000] {processor.py:914} INFO - Processing file /opt/airflow/dags/dag_pipeline.py for tasks to queue
[2025-03-18T19:27:52.735+0000] {logging_mixin.py:190} INFO - [2025-03-18T19:27:52.735+0000] {dagbag.py:588} INFO - Filling up the DagBag from /opt/airflow/dags/dag_pipeline.py
[2025-03-18T19:27:52.748+0000] {processor.py:925} INFO - DAG(s) 'pyspark_etl_pipeline' retrieved from /opt/airflow/dags/dag_pipeline.py
[2025-03-18T19:27:52.775+0000] {logging_mixin.py:190} INFO - [2025-03-18T19:27:52.774+0000] {dag.py:3239} INFO - Sync 1 DAGs
[2025-03-18T19:27:52.796+0000] {logging_mixin.py:190} INFO - [2025-03-18T19:27:52.796+0000] {dag.py:4180} INFO - Setting next_dagrun for pyspark_etl_pipeline to None, run_after=None
[2025-03-18T19:27:52.822+0000] {processor.py:208} INFO - Processing /opt/airflow/dags/dag_pipeline.py took 0.099 seconds
[2025-03-18T19:28:23.097+0000] {processor.py:186} INFO - Started process (PID=8491) to work on /opt/airflow/dags/dag_pipeline.py
[2025-03-18T19:28:23.099+0000] {processor.py:914} INFO - Processing file /opt/airflow/dags/dag_pipeline.py for tasks to queue
[2025-03-18T19:28:23.103+0000] {logging_mixin.py:190} INFO - [2025-03-18T19:28:23.102+0000] {dagbag.py:588} INFO - Filling up the DagBag from /opt/airflow/dags/dag_pipeline.py
[2025-03-18T19:28:23.115+0000] {processor.py:925} INFO - DAG(s) 'pyspark_etl_pipeline' retrieved from /opt/airflow/dags/dag_pipeline.py
[2025-03-18T19:28:23.141+0000] {logging_mixin.py:190} INFO - [2025-03-18T19:28:23.140+0000] {dag.py:3239} INFO - Sync 1 DAGs
[2025-03-18T19:28:23.165+0000] {logging_mixin.py:190} INFO - [2025-03-18T19:28:23.164+0000] {dag.py:4180} INFO - Setting next_dagrun for pyspark_etl_pipeline to None, run_after=None
[2025-03-18T19:28:23.188+0000] {processor.py:208} INFO - Processing /opt/airflow/dags/dag_pipeline.py took 0.099 seconds
[2025-03-18T19:28:53.754+0000] {processor.py:186} INFO - Started process (PID=8789) to work on /opt/airflow/dags/dag_pipeline.py
[2025-03-18T19:28:53.755+0000] {processor.py:914} INFO - Processing file /opt/airflow/dags/dag_pipeline.py for tasks to queue
[2025-03-18T19:28:53.759+0000] {logging_mixin.py:190} INFO - [2025-03-18T19:28:53.758+0000] {dagbag.py:588} INFO - Filling up the DagBag from /opt/airflow/dags/dag_pipeline.py
[2025-03-18T19:28:53.771+0000] {processor.py:925} INFO - DAG(s) 'pyspark_etl_pipeline' retrieved from /opt/airflow/dags/dag_pipeline.py
[2025-03-18T19:28:53.796+0000] {logging_mixin.py:190} INFO - [2025-03-18T19:28:53.795+0000] {dag.py:3239} INFO - Sync 1 DAGs
[2025-03-18T19:28:53.814+0000] {logging_mixin.py:190} INFO - [2025-03-18T19:28:53.814+0000] {dag.py:4180} INFO - Setting next_dagrun for pyspark_etl_pipeline to None, run_after=None
[2025-03-18T19:28:53.836+0000] {processor.py:208} INFO - Processing /opt/airflow/dags/dag_pipeline.py took 0.091 seconds
[2025-03-18T19:29:23.897+0000] {processor.py:186} INFO - Started process (PID=9029) to work on /opt/airflow/dags/dag_pipeline.py
[2025-03-18T19:29:23.899+0000] {processor.py:914} INFO - Processing file /opt/airflow/dags/dag_pipeline.py for tasks to queue
[2025-03-18T19:29:23.902+0000] {logging_mixin.py:190} INFO - [2025-03-18T19:29:23.901+0000] {dagbag.py:588} INFO - Filling up the DagBag from /opt/airflow/dags/dag_pipeline.py
[2025-03-18T19:29:23.914+0000] {processor.py:925} INFO - DAG(s) 'pyspark_etl_pipeline' retrieved from /opt/airflow/dags/dag_pipeline.py
[2025-03-18T19:29:23.940+0000] {logging_mixin.py:190} INFO - [2025-03-18T19:29:23.940+0000] {dag.py:3239} INFO - Sync 1 DAGs
[2025-03-18T19:29:23.959+0000] {logging_mixin.py:190} INFO - [2025-03-18T19:29:23.959+0000] {dag.py:4180} INFO - Setting next_dagrun for pyspark_etl_pipeline to None, run_after=None
[2025-03-18T19:29:23.983+0000] {processor.py:208} INFO - Processing /opt/airflow/dags/dag_pipeline.py took 0.094 seconds
[2025-03-18T19:29:54.048+0000] {processor.py:186} INFO - Started process (PID=9312) to work on /opt/airflow/dags/dag_pipeline.py
[2025-03-18T19:29:54.049+0000] {processor.py:914} INFO - Processing file /opt/airflow/dags/dag_pipeline.py for tasks to queue
[2025-03-18T19:29:54.052+0000] {logging_mixin.py:190} INFO - [2025-03-18T19:29:54.052+0000] {dagbag.py:588} INFO - Filling up the DagBag from /opt/airflow/dags/dag_pipeline.py
[2025-03-18T19:29:54.066+0000] {processor.py:925} INFO - DAG(s) 'pyspark_etl_pipeline' retrieved from /opt/airflow/dags/dag_pipeline.py
[2025-03-18T19:29:54.093+0000] {logging_mixin.py:190} INFO - [2025-03-18T19:29:54.092+0000] {dag.py:3239} INFO - Sync 1 DAGs
[2025-03-18T19:29:54.111+0000] {logging_mixin.py:190} INFO - [2025-03-18T19:29:54.111+0000] {dag.py:4180} INFO - Setting next_dagrun for pyspark_etl_pipeline to None, run_after=None
[2025-03-18T19:29:54.133+0000] {processor.py:208} INFO - Processing /opt/airflow/dags/dag_pipeline.py took 0.093 seconds
[2025-03-18T19:30:24.841+0000] {processor.py:186} INFO - Started process (PID=9607) to work on /opt/airflow/dags/dag_pipeline.py
[2025-03-18T19:30:24.842+0000] {processor.py:914} INFO - Processing file /opt/airflow/dags/dag_pipeline.py for tasks to queue
[2025-03-18T19:30:24.848+0000] {logging_mixin.py:190} INFO - [2025-03-18T19:30:24.847+0000] {dagbag.py:588} INFO - Filling up the DagBag from /opt/airflow/dags/dag_pipeline.py
[2025-03-18T19:30:24.861+0000] {processor.py:925} INFO - DAG(s) 'pyspark_etl_pipeline' retrieved from /opt/airflow/dags/dag_pipeline.py
[2025-03-18T19:30:24.887+0000] {logging_mixin.py:190} INFO - [2025-03-18T19:30:24.886+0000] {dag.py:3239} INFO - Sync 1 DAGs
[2025-03-18T19:30:24.906+0000] {logging_mixin.py:190} INFO - [2025-03-18T19:30:24.906+0000] {dag.py:4180} INFO - Setting next_dagrun for pyspark_etl_pipeline to None, run_after=None
[2025-03-18T19:30:24.929+0000] {processor.py:208} INFO - Processing /opt/airflow/dags/dag_pipeline.py took 0.096 seconds
[2025-03-18T19:30:55.817+0000] {processor.py:186} INFO - Started process (PID=9906) to work on /opt/airflow/dags/dag_pipeline.py
[2025-03-18T19:30:55.819+0000] {processor.py:914} INFO - Processing file /opt/airflow/dags/dag_pipeline.py for tasks to queue
[2025-03-18T19:30:55.822+0000] {logging_mixin.py:190} INFO - [2025-03-18T19:30:55.822+0000] {dagbag.py:588} INFO - Filling up the DagBag from /opt/airflow/dags/dag_pipeline.py
[2025-03-18T19:30:55.835+0000] {processor.py:925} INFO - DAG(s) 'pyspark_etl_pipeline' retrieved from /opt/airflow/dags/dag_pipeline.py
[2025-03-18T19:30:55.864+0000] {logging_mixin.py:190} INFO - [2025-03-18T19:30:55.864+0000] {dag.py:3239} INFO - Sync 1 DAGs
[2025-03-18T19:30:55.885+0000] {logging_mixin.py:190} INFO - [2025-03-18T19:30:55.885+0000] {dag.py:4180} INFO - Setting next_dagrun for pyspark_etl_pipeline to None, run_after=None
[2025-03-18T19:30:55.910+0000] {processor.py:208} INFO - Processing /opt/airflow/dags/dag_pipeline.py took 0.102 seconds
[2025-03-18T19:31:26.461+0000] {processor.py:186} INFO - Started process (PID=10177) to work on /opt/airflow/dags/dag_pipeline.py
[2025-03-18T19:31:26.462+0000] {processor.py:914} INFO - Processing file /opt/airflow/dags/dag_pipeline.py for tasks to queue
[2025-03-18T19:31:26.465+0000] {logging_mixin.py:190} INFO - [2025-03-18T19:31:26.465+0000] {dagbag.py:588} INFO - Filling up the DagBag from /opt/airflow/dags/dag_pipeline.py
[2025-03-18T19:31:26.479+0000] {processor.py:925} INFO - DAG(s) 'pyspark_etl_pipeline' retrieved from /opt/airflow/dags/dag_pipeline.py
[2025-03-18T19:31:26.506+0000] {logging_mixin.py:190} INFO - [2025-03-18T19:31:26.505+0000] {dag.py:3239} INFO - Sync 1 DAGs
[2025-03-18T19:31:26.525+0000] {logging_mixin.py:190} INFO - [2025-03-18T19:31:26.524+0000] {dag.py:4180} INFO - Setting next_dagrun for pyspark_etl_pipeline to None, run_after=None
[2025-03-18T19:31:26.548+0000] {processor.py:208} INFO - Processing /opt/airflow/dags/dag_pipeline.py took 0.095 seconds
[2025-03-18T19:31:56.762+0000] {processor.py:186} INFO - Started process (PID=10466) to work on /opt/airflow/dags/dag_pipeline.py
[2025-03-18T19:31:56.764+0000] {processor.py:914} INFO - Processing file /opt/airflow/dags/dag_pipeline.py for tasks to queue
[2025-03-18T19:31:56.767+0000] {logging_mixin.py:190} INFO - [2025-03-18T19:31:56.766+0000] {dagbag.py:588} INFO - Filling up the DagBag from /opt/airflow/dags/dag_pipeline.py
[2025-03-18T19:31:56.779+0000] {processor.py:925} INFO - DAG(s) 'pyspark_etl_pipeline' retrieved from /opt/airflow/dags/dag_pipeline.py
[2025-03-18T19:31:56.806+0000] {logging_mixin.py:190} INFO - [2025-03-18T19:31:56.806+0000] {dag.py:3239} INFO - Sync 1 DAGs
[2025-03-18T19:31:56.826+0000] {logging_mixin.py:190} INFO - [2025-03-18T19:31:56.825+0000] {dag.py:4180} INFO - Setting next_dagrun for pyspark_etl_pipeline to None, run_after=None
[2025-03-18T19:31:56.848+0000] {processor.py:208} INFO - Processing /opt/airflow/dags/dag_pipeline.py took 0.093 seconds
[2025-03-18T19:32:27.303+0000] {processor.py:186} INFO - Started process (PID=10752) to work on /opt/airflow/dags/dag_pipeline.py
[2025-03-18T19:32:27.304+0000] {processor.py:914} INFO - Processing file /opt/airflow/dags/dag_pipeline.py for tasks to queue
[2025-03-18T19:32:27.307+0000] {logging_mixin.py:190} INFO - [2025-03-18T19:32:27.306+0000] {dagbag.py:588} INFO - Filling up the DagBag from /opt/airflow/dags/dag_pipeline.py
[2025-03-18T19:32:27.318+0000] {processor.py:925} INFO - DAG(s) 'pyspark_etl_pipeline' retrieved from /opt/airflow/dags/dag_pipeline.py
[2025-03-18T19:32:27.342+0000] {logging_mixin.py:190} INFO - [2025-03-18T19:32:27.342+0000] {dag.py:3239} INFO - Sync 1 DAGs
[2025-03-18T19:32:27.361+0000] {logging_mixin.py:190} INFO - [2025-03-18T19:32:27.361+0000] {dag.py:4180} INFO - Setting next_dagrun for pyspark_etl_pipeline to None, run_after=None
[2025-03-18T19:32:27.383+0000] {processor.py:208} INFO - Processing /opt/airflow/dags/dag_pipeline.py took 0.088 seconds
[2025-03-18T19:32:57.446+0000] {processor.py:186} INFO - Started process (PID=11045) to work on /opt/airflow/dags/dag_pipeline.py
[2025-03-18T19:32:57.448+0000] {processor.py:914} INFO - Processing file /opt/airflow/dags/dag_pipeline.py for tasks to queue
[2025-03-18T19:32:57.451+0000] {logging_mixin.py:190} INFO - [2025-03-18T19:32:57.450+0000] {dagbag.py:588} INFO - Filling up the DagBag from /opt/airflow/dags/dag_pipeline.py
[2025-03-18T19:32:57.463+0000] {processor.py:925} INFO - DAG(s) 'pyspark_etl_pipeline' retrieved from /opt/airflow/dags/dag_pipeline.py
[2025-03-18T19:32:57.488+0000] {logging_mixin.py:190} INFO - [2025-03-18T19:32:57.487+0000] {dag.py:3239} INFO - Sync 1 DAGs
[2025-03-18T19:32:57.505+0000] {logging_mixin.py:190} INFO - [2025-03-18T19:32:57.505+0000] {dag.py:4180} INFO - Setting next_dagrun for pyspark_etl_pipeline to None, run_after=None
[2025-03-18T19:32:57.526+0000] {processor.py:208} INFO - Processing /opt/airflow/dags/dag_pipeline.py took 0.087 seconds
[2025-03-18T19:33:27.573+0000] {processor.py:186} INFO - Started process (PID=11341) to work on /opt/airflow/dags/dag_pipeline.py
[2025-03-18T19:33:27.574+0000] {processor.py:914} INFO - Processing file /opt/airflow/dags/dag_pipeline.py for tasks to queue
[2025-03-18T19:33:27.578+0000] {logging_mixin.py:190} INFO - [2025-03-18T19:33:27.577+0000] {dagbag.py:588} INFO - Filling up the DagBag from /opt/airflow/dags/dag_pipeline.py
[2025-03-18T19:33:27.589+0000] {processor.py:925} INFO - DAG(s) 'pyspark_etl_pipeline' retrieved from /opt/airflow/dags/dag_pipeline.py
[2025-03-18T19:33:27.616+0000] {logging_mixin.py:190} INFO - [2025-03-18T19:33:27.616+0000] {dag.py:3239} INFO - Sync 1 DAGs
[2025-03-18T19:33:27.636+0000] {logging_mixin.py:190} INFO - [2025-03-18T19:33:27.636+0000] {dag.py:4180} INFO - Setting next_dagrun for pyspark_etl_pipeline to None, run_after=None
[2025-03-18T19:33:27.659+0000] {processor.py:208} INFO - Processing /opt/airflow/dags/dag_pipeline.py took 0.094 seconds
[2025-03-18T19:33:57.707+0000] {processor.py:186} INFO - Started process (PID=11617) to work on /opt/airflow/dags/dag_pipeline.py
[2025-03-18T19:33:57.708+0000] {processor.py:914} INFO - Processing file /opt/airflow/dags/dag_pipeline.py for tasks to queue
[2025-03-18T19:33:57.711+0000] {logging_mixin.py:190} INFO - [2025-03-18T19:33:57.711+0000] {dagbag.py:588} INFO - Filling up the DagBag from /opt/airflow/dags/dag_pipeline.py
[2025-03-18T19:33:57.729+0000] {processor.py:925} INFO - DAG(s) 'pyspark_etl_pipeline' retrieved from /opt/airflow/dags/dag_pipeline.py
[2025-03-18T19:33:57.756+0000] {logging_mixin.py:190} INFO - [2025-03-18T19:33:57.755+0000] {dag.py:3239} INFO - Sync 1 DAGs
[2025-03-18T19:33:57.774+0000] {logging_mixin.py:190} INFO - [2025-03-18T19:33:57.773+0000] {dag.py:4180} INFO - Setting next_dagrun for pyspark_etl_pipeline to None, run_after=None
[2025-03-18T19:33:57.794+0000] {processor.py:208} INFO - Processing /opt/airflow/dags/dag_pipeline.py took 0.094 seconds
[2025-03-18T19:34:28.247+0000] {processor.py:186} INFO - Started process (PID=11913) to work on /opt/airflow/dags/dag_pipeline.py
[2025-03-18T19:34:28.249+0000] {processor.py:914} INFO - Processing file /opt/airflow/dags/dag_pipeline.py for tasks to queue
[2025-03-18T19:34:28.252+0000] {logging_mixin.py:190} INFO - [2025-03-18T19:34:28.251+0000] {dagbag.py:588} INFO - Filling up the DagBag from /opt/airflow/dags/dag_pipeline.py
[2025-03-18T19:34:28.265+0000] {processor.py:925} INFO - DAG(s) 'pyspark_etl_pipeline' retrieved from /opt/airflow/dags/dag_pipeline.py
[2025-03-18T19:34:28.294+0000] {logging_mixin.py:190} INFO - [2025-03-18T19:34:28.294+0000] {dag.py:3239} INFO - Sync 1 DAGs
[2025-03-18T19:34:28.318+0000] {logging_mixin.py:190} INFO - [2025-03-18T19:34:28.318+0000] {dag.py:4180} INFO - Setting next_dagrun for pyspark_etl_pipeline to None, run_after=None
[2025-03-18T19:34:28.345+0000] {processor.py:208} INFO - Processing /opt/airflow/dags/dag_pipeline.py took 0.107 seconds
[2025-03-18T19:34:58.860+0000] {processor.py:186} INFO - Started process (PID=12199) to work on /opt/airflow/dags/dag_pipeline.py
[2025-03-18T19:34:58.861+0000] {processor.py:914} INFO - Processing file /opt/airflow/dags/dag_pipeline.py for tasks to queue
[2025-03-18T19:34:58.864+0000] {logging_mixin.py:190} INFO - [2025-03-18T19:34:58.864+0000] {dagbag.py:588} INFO - Filling up the DagBag from /opt/airflow/dags/dag_pipeline.py
[2025-03-18T19:34:58.884+0000] {processor.py:925} INFO - DAG(s) 'pyspark_etl_pipeline' retrieved from /opt/airflow/dags/dag_pipeline.py
[2025-03-18T19:34:58.910+0000] {logging_mixin.py:190} INFO - [2025-03-18T19:34:58.909+0000] {dag.py:3239} INFO - Sync 1 DAGs
[2025-03-18T19:34:58.929+0000] {logging_mixin.py:190} INFO - [2025-03-18T19:34:58.928+0000] {dag.py:4180} INFO - Setting next_dagrun for pyspark_etl_pipeline to None, run_after=None
[2025-03-18T19:34:58.952+0000] {processor.py:208} INFO - Processing /opt/airflow/dags/dag_pipeline.py took 0.101 seconds
[2025-03-18T19:35:29.133+0000] {processor.py:186} INFO - Started process (PID=12495) to work on /opt/airflow/dags/dag_pipeline.py
[2025-03-18T19:35:29.134+0000] {processor.py:914} INFO - Processing file /opt/airflow/dags/dag_pipeline.py for tasks to queue
[2025-03-18T19:35:29.137+0000] {logging_mixin.py:190} INFO - [2025-03-18T19:35:29.137+0000] {dagbag.py:588} INFO - Filling up the DagBag from /opt/airflow/dags/dag_pipeline.py
[2025-03-18T19:35:29.149+0000] {processor.py:925} INFO - DAG(s) 'pyspark_etl_pipeline' retrieved from /opt/airflow/dags/dag_pipeline.py
[2025-03-18T19:35:29.175+0000] {logging_mixin.py:190} INFO - [2025-03-18T19:35:29.174+0000] {dag.py:3239} INFO - Sync 1 DAGs
[2025-03-18T19:35:29.194+0000] {logging_mixin.py:190} INFO - [2025-03-18T19:35:29.193+0000] {dag.py:4180} INFO - Setting next_dagrun for pyspark_etl_pipeline to None, run_after=None
[2025-03-18T19:35:29.215+0000] {processor.py:208} INFO - Processing /opt/airflow/dags/dag_pipeline.py took 0.092 seconds
[2025-03-18T19:35:59.455+0000] {processor.py:186} INFO - Started process (PID=12791) to work on /opt/airflow/dags/dag_pipeline.py
[2025-03-18T19:35:59.456+0000] {processor.py:914} INFO - Processing file /opt/airflow/dags/dag_pipeline.py for tasks to queue
[2025-03-18T19:35:59.460+0000] {logging_mixin.py:190} INFO - [2025-03-18T19:35:59.459+0000] {dagbag.py:588} INFO - Filling up the DagBag from /opt/airflow/dags/dag_pipeline.py
[2025-03-18T19:35:59.472+0000] {processor.py:925} INFO - DAG(s) 'pyspark_etl_pipeline' retrieved from /opt/airflow/dags/dag_pipeline.py
[2025-03-18T19:35:59.498+0000] {logging_mixin.py:190} INFO - [2025-03-18T19:35:59.498+0000] {dag.py:3239} INFO - Sync 1 DAGs
[2025-03-18T19:35:59.518+0000] {logging_mixin.py:190} INFO - [2025-03-18T19:35:59.517+0000] {dag.py:4180} INFO - Setting next_dagrun for pyspark_etl_pipeline to None, run_after=None
[2025-03-18T19:35:59.541+0000] {processor.py:208} INFO - Processing /opt/airflow/dags/dag_pipeline.py took 0.094 seconds
[2025-03-18T19:36:29.853+0000] {processor.py:186} INFO - Started process (PID=13087) to work on /opt/airflow/dags/dag_pipeline.py
[2025-03-18T19:36:29.854+0000] {processor.py:914} INFO - Processing file /opt/airflow/dags/dag_pipeline.py for tasks to queue
[2025-03-18T19:36:29.857+0000] {logging_mixin.py:190} INFO - [2025-03-18T19:36:29.857+0000] {dagbag.py:588} INFO - Filling up the DagBag from /opt/airflow/dags/dag_pipeline.py
[2025-03-18T19:36:29.869+0000] {processor.py:925} INFO - DAG(s) 'pyspark_etl_pipeline' retrieved from /opt/airflow/dags/dag_pipeline.py
[2025-03-18T19:36:29.893+0000] {logging_mixin.py:190} INFO - [2025-03-18T19:36:29.893+0000] {dag.py:3239} INFO - Sync 1 DAGs
[2025-03-18T19:36:29.911+0000] {logging_mixin.py:190} INFO - [2025-03-18T19:36:29.911+0000] {dag.py:4180} INFO - Setting next_dagrun for pyspark_etl_pipeline to None, run_after=None
[2025-03-18T19:36:29.931+0000] {processor.py:208} INFO - Processing /opt/airflow/dags/dag_pipeline.py took 0.085 seconds
[2025-03-18T19:37:00.571+0000] {processor.py:186} INFO - Started process (PID=13383) to work on /opt/airflow/dags/dag_pipeline.py
[2025-03-18T19:37:00.572+0000] {processor.py:914} INFO - Processing file /opt/airflow/dags/dag_pipeline.py for tasks to queue
[2025-03-18T19:37:00.575+0000] {logging_mixin.py:190} INFO - [2025-03-18T19:37:00.575+0000] {dagbag.py:588} INFO - Filling up the DagBag from /opt/airflow/dags/dag_pipeline.py
[2025-03-18T19:37:00.587+0000] {processor.py:925} INFO - DAG(s) 'pyspark_etl_pipeline' retrieved from /opt/airflow/dags/dag_pipeline.py
[2025-03-18T19:37:00.614+0000] {logging_mixin.py:190} INFO - [2025-03-18T19:37:00.613+0000] {dag.py:3239} INFO - Sync 1 DAGs
[2025-03-18T19:37:00.633+0000] {logging_mixin.py:190} INFO - [2025-03-18T19:37:00.632+0000] {dag.py:4180} INFO - Setting next_dagrun for pyspark_etl_pipeline to None, run_after=None
[2025-03-18T19:37:00.655+0000] {processor.py:208} INFO - Processing /opt/airflow/dags/dag_pipeline.py took 0.091 seconds
[2025-03-18T19:37:31.144+0000] {processor.py:186} INFO - Started process (PID=13679) to work on /opt/airflow/dags/dag_pipeline.py
[2025-03-18T19:37:31.145+0000] {processor.py:914} INFO - Processing file /opt/airflow/dags/dag_pipeline.py for tasks to queue
[2025-03-18T19:37:31.148+0000] {logging_mixin.py:190} INFO - [2025-03-18T19:37:31.148+0000] {dagbag.py:588} INFO - Filling up the DagBag from /opt/airflow/dags/dag_pipeline.py
[2025-03-18T19:37:31.161+0000] {processor.py:925} INFO - DAG(s) 'pyspark_etl_pipeline' retrieved from /opt/airflow/dags/dag_pipeline.py
[2025-03-18T19:37:31.187+0000] {logging_mixin.py:190} INFO - [2025-03-18T19:37:31.187+0000] {dag.py:3239} INFO - Sync 1 DAGs
[2025-03-18T19:37:31.207+0000] {logging_mixin.py:190} INFO - [2025-03-18T19:37:31.206+0000] {dag.py:4180} INFO - Setting next_dagrun for pyspark_etl_pipeline to None, run_after=None
[2025-03-18T19:37:31.228+0000] {processor.py:208} INFO - Processing /opt/airflow/dags/dag_pipeline.py took 0.092 seconds
[2025-03-18T19:38:01.543+0000] {processor.py:186} INFO - Started process (PID=13975) to work on /opt/airflow/dags/dag_pipeline.py
[2025-03-18T19:38:01.545+0000] {processor.py:914} INFO - Processing file /opt/airflow/dags/dag_pipeline.py for tasks to queue
[2025-03-18T19:38:01.548+0000] {logging_mixin.py:190} INFO - [2025-03-18T19:38:01.547+0000] {dagbag.py:588} INFO - Filling up the DagBag from /opt/airflow/dags/dag_pipeline.py
[2025-03-18T19:38:01.561+0000] {processor.py:925} INFO - DAG(s) 'pyspark_etl_pipeline' retrieved from /opt/airflow/dags/dag_pipeline.py
[2025-03-18T19:38:01.591+0000] {logging_mixin.py:190} INFO - [2025-03-18T19:38:01.591+0000] {dag.py:3239} INFO - Sync 1 DAGs
[2025-03-18T19:38:01.611+0000] {logging_mixin.py:190} INFO - [2025-03-18T19:38:01.610+0000] {dag.py:4180} INFO - Setting next_dagrun for pyspark_etl_pipeline to None, run_after=None
[2025-03-18T19:38:01.633+0000] {processor.py:208} INFO - Processing /opt/airflow/dags/dag_pipeline.py took 0.098 seconds
[2025-03-18T19:38:31.955+0000] {processor.py:186} INFO - Started process (PID=14271) to work on /opt/airflow/dags/dag_pipeline.py
[2025-03-18T19:38:31.956+0000] {processor.py:914} INFO - Processing file /opt/airflow/dags/dag_pipeline.py for tasks to queue
[2025-03-18T19:38:31.960+0000] {logging_mixin.py:190} INFO - [2025-03-18T19:38:31.959+0000] {dagbag.py:588} INFO - Filling up the DagBag from /opt/airflow/dags/dag_pipeline.py
[2025-03-18T19:38:31.974+0000] {processor.py:925} INFO - DAG(s) 'pyspark_etl_pipeline' retrieved from /opt/airflow/dags/dag_pipeline.py
[2025-03-18T19:38:32.005+0000] {logging_mixin.py:190} INFO - [2025-03-18T19:38:32.005+0000] {dag.py:3239} INFO - Sync 1 DAGs
[2025-03-18T19:38:32.027+0000] {logging_mixin.py:190} INFO - [2025-03-18T19:38:32.027+0000] {dag.py:4180} INFO - Setting next_dagrun for pyspark_etl_pipeline to None, run_after=None
[2025-03-18T19:38:32.058+0000] {processor.py:208} INFO - Processing /opt/airflow/dags/dag_pipeline.py took 0.113 seconds
[2025-03-18T19:39:02.162+0000] {processor.py:186} INFO - Started process (PID=14567) to work on /opt/airflow/dags/dag_pipeline.py
[2025-03-18T19:39:02.164+0000] {processor.py:914} INFO - Processing file /opt/airflow/dags/dag_pipeline.py for tasks to queue
[2025-03-18T19:39:02.166+0000] {logging_mixin.py:190} INFO - [2025-03-18T19:39:02.166+0000] {dagbag.py:588} INFO - Filling up the DagBag from /opt/airflow/dags/dag_pipeline.py
[2025-03-18T19:39:02.178+0000] {processor.py:925} INFO - DAG(s) 'pyspark_etl_pipeline' retrieved from /opt/airflow/dags/dag_pipeline.py
[2025-03-18T19:39:02.205+0000] {logging_mixin.py:190} INFO - [2025-03-18T19:39:02.204+0000] {dag.py:3239} INFO - Sync 1 DAGs
[2025-03-18T19:39:02.225+0000] {logging_mixin.py:190} INFO - [2025-03-18T19:39:02.224+0000] {dag.py:4180} INFO - Setting next_dagrun for pyspark_etl_pipeline to None, run_after=None
[2025-03-18T19:39:02.247+0000] {processor.py:208} INFO - Processing /opt/airflow/dags/dag_pipeline.py took 0.092 seconds
[2025-03-18T19:39:33.069+0000] {processor.py:186} INFO - Started process (PID=14863) to work on /opt/airflow/dags/dag_pipeline.py
[2025-03-18T19:39:33.070+0000] {processor.py:914} INFO - Processing file /opt/airflow/dags/dag_pipeline.py for tasks to queue
[2025-03-18T19:39:33.073+0000] {logging_mixin.py:190} INFO - [2025-03-18T19:39:33.073+0000] {dagbag.py:588} INFO - Filling up the DagBag from /opt/airflow/dags/dag_pipeline.py
[2025-03-18T19:39:33.085+0000] {processor.py:925} INFO - DAG(s) 'pyspark_etl_pipeline' retrieved from /opt/airflow/dags/dag_pipeline.py
[2025-03-18T19:39:33.111+0000] {logging_mixin.py:190} INFO - [2025-03-18T19:39:33.110+0000] {dag.py:3239} INFO - Sync 1 DAGs
[2025-03-18T19:39:33.130+0000] {logging_mixin.py:190} INFO - [2025-03-18T19:39:33.130+0000] {dag.py:4180} INFO - Setting next_dagrun for pyspark_etl_pipeline to None, run_after=None
[2025-03-18T19:39:33.152+0000] {processor.py:208} INFO - Processing /opt/airflow/dags/dag_pipeline.py took 0.092 seconds
[2025-03-18T19:40:03.732+0000] {processor.py:186} INFO - Started process (PID=15159) to work on /opt/airflow/dags/dag_pipeline.py
[2025-03-18T19:40:03.733+0000] {processor.py:914} INFO - Processing file /opt/airflow/dags/dag_pipeline.py for tasks to queue
[2025-03-18T19:40:03.736+0000] {logging_mixin.py:190} INFO - [2025-03-18T19:40:03.735+0000] {dagbag.py:588} INFO - Filling up the DagBag from /opt/airflow/dags/dag_pipeline.py
[2025-03-18T19:40:03.748+0000] {processor.py:925} INFO - DAG(s) 'pyspark_etl_pipeline' retrieved from /opt/airflow/dags/dag_pipeline.py
[2025-03-18T19:40:03.773+0000] {logging_mixin.py:190} INFO - [2025-03-18T19:40:03.773+0000] {dag.py:3239} INFO - Sync 1 DAGs
[2025-03-18T19:40:03.792+0000] {logging_mixin.py:190} INFO - [2025-03-18T19:40:03.791+0000] {dag.py:4180} INFO - Setting next_dagrun for pyspark_etl_pipeline to None, run_after=None
[2025-03-18T19:40:03.815+0000] {processor.py:208} INFO - Processing /opt/airflow/dags/dag_pipeline.py took 0.091 seconds
[2025-03-18T19:40:24.978+0000] {processor.py:186} INFO - Started process (PID=15410) to work on /opt/airflow/dags/dag_pipeline.py
[2025-03-18T19:40:24.979+0000] {processor.py:914} INFO - Processing file /opt/airflow/dags/dag_pipeline.py for tasks to queue
[2025-03-18T19:40:24.989+0000] {logging_mixin.py:190} INFO - [2025-03-18T19:40:24.986+0000] {dagbag.py:588} INFO - Filling up the DagBag from /opt/airflow/dags/dag_pipeline.py
[2025-03-18T19:40:25.008+0000] {processor.py:925} INFO - DAG(s) 'pyspark_etl_pipeline' retrieved from /opt/airflow/dags/dag_pipeline.py
[2025-03-18T19:40:25.167+0000] {logging_mixin.py:190} INFO - [2025-03-18T19:40:25.167+0000] {dag.py:3239} INFO - Sync 1 DAGs
[2025-03-18T19:40:25.183+0000] {logging_mixin.py:190} INFO - [2025-03-18T19:40:25.182+0000] {dag.py:4180} INFO - Setting next_dagrun for pyspark_etl_pipeline to None, run_after=None
[2025-03-18T19:40:25.209+0000] {processor.py:208} INFO - Processing /opt/airflow/dags/dag_pipeline.py took 0.240 seconds
